+ source /root/mugen/libs/locallibs/common_lib.sh
++ python3 --version
++ '[' 0 -eq 0 ']'
++ source /root/mugen/libs/locallibs/common_lib_python.sh
+ main
++ type -t post_test
+ '[' -n function ']'
+ trap post_test EXIT INT HUP TERM
+ rpm -qa
+ grep expect
++ type -t config_params
+ '[' -n '' ']'
++ type -t pre_test
+ '[' -n function ']'
+ pre_test
+ LOG_INFO 'Start to prepare the test environment!'
+ message='Start to prepare the test environment!'
+ python3 /root/mugen/libs/locallibs/mugen_log.py --level info --message 'Start to prepare the test environment!'
Fri May  5 02:38:05 2023 - INFO  - Start to prepare the test environment!
+ DNF_INSTALL scala
+ pkgs=scala
+ node=1
+ '[' -z '' ']'
+ tmpfile=
++ python3 /root/mugen/libs/locallibs/rpm_manage.py install --pkgs scala --node 1 --tempfile ''
+ tmpfile2=/tmp/tmpd8we4p34
+ '[' -z '' ']'
+ tmpfile=/tmp/tmpd8we4p34
+ mkdir classes
+ LOG_INFO 'End to prepare the test environment!'
+ message='End to prepare the test environment!'
+ python3 /root/mugen/libs/locallibs/mugen_log.py --level info --message 'End to prepare the test environment!'
Fri May  5 02:46:29 2023 - INFO  - End to prepare the test environment!
++ type -t run_test
+ '[' -n function ']'
+ run_test
+ LOG_INFO 'Start to run test.'
+ message='Start to run test.'
+ python3 /root/mugen/libs/locallibs/mugen_log.py --level info --message 'Start to run test.'
Fri May  5 02:46:29 2023 - INFO  - Start to run test.
+ fsc -ipv4 ./common/HelloWorld.scala -d classes
Fri May  5 03:08:03 2023 - ERROR - Timeout : Command 'bash -x oe_test_scala_fsc_01.sh' timed out after 1799.9998005499997 seconds
error: 
     while compiling: /root/mugen/testcases/cli-test/scala/./common/HelloWorld.scala
        during phase: jvm
     library version: version 2.10.6
    compiler version: version 2.10.6
  reconstructed args: -ipv4 -d classes

  last tree to typer: Literal(Constant(hello world))
              symbol: null
   symbol definition: null
                 tpe: String("hello world")
       symbol owners: 
      context owners: object Hello -> package <empty>

== Enclosing template or block ==

Template( // val <local Hello>: <notype> in object Hello, tree.tpe=Hello.type
  "java.lang.Object" // parents
  ValDef(
    private
    "_"
    <tpt>
    <empty>
  )
  // 2 statements
  DefDef( // def main(args: Array[String]): Unit in object Hello
    <method>
    "main"
java.lang.AssertionError: assertion failed: Tried to find 'Hello.class' in '/root/mugen/testcases/cli-test/scala/classes' but it is not a directory
    []
    // 1 parameter list
    ValDef( // args: Array[String]
	at scala.Predef$.assert(Predef.scala:179)
      <param>
      "args"
      <tpt> // tree.tpe=Array[String]
	at scala.reflect.io.AbstractFile.fileNamed(AbstractFile.scala:245)
	at scala.tools.nsc.backend.jvm.BytecodeWriters$class.getFile(BytecodeWriters.scala:34)
	at scala.tools.nsc.backend.jvm.BytecodeWriters$class.scala$tools$nsc$backend$jvm$BytecodeWriters$$getFile(BytecodeWriters.scala:37)
	at scala.tools.nsc.backend.jvm.BytecodeWriters$ClassBytecodeWriter$class.writeClass(BytecodeWriters.scala:89)      <empty>
    )

	at scala.tools.nsc.backend.jvm.GenASM$AsmPhase$$anon$4.writeClass(GenASM.scala:67)
	at scala.tools.nsc.backend.jvm.GenASM$JBuilder.writeIfNotTooBig(GenASM.scala:459)
	at scala.tools.nsc.backend.jvm.GenASM$JMirrorBuilder.genMirrorClass(GenASM.scala:2980)    <tpt> // tree.tpe=Unit
	at scala.tools.nsc.backend.jvm.GenASM$AsmPhase.run(GenASM.scala:114)

    Apply( // def print(x: Object): Unit in object Predef, tree.tpe=Unit
	at scala.tools.nsc.Global$Run.compileUnitsInternal(Global.scala:1583)
      scala.this."Predef"."print" // def print(x: Object): Unit in object Predef, tree.tpe=(x: Object)Unit
      "hello world"
    )
  )
  DefDef( // def <init>(): Hello.type in object Hello
	at scala.tools.nsc.Global$Run.compileUnits(Global.scala:1557)
	at scala.tools.nsc.Global$Run.compileSources(Global.scala:1553)
	at scala.tools.nsc.Global$Run.compile(Global.scala:1662)
    <method>
	at scala.tools.nsc.StandardCompileServer.session(CompileServer.scala:155)
	at scala.tools.util.SocketServer$$anonfun$doSession$1$$anonfun$apply$1.apply$mcV$sp(SocketServer.scala:73)    "<init>"

	at scala.tools.util.SocketServer$$anonfun$doSession$1$$anonfun$apply$1.apply(SocketServer.scala:73)
    []
	at scala.tools.util.SocketServer$$anonfun$doSession$1$$anonfun$apply$1.apply(SocketServer.scala:73)
	at scala.util.DynamicVariable.withValue(DynamicVariable.scala:57)
    List(Nil)
    <tpt> // tree.tpe=Hello.type
    Block( // tree.tpe=Unit
      Apply( // def <init>(): Object in class Object, tree.tpe=Object
        Hello.super."<init>" // def <init>(): Object in class Object, tree.tpe=()Object
        Nil
	at scala.Console$.withOut(Console.scala:107)
	at scala.Console$.withOut(Console.scala:126)
	at scala.tools.util.SocketServer$$anonfun$doSession$1.apply(SocketServer.scala:73)
	at scala.tools.util.SocketServer$$anonfun$doSession$1.apply(SocketServer.scala:68)      )
      ()
    )
  )
)


	at scala.tools.nsc.io.Socket.applyReaderAndWriter(Socket.scala:59)
	at scala.tools.util.SocketServer.doSession(SocketServer.scala:68)
	at scala.tools.util.SocketServer.loop$1(SocketServer.scala:84)
	at scala.tools.util.SocketServer.run(SocketServer.scala:96)
	at scala.tools.nsc.CompileServer$$anonfun$execute$2$$anonfun$apply$mcZ$sp$1.apply$mcZ$sp(CompileServer.scala:220)
	at scala.tools.nsc.CompileServer$$anonfun$execute$2$$anonfun$apply$mcZ$sp$1.apply(CompileServer.scala:215)
	at scala.tools.nsc.CompileServer$$anonfun$execute$2$$anonfun$apply$mcZ$sp$1.apply(CompileServer.scala:215)
	at scala.util.DynamicVariable.withValue(DynamicVariable.scala:57)
	at scala.Console$.withOut(Console.scala:107)
	at scala.tools.nsc.CompileServer$$anonfun$execute$2.apply$mcZ$sp(CompileServer.scala:215)
	at scala.tools.nsc.CompileServer$$anonfun$execute$2.apply(CompileServer.scala:215)
	at scala.tools.nsc.CompileServer$$anonfun$execute$2.apply(CompileServer.scala:215)
	at scala.util.DynamicVariable.withValue(DynamicVariable.scala:57)
	at scala.Console$.withErr(Console.scala:148)
== Expanded type of tree ==

	at scala.tools.nsc.CompileServer$.execute(CompileServer.scala:214)
	at scala.tools.nsc.CompileServer$.main(CompileServer.scala:183)
ConstantType(value = Constant(hello world))

	at scala.tools.nsc.CompileServer.main(CompileServer.scala)
	at sun.reflect.NativeMethodAccessorImpl.invoke0(Native Method)
	at sun.reflect.NativeMethodAccessorImpl.invoke(NativeMethodAccessorImpl.java:62)uncaught exception during compilation: java.lang.AssertionError

	at sun.reflect.DelegatingMethodAccessorImpl.invoke(DelegatingMethodAccessorImpl.java:43)
	at java.lang.reflect.Method.invoke(Method.java:498)
	at scala.tools.nsc.util.ScalaClassLoader$$anonfun$run$1.apply(ScalaClassLoader.scala:72)
	at scala.tools.nsc.util.ScalaClassLoader$class.asContext(ScalaClassLoader.scala:32)
	at scala.tools.nsc.util.ScalaClassLoader$URLClassLoader.asContext(ScalaClassLoader.scala:140)
	at scala.tools.nsc.util.ScalaClassLoader$class.run(ScalaClassLoader.scala:72)
	at scala.tools.nsc.util.ScalaClassLoader$URLClassLoader.run(ScalaClassLoader.scala:140)
	at scala.tools.nsc.CommonRunner$class.run(ObjectRunner.scala:28)
	at scala.tools.nsc.ObjectRunner$.run(ObjectRunner.scala:45)
	at scala.tools.nsc.CommonRunner$class.runAndCatch(ObjectRunner.scala:35)
	at scala.tools.nsc.ObjectRunner$.runAndCatch(ObjectRunner.scala:45)
	at scala.tools.nsc.MainGenericRunner.runTarget$1(MainGenericRunner.scala:74)
++ post_test
++ LOG_INFO 'Start to restore the test environment.'
++ message='Start to restore the test environment.'
++ python3 /root/mugen/libs/locallibs/mugen_log.py --level info --message 'Start to restore the test environment.'
Fri May  5 08:11:49 2023 - INFO  - Start to restore the test environment.
++ rm -rf classes 'Hello*' 'index*' 'package*'
++ DNF_REMOVE
++ node=1
++ pkg_list=
++ mode=0
++ [[ -z /tmp/tmpd8we4p34 ]]
++ '[' 0 -ne 0 ']'
++ '[' 1 == 0 ']'
++ python3 /root/mugen/libs/locallibs/rpm_manage.py remove --node 1 --pkgs '' --tempfile /tmp/tmpd8we4p34
++ '[' 0 -ne 0 ']'
++ LOG_INFO 'End to restore the test environment.'
++ message='End to restore the test environment.'
++ python3 /root/mugen/libs/locallibs/mugen_log.py --level info --message 'End to restore the test environment.'
Fri May  5 08:13:05 2023 - INFO  - End to restore the test environment.
+ awk '{print $2}'
+ ps -ef
+ grep -v grep
+ grep 'Dscala.usejavacp=true scala.tools.nsc.MainGenericRunner -Djava.net.preferIPv4Stack=true scala.tools.nsc.CompileServer'
+ CHECK_RESULT 0 0 0 'Check fsc -ipv4 failed'
+ actual_result=0
+ expect_result=0
+ mode=0
+ error_log='Check fsc -ipv4 failed'
+ exit_mode=0
+ '[' -z 0 ']'
+ '[' 0 -eq 0 ']'
+ test 0x '!=' 0x
+ return 0
+ fsc -max-idle 10 ./common/HelloWorld.scala -d classes
+ grep 'Setting idle timeout to'
+ CHECK_RESULT 1 0 0 'Check test -max-idle failed'
+ actual_result=1
+ expect_result=0
+ mode=0
+ error_log='Check test -max-idle failed'
+ exit_mode=0
+ '[' -z 1 ']'
+ '[' 0 -eq 0 ']'
+ test 1x '!=' 0x
+ test -n 'Check test -max-idle failed'
+ LOG_ERROR 'Check test -max-idle failed'
+ message='Check test -max-idle failed'
+ python3 /root/mugen/libs/locallibs/mugen_log.py --level error --message 'Check test -max-idle failed'
Fri May  5 08:13:06 2023 - ERROR - Check test -max-idle failed
+ (( exec_result++ ))
+ LOG_ERROR 'oe_test_scala_fsc_01.sh line 34'
+ message='oe_test_scala_fsc_01.sh line 34'
+ python3 /root/mugen/libs/locallibs/mugen_log.py --level error --message 'oe_test_scala_fsc_01.sh line 34'
Fri May  5 08:13:07 2023 - ERROR - oe_test_scala_fsc_01.sh line 34
+ '[' 0 -eq 1 ']'
+ return 0
+ fsc -port 10 ./common/HelloWorld.scala
oe_test_scala_fsc_01.sh: line 35: /usr/bin/fsc: No such file or directory
+ CHECK_RESULT 127 0 0 'Check test -port failed'
+ actual_result=127
+ expect_result=0
+ mode=0
+ error_log='Check test -port failed'
+ exit_mode=0
+ '[' -z 127 ']'
+ '[' 0 -eq 0 ']'
+ test 127x '!=' 0x
+ test -n 'Check test -port failed'
+ LOG_ERROR 'Check test -port failed'
+ message='Check test -port failed'
+ python3 /root/mugen/libs/locallibs/mugen_log.py --level error --message 'Check test -port failed'
Fri May  5 08:13:07 2023 - ERROR - Check test -port failed
+ (( exec_result++ ))
+ LOG_ERROR 'oe_test_scala_fsc_01.sh line 36'
+ message='oe_test_scala_fsc_01.sh line 36'
+ python3 /root/mugen/libs/locallibs/mugen_log.py --level error --message 'oe_test_scala_fsc_01.sh line 36'
Fri May  5 08:13:08 2023 - ERROR - oe_test_scala_fsc_01.sh line 36
+ '[' 0 -eq 1 ']'
+ return 0
+ grep 'Compile server was reset'
+ fsc -reset ./common/HelloWorld.scala -d classes
oe_test_scala_fsc_01.sh: line 37: /usr/bin/fsc: No such file or directory
+ CHECK_RESULT 1 0 0 'Check test -reset failed'
+ actual_result=1
+ expect_result=0
+ mode=0
+ error_log='Check test -reset failed'
+ exit_mode=0
+ '[' -z 1 ']'
+ '[' 0 -eq 0 ']'
+ test 1x '!=' 0x
+ test -n 'Check test -reset failed'
+ LOG_ERROR 'Check test -reset failed'
+ message='Check test -reset failed'
+ python3 /root/mugen/libs/locallibs/mugen_log.py --level error --message 'Check test -reset failed'
Fri May  5 08:13:09 2023 - ERROR - Check test -reset failed
+ (( exec_result++ ))
+ LOG_ERROR 'oe_test_scala_fsc_01.sh line 38'
+ message='oe_test_scala_fsc_01.sh line 38'
+ python3 /root/mugen/libs/locallibs/mugen_log.py --level error --message 'oe_test_scala_fsc_01.sh line 38'
Fri May  5 08:13:09 2023 - ERROR - oe_test_scala_fsc_01.sh line 38
+ '[' 0 -eq 1 ']'
+ return 0
+ fsc -port 8888 -max-idle 0 -ipv4 common/HelloWorld.scala
oe_test_scala_fsc_01.sh: line 39: /usr/bin/fsc: No such file or directory
+ CHECK_RESULT 127 0 0 'Check test -port failed'
+ actual_result=127
+ expect_result=0
+ mode=0
+ error_log='Check test -port failed'
+ exit_mode=0
+ '[' -z 127 ']'
+ '[' 0 -eq 0 ']'
+ test 127x '!=' 0x
+ test -n 'Check test -port failed'
+ LOG_ERROR 'Check test -port failed'
+ message='Check test -port failed'
+ python3 /root/mugen/libs/locallibs/mugen_log.py --level error --message 'Check test -port failed'
Fri May  5 08:13:09 2023 - ERROR - Check test -port failed
+ (( exec_result++ ))
+ LOG_ERROR 'oe_test_scala_fsc_01.sh line 40'
+ message='oe_test_scala_fsc_01.sh line 40'
+ python3 /root/mugen/libs/locallibs/mugen_log.py --level error --message 'oe_test_scala_fsc_01.sh line 40'
Fri May  5 08:13:10 2023 - ERROR - oe_test_scala_fsc_01.sh line 40
+ '[' 0 -eq 1 ']'
+ return 0
+ fsc -server 127.0.0.1:8888 common/HelloWorld.scala
oe_test_scala_fsc_01.sh: line 41: /usr/bin/fsc: No such file or directory
+ CHECK_RESULT 127 0 0 'Check test -reset failed'
+ actual_result=127
+ expect_result=0
+ mode=0
+ error_log='Check test -reset failed'
+ exit_mode=0
+ '[' -z 127 ']'
+ '[' 0 -eq 0 ']'
+ test 127x '!=' 0x
+ test -n 'Check test -reset failed'
+ LOG_ERROR 'Check test -reset failed'
+ message='Check test -reset failed'
+ python3 /root/mugen/libs/locallibs/mugen_log.py --level error --message 'Check test -reset failed'
Fri May  5 08:13:10 2023 - ERROR - Check test -reset failed
+ (( exec_result++ ))
+ LOG_ERROR 'oe_test_scala_fsc_01.sh line 42'
+ message='oe_test_scala_fsc_01.sh line 42'
+ python3 /root/mugen/libs/locallibs/mugen_log.py --level error --message 'oe_test_scala_fsc_01.sh line 42'
Fri May  5 08:13:11 2023 - ERROR - oe_test_scala_fsc_01.sh line 42
+ '[' 0 -eq 1 ']'
+ return 0
+ fsc -Dproperty=10 ./common/HelloWorld.scala -d classes
oe_test_scala_fsc_01.sh: line 43: /usr/bin/fsc: No such file or directory
+ CHECK_RESULT 127 0 0 'Check test -Dproperty failed'
+ actual_result=127
+ expect_result=0
+ mode=0
+ error_log='Check test -Dproperty failed'
+ exit_mode=0
+ '[' -z 127 ']'
+ '[' 0 -eq 0 ']'
+ test 127x '!=' 0x
+ test -n 'Check test -Dproperty failed'
+ LOG_ERROR 'Check test -Dproperty failed'
+ message='Check test -Dproperty failed'
+ python3 /root/mugen/libs/locallibs/mugen_log.py --level error --message 'Check test -Dproperty failed'
Fri May  5 08:13:11 2023 - ERROR - Check test -Dproperty failed
+ (( exec_result++ ))
+ LOG_ERROR 'oe_test_scala_fsc_01.sh line 44'
+ message='oe_test_scala_fsc_01.sh line 44'
+ python3 /root/mugen/libs/locallibs/mugen_log.py --level error --message 'oe_test_scala_fsc_01.sh line 44'
Fri May  5 08:13:11 2023 - ERROR - oe_test_scala_fsc_01.sh line 44
+ '[' 0 -eq 1 ']'
+ return 0
+ rm -rf ./classes/Hello.class
+ CHECK_RESULT 0 0 0 'Delete test file failed'
+ actual_result=0
+ expect_result=0
+ mode=0
+ error_log='Delete test file failed'
+ exit_mode=0
+ '[' -z 0 ']'
+ '[' 0 -eq 0 ']'
+ test 0x '!=' 0x
+ return 0
+ grep 'Usage: fsc '
+ fsc -X ./common/HelloWorld.scala
+ CHECK_RESULT 1 0 0 'Check fsc -X failed'
+ actual_result=1
+ expect_result=0
+ mode=0
+ error_log='Check fsc -X failed'
+ exit_mode=0
+ '[' -z 1 ']'
+ '[' 0 -eq 0 ']'
+ test 1x '!=' 0x
+ test -n 'Check fsc -X failed'
+ LOG_ERROR 'Check fsc -X failed'
+ message='Check fsc -X failed'
+ python3 /root/mugen/libs/locallibs/mugen_log.py --level error --message 'Check fsc -X failed'
Fri May  5 08:13:12 2023 - ERROR - Check fsc -X failed
+ (( exec_result++ ))
+ LOG_ERROR 'oe_test_scala_fsc_01.sh line 48'
+ message='oe_test_scala_fsc_01.sh line 48'
+ python3 /root/mugen/libs/locallibs/mugen_log.py --level error --message 'oe_test_scala_fsc_01.sh line 48'
Fri May  5 08:13:12 2023 - ERROR - oe_test_scala_fsc_01.sh line 48
+ '[' 0 -eq 1 ']'
+ return 0
+ fsc -bootclasspath ./ ./common/HelloWorld.scala -d classes
oe_test_scala_fsc_01.sh: line 49: /usr/bin/fsc: No such file or directory
+ CHECK_RESULT 127 0 0 'Check fsc -bootclasspath failed'
+ actual_result=127
+ expect_result=0
+ mode=0
+ error_log='Check fsc -bootclasspath failed'
+ exit_mode=0
+ '[' -z 127 ']'
+ '[' 0 -eq 0 ']'
+ test 127x '!=' 0x
+ test -n 'Check fsc -bootclasspath failed'
+ LOG_ERROR 'Check fsc -bootclasspath failed'
+ message='Check fsc -bootclasspath failed'
+ python3 /root/mugen/libs/locallibs/mugen_log.py --level error --message 'Check fsc -bootclasspath failed'
Fri May  5 08:13:13 2023 - ERROR - Check fsc -bootclasspath failed
+ (( exec_result++ ))
+ LOG_ERROR 'oe_test_scala_fsc_01.sh line 50'
+ message='oe_test_scala_fsc_01.sh line 50'
+ python3 /root/mugen/libs/locallibs/mugen_log.py --level error --message 'oe_test_scala_fsc_01.sh line 50'
Fri May  5 08:13:13 2023 - ERROR - oe_test_scala_fsc_01.sh line 50
+ '[' 0 -eq 1 ']'
+ return 0
+ rm -rf ./classes/Hello.class
+ CHECK_RESULT 0 0 0 'Delete test file failed'
+ actual_result=0
+ expect_result=0
+ mode=0
+ error_log='Delete test file failed'
+ exit_mode=0
+ '[' -z 0 ']'
+ '[' 0 -eq 0 ']'
+ test 0x '!=' 0x
+ return 0
+ fsc -classpath ./ ./common/HelloWorld.scala -d classes
oe_test_scala_fsc_01.sh: line 53: /usr/bin/fsc: No such file or directory
+ CHECK_RESULT 127 0 0 'Check fsc -classpath failed'
+ actual_result=127
+ expect_result=0
+ mode=0
+ error_log='Check fsc -classpath failed'
+ exit_mode=0
+ '[' -z 127 ']'
+ '[' 0 -eq 0 ']'
+ test 127x '!=' 0x
+ test -n 'Check fsc -classpath failed'
+ LOG_ERROR 'Check fsc -classpath failed'
+ message='Check fsc -classpath failed'
+ python3 /root/mugen/libs/locallibs/mugen_log.py --level error --message 'Check fsc -classpath failed'
Fri May  5 08:13:13 2023 - ERROR - Check fsc -classpath failed
+ (( exec_result++ ))
+ LOG_ERROR 'oe_test_scala_fsc_01.sh line 54'
+ message='oe_test_scala_fsc_01.sh line 54'
+ python3 /root/mugen/libs/locallibs/mugen_log.py --level error --message 'oe_test_scala_fsc_01.sh line 54'
Fri May  5 08:13:13 2023 - ERROR - oe_test_scala_fsc_01.sh line 54
+ '[' 0 -eq 1 ']'
+ return 0
+ rm -rf ./classes/Hello.class
+ CHECK_RESULT 0 0 0 'Delete test file failed'
+ actual_result=0
+ expect_result=0
+ mode=0
+ error_log='Delete test file failed'
+ exit_mode=0
+ '[' -z 0 ']'
+ '[' 0 -eq 0 ']'
+ test 0x '!=' 0x
+ return 0
+ fsc -d ./ ./common/HelloWorld.scala -d classes
oe_test_scala_fsc_01.sh: line 57: /usr/bin/fsc: No such file or directory
+ CHECK_RESULT 127 0 0 'Check fsc -d failed'
+ actual_result=127
+ expect_result=0
+ mode=0
+ error_log='Check fsc -d failed'
+ exit_mode=0
+ '[' -z 127 ']'
+ '[' 0 -eq 0 ']'
+ test 127x '!=' 0x
+ test -n 'Check fsc -d failed'
+ LOG_ERROR 'Check fsc -d failed'
+ message='Check fsc -d failed'
+ python3 /root/mugen/libs/locallibs/mugen_log.py --level error --message 'Check fsc -d failed'
Fri May  5 08:13:14 2023 - ERROR - Check fsc -d failed
+ (( exec_result++ ))
+ LOG_ERROR 'oe_test_scala_fsc_01.sh line 58'
+ message='oe_test_scala_fsc_01.sh line 58'
+ python3 /root/mugen/libs/locallibs/mugen_log.py --level error --message 'oe_test_scala_fsc_01.sh line 58'
Fri May  5 08:13:14 2023 - ERROR - oe_test_scala_fsc_01.sh line 58
+ '[' 0 -eq 1 ']'
+ return 0
+ rm -rf './classes/Hello*'
+ CHECK_RESULT 0 0 0 'Delete test file failed'
+ actual_result=0
+ expect_result=0
+ mode=0
+ error_log='Delete test file failed'
+ exit_mode=0
+ '[' -z 0 ']'
+ '[' 0 -eq 0 ']'
+ test 0x '!=' 0x
+ return 0
+ grep 'Compile server exited'
+ fsc -shutdown ./common/HelloWorld.scala
oe_test_scala_fsc_01.sh: line 61: /usr/bin/fsc: No such file or directory
+ CHECK_RESULT 1 0 0 'Check fsc -shutdown failed'
+ actual_result=1
+ expect_result=0
+ mode=0
+ error_log='Check fsc -shutdown failed'
+ exit_mode=0
+ '[' -z 1 ']'
+ '[' 0 -eq 0 ']'
+ test 1x '!=' 0x
+ test -n 'Check fsc -shutdown failed'
+ LOG_ERROR 'Check fsc -shutdown failed'
+ message='Check fsc -shutdown failed'
+ python3 /root/mugen/libs/locallibs/mugen_log.py --level error --message 'Check fsc -shutdown failed'
Fri May  5 08:13:14 2023 - ERROR - Check fsc -shutdown failed
+ (( exec_result++ ))
+ LOG_ERROR 'oe_test_scala_fsc_01.sh line 62'
+ message='oe_test_scala_fsc_01.sh line 62'
+ python3 /root/mugen/libs/locallibs/mugen_log.py --level error --message 'oe_test_scala_fsc_01.sh line 62'
Fri May  5 08:13:15 2023 - ERROR - oe_test_scala_fsc_01.sh line 62
+ '[' 0 -eq 1 ']'
+ return 0
+ LOG_INFO 'End to run test.'
+ message='End to run test.'
+ python3 /root/mugen/libs/locallibs/mugen_log.py --level info --message 'End to run test.'
Fri May  5 08:13:15 2023 - INFO  - End to run test.
+ CASE_RESULT 0
+ case_re=0
+ test -z 11
+ test 11 -gt 0
+ LOG_ERROR 'failed to execute the case.'
+ message='failed to execute the case.'
+ python3 /root/mugen/libs/locallibs/mugen_log.py --level error --message 'failed to execute the case.'
Fri May  5 08:13:15 2023 - ERROR - failed to execute the case.
+ exit 11
+ post_test
+ LOG_INFO 'Start to restore the test environment.'
+ message='Start to restore the test environment.'
+ python3 /root/mugen/libs/locallibs/mugen_log.py --level info --message 'Start to restore the test environment.'
Fri May  5 08:13:15 2023 - INFO  - Start to restore the test environment.
+ rm -rf classes 'Hello*' 'index*' 'package*'
+ DNF_REMOVE
+ node=1
+ pkg_list=
+ mode=0
+ [[ -z /tmp/tmpd8we4p34 ]]
+ '[' 0 -ne 0 ']'
+ '[' 1 == 0 ']'
+ python3 /root/mugen/libs/locallibs/rpm_manage.py remove --node 1 --pkgs '' --tempfile /tmp/tmpd8we4p34
+ '[' 0 -ne 0 ']'
+ LOG_INFO 'End to restore the test environment.'
+ message='End to restore the test environment.'
+ python3 /root/mugen/libs/locallibs/mugen_log.py --level info --message 'End to restore the test environment.'
Fri May  5 08:13:20 2023 - INFO  - End to restore the test environment.
