+ source common/common.sh
++ source /root/mugen-riscv/libs/locallibs/common_lib.sh
+++ python3 --version
+++ '[' 0 -eq 0 ']'
+++ source /root/mugen-riscv/libs/locallibs/common_lib_python.sh
+ main
++ type -t post_test
+ '[' -n function ']'
+ trap post_test EXIT INT HUP TERM
+ rpm -qa
+ grep expect
++ type -t config_params
+ '[' -n function ']'
+ config_params
+ LOG_INFO 'Start to config params of the case.'
+ message='Start to config params of the case.'
+ python3 /root/mugen-riscv/libs/locallibs/mugen_log.py --level info --message 'Start to config params of the case.'
Wed Jun  7 12:49:57 2023 - INFO  - Start to config params of the case.
+ common_config_params
+ TMP_DIR=./tmp
+ TMP_PATH_O1=/O1
+ TMP_PATH_O2=/O2
++ mktemp -d -t dblatex.XXXXXXXXXXXX
+ TMP_PATH=/tmp/dblatex.nUx5XSOYp1EJ
+ LOG_INFO 'End to config params of the case.'
+ message='End to config params of the case.'
+ python3 /root/mugen-riscv/libs/locallibs/mugen_log.py --level info --message 'End to config params of the case.'
Wed Jun  7 12:49:58 2023 - INFO  - End to config params of the case.
++ type -t pre_test
+ '[' -n function ']'
+ pre_test
+ LOG_INFO 'Start to prepare the test environment.'
+ message='Start to prepare the test environment.'
+ python3 /root/mugen-riscv/libs/locallibs/mugen_log.py --level info --message 'Start to prepare the test environment.'
Wed Jun  7 12:50:00 2023 - INFO  - Start to prepare the test environment.
+ common_pre
+ DNF_INSTALL 'dblatex opensp dejavu-fonts'
+ pkgs='dblatex opensp dejavu-fonts'
+ node=1
+ '[' -z '' ']'
+ tmpfile=
++ python3 /root/mugen-riscv/libs/locallibs/rpm_manage.py install --pkgs 'dblatex opensp dejavu-fonts' --node 1 --tempfile ''
Wed Jun  7 12:50:16 2023 - INFO  - pkgs:(dblatex opensp dejavu-fonts) is already installed
+ tmpfile2=
+ '[' -z '' ']'
+ tmpfile=
+ mkdir -p ./tmp /O1 /O2
+ ln -s /usr/bin/python3 /usr/bin/python
ln: failed to create symbolic link '/usr/bin/python': File exists
++ rpm -ql dblatex
++ grep bibtex.py
+ sed -i 's#string.join(self.bib_path +#":".join(self.bib_path +#g' /usr/lib/python3.10/site-packages/dbtexmf/dblatex/grubber/bibtex.py
++ rpm -ql dblatex
++ grep bibtex.py
+ sed -i 's#\[os.getenv("BIBINPUTS", "")\], ":")#\[os.getenv("BIBINPUTS", "")\])#g' /usr/lib/python3.10/site-packages/dbtexmf/dblatex/grubber/bibtex.py
++ rpm -ql dblatex
++ grep bibtex.py
+ sed -i 's#string.join(self.bst_path +#":".join(self.bst_path +#g' /usr/lib/python3.10/site-packages/dbtexmf/dblatex/grubber/bibtex.py
++ rpm -ql dblatex
++ grep bibtex.py
+ sed -i 's#\[os.getenv("BSTINPUTS", "")\], ":")#\[os.getenv("BSTINPUTS", "")\])#g' /usr/lib/python3.10/site-packages/dbtexmf/dblatex/grubber/bibtex.py
++ rpm -ql dblatex
++ grep bibtex.py
+ sed -i 's#list.sort()#sorted(list)#g' /usr/lib/python3.10/site-packages/dbtexmf/dblatex/grubber/bibtex.py
++ rpm -ql texlive-base
++ grep texmf-dist/web2c
+ sed -i 's#openout_any = p#openout_any = a#g' /usr/share/texlive/texmf-dist/web2c/texmf.cnf
++ rpm -ql dblatex
++ grep bibtex.py
+ sed -i '271s#self.doc.must_compile = 1#self.doc.must_compile = 0#g' /usr/lib/python3.10/site-packages/dbtexmf/dblatex/grubber/bibtex.py
+ LOG_INFO 'End to prepare the test environment.'
+ message='End to prepare the test environment.'
+ python3 /root/mugen-riscv/libs/locallibs/mugen_log.py --level info --message 'End to prepare the test environment.'
Wed Jun  7 12:50:23 2023 - INFO  - End to prepare the test environment.
++ type -t run_test
+ '[' -n function ']'
+ run_test
+ LOG_INFO 'Start to run test.'
+ message='Start to run test.'
+ python3 /root/mugen-riscv/libs/locallibs/mugen_log.py --level info --message 'Start to run test.'
Wed Jun  7 12:50:24 2023 - INFO  - Start to run test.
+ dblatex -o ./tmp/test1.pdf -c common/test-1/test.config.xml common/test-1/test.xml
+ grep 'successfully built'
'test1.pdf' successfully built
+ CHECK_RESULT 0 0 0 'option: -c error'
+ actual_result=0
+ expect_result=0
+ mode=0
+ error_log='option: -c error'
+ '[' -z 0 ']'
+ '[' 0 -eq 0 ']'
+ test 0x '!=' 0x
+ return 0
+ dblatex -o ./tmp/test2.pdf -S common/test-1/test.config.xml common/test-1/test.xml
+ grep 'successfully built'
'test2.pdf' successfully built
+ CHECK_RESULT 0 0 0 'option: -S error'
+ actual_result=0
+ expect_result=0
+ mode=0
+ error_log='option: -S error'
+ '[' -z 0 ']'
+ '[' 0 -eq 0 ']'
+ test 0x '!=' 0x
+ return 0
+ grep 'successfully built'
+ dblatex -o ./tmp/test3.pdf --config=common/test-1/test.config.xml common/test-1/test.xml
'test3.pdf' successfully built
+ CHECK_RESULT 0 0 0 'option: --config error'
+ actual_result=0
+ expect_result=0
+ mode=0
+ error_log='option: --config error'
+ '[' -z 0 ']'
+ '[' 0 -eq 0 ']'
+ test 0x '!=' 0x
+ return 0
+ dblatex -o ./tmp/test4.pdf -C common/test-1/test.config.xml common/test-1/test.xml
+ grep 'successfully built'
+ CHECK_RESULT 1 0 0 'option: -C error'
+ actual_result=1
+ expect_result=0
+ mode=0
+ error_log='option: -C error'
+ '[' -z 1 ']'
+ '[' 0 -eq 0 ']'
+ test 1x '!=' 0x
+ test -n 'option: -C error'
+ LOG_ERROR 'option: -C error'
+ message='option: -C error'
+ python3 /root/mugen-riscv/libs/locallibs/mugen_log.py --level error --message 'option: -C error'
Wed Jun  7 12:54:34 2023 - ERROR - option: -C error
+ (( exec_result++ ))
+ LOG_ERROR 'oe_test_dblatex_dblatex_02.sh line 48'
+ message='oe_test_dblatex_dblatex_02.sh line 48'
+ python3 /root/mugen-riscv/libs/locallibs/mugen_log.py --level error --message 'oe_test_dblatex_dblatex_02.sh line 48'
Wed Jun  7 12:54:37 2023 - ERROR - oe_test_dblatex_dblatex_02.sh line 48
+ return 0
+ dblatex -o ./tmp/test5.pdf --changedir=common/test-1/test.config.xml common/test-1/test.xml
+ grep 'successfully built'
+ CHECK_RESULT 1 0 0 'option: --changedir error'
+ actual_result=1
+ expect_result=0
+ mode=0
+ error_log='option: --changedir error'
+ '[' -z 1 ']'
+ '[' 0 -eq 0 ']'
+ test 1x '!=' 0x
+ test -n 'option: --changedir error'
+ LOG_ERROR 'option: --changedir error'
+ message='option: --changedir error'
+ python3 /root/mugen-riscv/libs/locallibs/mugen_log.py --level error --message 'option: --changedir error'
Wed Jun  7 12:55:28 2023 - ERROR - option: --changedir error
+ (( exec_result++ ))
+ LOG_ERROR 'oe_test_dblatex_dblatex_02.sh line 50'
+ message='oe_test_dblatex_dblatex_02.sh line 50'
+ python3 /root/mugen-riscv/libs/locallibs/mugen_log.py --level error --message 'oe_test_dblatex_dblatex_02.sh line 50'
Wed Jun  7 12:55:30 2023 - ERROR - oe_test_dblatex_dblatex_02.sh line 50
+ return 0
+ dblatex -o ./tmp/test6.pdf -d common/test-1/test.xml
+ grep 'successfully built'
+ CHECK_RESULT 1 0 0 'option: -d error'
+ actual_result=1
+ expect_result=0
+ mode=0
+ error_log='option: -d error'
+ '[' -z 1 ']'
+ '[' 0 -eq 0 ']'
+ test 1x '!=' 0x
+ test -n 'option: -d error'
+ LOG_ERROR 'option: -d error'
+ message='option: -d error'
+ python3 /root/mugen-riscv/libs/locallibs/mugen_log.py --level error --message 'option: -d error'
Wed Jun  7 12:56:19 2023 - ERROR - option: -d error
+ (( exec_result++ ))
+ LOG_ERROR 'oe_test_dblatex_dblatex_02.sh line 53'
+ message='oe_test_dblatex_dblatex_02.sh line 53'
+ python3 /root/mugen-riscv/libs/locallibs/mugen_log.py --level error --message 'oe_test_dblatex_dblatex_02.sh line 53'
Wed Jun  7 12:56:21 2023 - ERROR - oe_test_dblatex_dblatex_02.sh line 53
+ return 0
+ dblatex -o ./tmp/test7.pdf --debug common/test-1/test.xml
+ grep 'successfully built'
+ CHECK_RESULT 1 0 0 'option: --debug error'
+ actual_result=1
+ expect_result=0
+ mode=0
+ error_log='option: --debug error'
+ '[' -z 1 ']'
+ '[' 0 -eq 0 ']'
+ test 1x '!=' 0x
+ test -n 'option: --debug error'
+ LOG_ERROR 'option: --debug error'
+ message='option: --debug error'
+ python3 /root/mugen-riscv/libs/locallibs/mugen_log.py --level error --message 'option: --debug error'
Wed Jun  7 12:57:11 2023 - ERROR - option: --debug error
+ (( exec_result++ ))
+ LOG_ERROR 'oe_test_dblatex_dblatex_02.sh line 55'
+ message='oe_test_dblatex_dblatex_02.sh line 55'
+ python3 /root/mugen-riscv/libs/locallibs/mugen_log.py --level error --message 'oe_test_dblatex_dblatex_02.sh line 55'
Wed Jun  7 12:57:13 2023 - ERROR - oe_test_dblatex_dblatex_02.sh line 55
+ return 0
+ dblatex -o ./tmp/test8.pdf -D /test-1/test2.xml
+ grep 'most recent call last'
Traceback (most recent call last):
Traceback (most recent call last):
+ CHECK_RESULT 0 0 0 'option: -D error'
+ actual_result=0
+ expect_result=0
+ mode=0
+ error_log='option: -D error'
+ '[' -z 0 ']'
+ '[' 0 -eq 0 ']'
+ test 0x '!=' 0x
+ return 0
+ dblatex -o ./tmp/test9.pdf --dump /test-1/test2.xml
+ grep 'most recent call last'
Traceback (most recent call last):
Traceback (most recent call last):
+ CHECK_RESULT 0 0 0 'option: --dump error'
+ actual_result=0
+ expect_result=0
+ mode=0
+ error_log='option: --dump error'
+ '[' -z 0 ']'
+ '[' 0 -eq 0 ']'
+ test 0x '!=' 0x
+ return 0
+ dblatex -o ./tmp/test10.pdf -e common/test-1/doc.ist common/test-1/test.xml
+ grep 'successfully built'
+ CHECK_RESULT 1 0 0 'option: -e error'
+ actual_result=1
+ expect_result=0
+ mode=0
+ error_log='option: -e error'
+ '[' -z 1 ']'
+ '[' 0 -eq 0 ']'
+ test 1x '!=' 0x
+ test -n 'option: -e error'
+ LOG_ERROR 'option: -e error'
+ message='option: -e error'
+ python3 /root/mugen-riscv/libs/locallibs/mugen_log.py --level error --message 'option: -e error'
Wed Jun  7 12:58:19 2023 - ERROR - option: -e error
+ (( exec_result++ ))
+ LOG_ERROR 'oe_test_dblatex_dblatex_02.sh line 63'
+ message='oe_test_dblatex_dblatex_02.sh line 63'
+ python3 /root/mugen-riscv/libs/locallibs/mugen_log.py --level error --message 'oe_test_dblatex_dblatex_02.sh line 63'
Wed Jun  7 12:58:20 2023 - ERROR - oe_test_dblatex_dblatex_02.sh line 63
+ return 0
+ dblatex -o ./tmp/test11.pdf --indexstyle=common/test-1/doc.ist common/test-1/test.xml
+ grep 'successfully built'
+ CHECK_RESULT 1 0 0 'option: --indexstyle error'
+ actual_result=1
+ expect_result=0
+ mode=0
+ error_log='option: --indexstyle error'
+ '[' -z 1 ']'
+ '[' 0 -eq 0 ']'
+ test 1x '!=' 0x
+ test -n 'option: --indexstyle error'
+ LOG_ERROR 'option: --indexstyle error'
+ message='option: --indexstyle error'
+ python3 /root/mugen-riscv/libs/locallibs/mugen_log.py --level error --message 'option: --indexstyle error'
Wed Jun  7 12:59:11 2023 - ERROR - option: --indexstyle error
+ (( exec_result++ ))
+ LOG_ERROR 'oe_test_dblatex_dblatex_02.sh line 65'
+ message='oe_test_dblatex_dblatex_02.sh line 65'
+ python3 /root/mugen-riscv/libs/locallibs/mugen_log.py --level error --message 'oe_test_dblatex_dblatex_02.sh line 65'
Wed Jun  7 12:59:13 2023 - ERROR - oe_test_dblatex_dblatex_02.sh line 65
+ return 0
+ LOG_INFO 'End to run test.'
+ message='End to run test.'
+ python3 /root/mugen-riscv/libs/locallibs/mugen_log.py --level info --message 'End to run test.'
Wed Jun  7 12:59:14 2023 - INFO  - End to run test.
+ CASE_RESULT 0
+ case_re=0
+ test -z 6
+ test 6 -gt 0
+ LOG_ERROR 'failed to execute the case.'
+ message='failed to execute the case.'
+ python3 /root/mugen-riscv/libs/locallibs/mugen_log.py --level error --message 'failed to execute the case.'
Wed Jun  7 12:59:16 2023 - ERROR - failed to execute the case.
+ exit 6
+ post_test
+ LOG_INFO 'Start to restore the test environment.'
+ message='Start to restore the test environment.'
+ python3 /root/mugen-riscv/libs/locallibs/mugen_log.py --level info --message 'Start to restore the test environment.'
Wed Jun  7 12:59:18 2023 - INFO  - Start to restore the test environment.
+ common_post
++ rpm -ql dblatex
++ grep bibtex.py
+ sed -i 's#":".join(self.bib_path +#string.join(self.bib_path +#g' /usr/lib/python3.10/site-packages/dbtexmf/dblatex/grubber/bibtex.py
++ rpm -ql dblatex
++ grep bibtex.py
+ sed -i 's#\[os.getenv("BIBINPUTS", "")\])#\[os.getenv("BIBINPUTS", "")\], ":")#g' /usr/lib/python3.10/site-packages/dbtexmf/dblatex/grubber/bibtex.py
++ rpm -ql dblatex
++ grep bibtex.py
+ sed -i 's#":".join(self.bst_path +#string.join(self.bst_path +#g' /usr/lib/python3.10/site-packages/dbtexmf/dblatex/grubber/bibtex.py
++ rpm -ql dblatex
++ grep bibtex.py
+ sed -i 's#\[os.getenv("BSTINPUTS", "")\])#\[os.getenv("BSTINPUTS", "")\], ":")#g' /usr/lib/python3.10/site-packages/dbtexmf/dblatex/grubber/bibtex.py
++ rpm -ql dblatex
++ grep bibtex.py
+ sed -i 's#sorted(list)#list.sort()#g' /usr/lib/python3.10/site-packages/dbtexmf/dblatex/grubber/bibtex.py
++ rpm -ql texlive-base
++ grep texmf-dist/web2c
+ sed -i 's#openout_any = a#openout_any = p#g' /usr/share/texlive/texmf-dist/web2c/texmf.cnf
++ rpm -ql dblatex
++ grep bibtex.py
+ sed -i '271s#self.doc.must_compile = 0#self.doc.must_compile = 1#g' /usr/lib/python3.10/site-packages/dbtexmf/dblatex/grubber/bibtex.py
+ rm -rf ./tmp /O1 /O2
+ DNF_REMOVE
+ node=1
+ pkg_list=
+ mode=0
+ [[ -z '' ]]
+ [[ -z '' ]]
+ LOG_WARN 'no thing to do.'
+ message='no thing to do.'
+ python3 /root/mugen-riscv/libs/locallibs/mugen_log.py --level warn --message 'no thing to do.'
Wed Jun  7 12:59:26 2023 - WARN  - no thing to do.
+ return 0
+ LOG_INFO 'End to restore the test environment.'
+ message='End to restore the test environment.'
+ python3 /root/mugen-riscv/libs/locallibs/mugen_log.py --level info --message 'End to restore the test environment.'
Wed Jun  7 12:59:28 2023 - INFO  - End to restore the test environment.
