+ source /root/mugen-riscv/libs/locallibs/common_lib.sh
++ python3 --version
++ '[' 0 -eq 0 ']'
++ source /root/mugen-riscv/libs/locallibs/common_lib_python.sh
+ main
++ type -t post_test
+ '[' -n function ']'
+ trap post_test EXIT INT HUP TERM
+ rpm -qa
+ grep expect
++ type -t config_params
+ '[' -n '' ']'
++ type -t pre_test
+ '[' -n function ']'
+ pre_test
+ LOG_INFO 'Start to prepare the test environment.'
+ message='Start to prepare the test environment.'
+ python3 /root/mugen-riscv/libs/locallibs/mugen_log.py --level info --message 'Start to prepare the test environment.'
Mon Jun 26 12:01:41 2023 - INFO  - Start to prepare the test environment.
+ DNF_INSTALL 'meson tar gcc valgrind cmake g++'
+ pkgs='meson tar gcc valgrind cmake g++'
+ node=1
+ '[' -z '' ']'
+ tmpfile=
++ python3 /root/mugen-riscv/libs/locallibs/rpm_manage.py install --pkgs 'meson tar gcc valgrind cmake g++' --node 1 --tempfile ''
+ tmpfile2=/tmp/tmp63d0rskg
+ '[' -z '' ']'
+ tmpfile=/tmp/tmp63d0rskg
+ cd common/0.59/
+ tar -xvf test_5.tgz
test_6/
test_6/meson.build
test_6/builddir/
test_6/builddir/.gitignore
test_6/builddir/meson-logs/
test_6/builddir/meson-logs/testlog.junit.xml
test_6/builddir/meson-logs/testlog-worksforall.txt
test_6/builddir/meson-logs/222.junit.xml
test_6/builddir/meson-logs/222.json
test_6/builddir/meson-logs/LOGBASE.json
test_6/builddir/meson-logs/222.txt
test_6/builddir/meson-logs/LOGBASE.junit.xml
test_6/builddir/meson-logs/testlog.json
test_6/builddir/meson-logs/meson-log.txt
test_6/builddir/meson-logs/testlog-worksforall.json
test_6/builddir/meson-logs/testlog-valgrind.json
test_6/builddir/meson-logs/testlog-worksforall.junit.xml
test_6/builddir/meson-logs/LOGBASE.txt
test_6/builddir/meson-logs/testlog-valgrind.junit.xml
test_6/builddir/meson-logs/testlog.txt
test_6/builddir/meson-logs/testlog-valgrind.txt
test_6/builddir/meson-dist/
test_6/builddir/meson-dist/cmakeSubTest-undefined.tar.xz
test_6/builddir/meson-dist/cmakeSubTest-undefined.tar.xz.sha256sum
test_6/builddir/meson-info/
test_6/builddir/meson-info/intro-tests.json
test_6/builddir/meson-info/intro-buildoptions.json
test_6/builddir/meson-info/intro-projectinfo.json
test_6/builddir/meson-info/intro-dependencies.json
test_6/builddir/meson-info/intro-buildsystem_files.json
test_6/builddir/meson-info/meson-info.json
test_6/builddir/meson-info/intro-installed.json
test_6/builddir/meson-info/intro-targets.json
test_6/builddir/meson-info/intro-benchmarks.json
test_6/builddir/meson-private/
test_6/builddir/meson-private/sanitycheckc.exe
test_6/builddir/meson-private/meson_benchmark_setup.dat
test_6/builddir/meson-private/data/
test_6/builddir/meson-private/data/preload.cmake
test_6/builddir/meson-private/sanitycheckc.c
test_6/builddir/meson-private/install.dat
test_6/builddir/meson-private/sanitycheckcpp.exe
test_6/builddir/meson-private/meson.lock
test_6/builddir/meson-private/coredata.dat
test_6/builddir/meson-private/build.dat
test_6/builddir/meson-private/sanitycheckcpp.cc
test_6/builddir/meson-private/coredata.dat.prev
test_6/builddir/meson-private/meson_test_setup.dat
test_6/builddir/meson-private/cmd_line.txt
test_6/builddir/subprojects/
test_6/builddir/subprojects/cmMod/
test_6/builddir/subprojects/cmMod/meson.build
test_6/builddir/subprojects/cmMod/libcmModLib__.so
test_6/builddir/subprojects/cmMod/__CMake_build/
test_6/builddir/subprojects/cmMod/__CMake_build/CMakeCache.txt
test_6/builddir/subprojects/cmMod/__CMake_build/.cmake/
test_6/builddir/subprojects/cmMod/__CMake_build/.cmake/api/
test_6/builddir/subprojects/cmMod/__CMake_build/.cmake/api/v1/
test_6/builddir/subprojects/cmMod/__CMake_build/.cmake/api/v1/query/
test_6/builddir/subprojects/cmMod/__CMake_build/.cmake/api/v1/query/client-meson/
test_6/builddir/subprojects/cmMod/__CMake_build/.cmake/api/v1/query/client-meson/query.json
test_6/builddir/subprojects/cmMod/__CMake_build/.cmake/api/v1/reply/
test_6/builddir/subprojects/cmMod/__CMake_build/.cmake/api/v1/reply/index-2022-12-27T22-38-18-0716.json
test_6/builddir/subprojects/cmMod/__CMake_build/.cmake/api/v1/reply/target-cmModLib++-e431c075448d457236a1.json
test_6/builddir/subprojects/cmMod/__CMake_build/.cmake/api/v1/reply/directory-.-f5ebdc15457944623624.json
test_6/builddir/subprojects/cmMod/__CMake_build/.cmake/api/v1/reply/cmakeFiles-v1-d2d921002386032b2919.json
test_6/builddir/subprojects/cmMod/__CMake_build/.cmake/api/v1/reply/codemodel-v2-50b34ba9eed63f3fccca.json
test_6/builddir/subprojects/cmMod/__CMake_build/CMakeFiles/
test_6/builddir/subprojects/cmMod/__CMake_build/CMakeFiles/cmModLib++.dir/
test_6/builddir/subprojects/cmMod/__CMake_build/CMakeFiles/CMakeOutput.log
test_6/builddir/subprojects/cmMod/__CMake_build/CMakeFiles/3.22.0/
test_6/builddir/subprojects/cmMod/__CMake_build/CMakeFiles/3.22.0/CMakeSystem.cmake
test_6/builddir/subprojects/cmMod/__CMake_build/CMakeFiles/3.22.0/CMakeCCompiler.cmake
test_6/builddir/subprojects/cmMod/__CMake_build/CMakeFiles/3.22.0/CompilerIdCXX/
test_6/builddir/subprojects/cmMod/__CMake_build/CMakeFiles/3.22.0/CompilerIdCXX/CMakeCXXCompilerId.cpp
test_6/builddir/subprojects/cmMod/__CMake_build/CMakeFiles/3.22.0/CompilerIdCXX/a.out
test_6/builddir/subprojects/cmMod/__CMake_build/CMakeFiles/3.22.0/CompilerIdCXX/tmp/
test_6/builddir/subprojects/cmMod/__CMake_build/CMakeFiles/3.22.0/CompilerIdC/
test_6/builddir/subprojects/cmMod/__CMake_build/CMakeFiles/3.22.0/CompilerIdC/a.out
test_6/builddir/subprojects/cmMod/__CMake_build/CMakeFiles/3.22.0/CompilerIdC/CMakeCCompilerId.c
test_6/builddir/subprojects/cmMod/__CMake_build/CMakeFiles/3.22.0/CompilerIdC/tmp/
test_6/builddir/subprojects/cmMod/__CMake_build/CMakeFiles/3.22.0/CMakeDetermineCompilerABI_CXX.bin
test_6/builddir/subprojects/cmMod/__CMake_build/CMakeFiles/3.22.0/CMakeCXXCompiler.cmake
test_6/builddir/subprojects/cmMod/__CMake_build/CMakeFiles/3.22.0/CMakeDetermineCompilerABI_C.bin
test_6/builddir/subprojects/cmMod/__CMake_build/CMakeFiles/cmake.check_cache
test_6/builddir/subprojects/cmMod/__CMake_build/CMakeFiles/rules.ninja
test_6/builddir/subprojects/cmMod/__CMake_build/CMakeFiles/TargetDirectories.txt
test_6/builddir/subprojects/cmMod/__CMake_build/CMakeFiles/CMakeTmp/
test_6/builddir/subprojects/cmMod/__CMake_build/CMakeMesonToolchainFile.cmake
test_6/builddir/subprojects/cmMod/__CMake_build/cmmodlib++_export.h
test_6/builddir/subprojects/cmMod/__CMake_build/cmake_trace.txt
test_6/builddir/subprojects/cmMod/__CMake_build/cmake_install.cmake
test_6/builddir/subprojects/cmMod/__CMake_build/build.ninja
test_6/builddir/subprojects/cmMod/fileAPI.json
test_6/builddir/subprojects/cmMod/libcmModLib__.so.p/
test_6/builddir/subprojects/cmMod/libcmModLib__.so.p/cmMod.cpp.o
test_6/builddir/subprojects/cmMod/libcmModLib__.so.p/libcmModLib__.so.symbols
test_6/builddir/main
test_6/builddir/compile_commands.json
test_6/builddir/.ninja_log
test_6/builddir/.hgignore
test_6/builddir/main.p/
test_6/builddir/main.p/main.cpp.o
test_6/builddir/build.ninja
test_6/builddir--layout/
test_6/mirror/
test_6/subprojects/
test_6/subprojects/s1/
test_6/subprojects/s1/subprojects/
test_6/subprojects/s1/subprojects/s3/
test_6/subprojects/cmMod/
test_6/subprojects/cmMod/CMakeLists.txt
test_6/subprojects/cmMod/cpp_pch.hpp
test_6/subprojects/cmMod/cmMod.cpp
test_6/subprojects/cmMod/cmMod.hpp
test_6/main.cpp
test_6/NATIVE
+ cd test_6/
+ LOG_INFO 'End to prepare the test environment.'
+ message='End to prepare the test environment.'
+ python3 /root/mugen-riscv/libs/locallibs/mugen_log.py --level info --message 'End to prepare the test environment.'
Mon Jun 26 12:04:51 2023 - INFO  - End to prepare the test environment.
++ type -t run_test
+ '[' -n function ']'
+ run_test
+ LOG_INFO 'Start testing...'
+ message='Start testing...'
+ python3 /root/mugen-riscv/libs/locallibs/mugen_log.py --level info --message 'Start testing...'
Mon Jun 26 12:04:52 2023 - INFO  - Start testing...
+ meson setup --reconfigure builddir
Regenerating configuration from scratch: Build directory has been generated with Meson version 0.59.4, which is incompatible with the current version 0.63.2.
The Meson build system
Version: 0.63.2
Source dir: /root/mugen-riscv/testcases/cli-test/meson/common/0.59/test_6
Build dir: /root/mugen-riscv/testcases/cli-test/meson/common/0.59/test_6/builddir
Build type: native build

ERROR: No statements in code.

A full log can be found at /root/mugen-riscv/testcases/cli-test/meson/common/0.59/test_6/builddir/meson-logs/meson-log.txt
+ cd ./builddir
+ meson test --help
+ grep 'usage: meson'
usage: meson test [-h] [--repeat REPEAT] [--no-rebuild] [--gdb]
+ CHECK_RESULT 0 0 0 'meson test --help failed'
+ actual_result=0
+ expect_result=0
+ mode=0
+ error_log='meson test --help failed'
+ '[' -z 0 ']'
+ '[' 0 -eq 0 ']'
+ test 0x '!=' 0x
+ return 0
+ meson test -h
+ grep 'usage: meson'
usage: meson test [-h] [--repeat REPEAT] [--no-rebuild] [--gdb]
+ CHECK_RESULT 0 0 0 'meson test -h failed'
+ actual_result=0
+ expect_result=0
+ mode=0
+ error_log='meson test -h failed'
+ '[' -z 0 ']'
+ '[' 0 -eq 0 ']'
+ test 0x '!=' 0x
+ return 0
+ meson test --repeat 2
+ grep ninja
+ CHECK_RESULT 1 0 0 'meson test --repeat failed'
+ actual_result=1
+ expect_result=0
+ mode=0
+ error_log='meson test --repeat failed'
+ '[' -z 1 ']'
+ '[' 0 -eq 0 ']'
+ test 1x '!=' 0x
+ test -n 'meson test --repeat failed'
+ LOG_ERROR 'meson test --repeat failed'
+ message='meson test --repeat failed'
+ python3 /root/mugen-riscv/libs/locallibs/mugen_log.py --level error --message 'meson test --repeat failed'
Mon Jun 26 12:05:26 2023 - ERROR - meson test --repeat failed
+ (( exec_result++ ))
+ LOG_ERROR 'oe_test_meson_0.59_meson_18.sh line 38'
+ message='oe_test_meson_0.59_meson_18.sh line 38'
+ python3 /root/mugen-riscv/libs/locallibs/mugen_log.py --level error --message 'oe_test_meson_0.59_meson_18.sh line 38'
Mon Jun 26 12:05:27 2023 - ERROR - oe_test_meson_0.59_meson_18.sh line 38
+ return 0
+ meson test --no-rebuild
+ grep Ok
+ CHECK_RESULT 1 0 0 'meson test --no-rebuild failed'
+ actual_result=1
+ expect_result=0
+ mode=0
+ error_log='meson test --no-rebuild failed'
+ '[' -z 1 ']'
+ '[' 0 -eq 0 ']'
+ test 1x '!=' 0x
+ test -n 'meson test --no-rebuild failed'
+ LOG_ERROR 'meson test --no-rebuild failed'
+ message='meson test --no-rebuild failed'
+ python3 /root/mugen-riscv/libs/locallibs/mugen_log.py --level error --message 'meson test --no-rebuild failed'
Mon Jun 26 12:05:37 2023 - ERROR - meson test --no-rebuild failed
+ (( exec_result++ ))
+ LOG_ERROR 'oe_test_meson_0.59_meson_18.sh line 40'
+ message='oe_test_meson_0.59_meson_18.sh line 40'
+ python3 /root/mugen-riscv/libs/locallibs/mugen_log.py --level error --message 'oe_test_meson_0.59_meson_18.sh line 40'
Mon Jun 26 12:05:39 2023 - ERROR - oe_test_meson_0.59_meson_18.sh line 40
+ return 0
+ meson test '--wrap=valgrind --tool=helgrind'
+ grep ninja
Traceback (most recent call last):
  File "/usr/lib/python3.10/site-packages/mesonbuild/mesonmain.py", line 153, in run
    return options.run_func(options)
  File "/usr/lib/python3.10/site-packages/mesonbuild/mtest.py", line 2034, in run
    setup_vsenv(b.need_vsenv)
AttributeError: 'Build' object has no attribute 'need_vsenv'
+ CHECK_RESULT 1 0 0 'meson test --wrap failed'
+ actual_result=1
+ expect_result=0
+ mode=0
+ error_log='meson test --wrap failed'
+ '[' -z 1 ']'
+ '[' 0 -eq 0 ']'
+ test 1x '!=' 0x
+ test -n 'meson test --wrap failed'
+ LOG_ERROR 'meson test --wrap failed'
+ message='meson test --wrap failed'
+ python3 /root/mugen-riscv/libs/locallibs/mugen_log.py --level error --message 'meson test --wrap failed'
Mon Jun 26 12:05:49 2023 - ERROR - meson test --wrap failed
+ (( exec_result++ ))
+ LOG_ERROR 'oe_test_meson_0.59_meson_18.sh line 42'
+ message='oe_test_meson_0.59_meson_18.sh line 42'
+ python3 /root/mugen-riscv/libs/locallibs/mugen_log.py --level error --message 'oe_test_meson_0.59_meson_18.sh line 42'
Mon Jun 26 12:05:51 2023 - ERROR - oe_test_meson_0.59_meson_18.sh line 42
+ return 0
+ meson test --gdb-path gdb
+ grep ninja
+ CHECK_RESULT 1 0 0 'meson test --gdb-path failed'
+ actual_result=1
+ expect_result=0
+ mode=0
+ error_log='meson test --gdb-path failed'
+ '[' -z 1 ']'
+ '[' 0 -eq 0 ']'
+ test 1x '!=' 0x
+ test -n 'meson test --gdb-path failed'
+ LOG_ERROR 'meson test --gdb-path failed'
+ message='meson test --gdb-path failed'
+ python3 /root/mugen-riscv/libs/locallibs/mugen_log.py --level error --message 'meson test --gdb-path failed'
Mon Jun 26 12:06:01 2023 - ERROR - meson test --gdb-path failed
+ (( exec_result++ ))
+ LOG_ERROR 'oe_test_meson_0.59_meson_18.sh line 44'
+ message='oe_test_meson_0.59_meson_18.sh line 44'
+ python3 /root/mugen-riscv/libs/locallibs/mugen_log.py --level error --message 'oe_test_meson_0.59_meson_18.sh line 44'
Mon Jun 26 12:06:03 2023 - ERROR - oe_test_meson_0.59_meson_18.sh line 44
+ return 0
+ meson test --list
Traceback (most recent call last):
  File "/usr/lib/python3.10/site-packages/mesonbuild/mesonmain.py", line 153, in run
    return options.run_func(options)
  File "/usr/lib/python3.10/site-packages/mesonbuild/mtest.py", line 2034, in run
    setup_vsenv(b.need_vsenv)
AttributeError: 'Build' object has no attribute 'need_vsenv'

ERROR: Unhandled python exception

    This is a Meson bug and should be reported!
+ CHECK_RESULT 2 0 0 'meson test --list failed'
+ actual_result=2
+ expect_result=0
+ mode=0
+ error_log='meson test --list failed'
+ '[' -z 2 ']'
+ '[' 0 -eq 0 ']'
+ test 2x '!=' 0x
+ test -n 'meson test --list failed'
+ LOG_ERROR 'meson test --list failed'
+ message='meson test --list failed'
+ python3 /root/mugen-riscv/libs/locallibs/mugen_log.py --level error --message 'meson test --list failed'
Mon Jun 26 12:06:13 2023 - ERROR - meson test --list failed
+ (( exec_result++ ))
+ LOG_ERROR 'oe_test_meson_0.59_meson_18.sh line 46'
+ message='oe_test_meson_0.59_meson_18.sh line 46'
+ python3 /root/mugen-riscv/libs/locallibs/mugen_log.py --level error --message 'oe_test_meson_0.59_meson_18.sh line 46'
Mon Jun 26 12:06:14 2023 - ERROR - oe_test_meson_0.59_meson_18.sh line 46
+ return 0
+ meson test -C ./
+ grep ninja
+ CHECK_RESULT 1 0 0 'meson test -C WD failed'
+ actual_result=1
+ expect_result=0
+ mode=0
+ error_log='meson test -C WD failed'
+ '[' -z 1 ']'
+ '[' 0 -eq 0 ']'
+ test 1x '!=' 0x
+ test -n 'meson test -C WD failed'
+ LOG_ERROR 'meson test -C WD failed'
+ message='meson test -C WD failed'
+ python3 /root/mugen-riscv/libs/locallibs/mugen_log.py --level error --message 'meson test -C WD failed'
Mon Jun 26 12:06:24 2023 - ERROR - meson test -C WD failed
+ (( exec_result++ ))
+ LOG_ERROR 'oe_test_meson_0.59_meson_18.sh line 48'
+ message='oe_test_meson_0.59_meson_18.sh line 48'
+ python3 /root/mugen-riscv/libs/locallibs/mugen_log.py --level error --message 'oe_test_meson_0.59_meson_18.sh line 48'
Mon Jun 26 12:06:26 2023 - ERROR - oe_test_meson_0.59_meson_18.sh line 48
+ return 0
+ meson test --suite foo
Traceback (most recent call last):
  File "/usr/lib/python3.10/site-packages/mesonbuild/mesonmain.py", line 153, in run
    return options.run_func(options)
  File "/usr/lib/python3.10/site-packages/mesonbuild/mtest.py", line 2034, in run
    setup_vsenv(b.need_vsenv)
AttributeError: 'Build' object has no attribute 'need_vsenv'

ERROR: Unhandled python exception

    This is a Meson bug and should be reported!
+ CHECK_RESULT 2 0 0 'meson test --suite failed'
+ actual_result=2
+ expect_result=0
+ mode=0
+ error_log='meson test --suite failed'
+ '[' -z 2 ']'
+ '[' 0 -eq 0 ']'
+ test 2x '!=' 0x
+ test -n 'meson test --suite failed'
+ LOG_ERROR 'meson test --suite failed'
+ message='meson test --suite failed'
+ python3 /root/mugen-riscv/libs/locallibs/mugen_log.py --level error --message 'meson test --suite failed'
Mon Jun 26 12:06:36 2023 - ERROR - meson test --suite failed
+ (( exec_result++ ))
+ LOG_ERROR 'oe_test_meson_0.59_meson_18.sh line 50'
+ message='oe_test_meson_0.59_meson_18.sh line 50'
+ python3 /root/mugen-riscv/libs/locallibs/mugen_log.py --level error --message 'oe_test_meson_0.59_meson_18.sh line 50'
Mon Jun 26 12:06:37 2023 - ERROR - oe_test_meson_0.59_meson_18.sh line 50
+ return 0
+ meson test --no-suite test1
+ grep ninja
+ CHECK_RESULT 1 0 0 'meson test --no-suite failed'
+ actual_result=1
+ expect_result=0
+ mode=0
+ error_log='meson test --no-suite failed'
+ '[' -z 1 ']'
+ '[' 0 -eq 0 ']'
+ test 1x '!=' 0x
+ test -n 'meson test --no-suite failed'
+ LOG_ERROR 'meson test --no-suite failed'
+ message='meson test --no-suite failed'
+ python3 /root/mugen-riscv/libs/locallibs/mugen_log.py --level error --message 'meson test --no-suite failed'
Mon Jun 26 12:06:47 2023 - ERROR - meson test --no-suite failed
+ (( exec_result++ ))
+ LOG_ERROR 'oe_test_meson_0.59_meson_18.sh line 52'
+ message='oe_test_meson_0.59_meson_18.sh line 52'
+ python3 /root/mugen-riscv/libs/locallibs/mugen_log.py --level error --message 'oe_test_meson_0.59_meson_18.sh line 52'
Mon Jun 26 12:06:49 2023 - ERROR - oe_test_meson_0.59_meson_18.sh line 52
+ return 0
+ LOG_INFO 'Finish test!'
+ message='Finish test!'
+ python3 /root/mugen-riscv/libs/locallibs/mugen_log.py --level info --message 'Finish test!'
Mon Jun 26 12:06:51 2023 - INFO  - Finish test!
+ CASE_RESULT 0
+ case_re=0
+ test -z 8
+ test 8 -gt 0
+ LOG_ERROR 'failed to execute the case.'
+ message='failed to execute the case.'
+ python3 /root/mugen-riscv/libs/locallibs/mugen_log.py --level error --message 'failed to execute the case.'
Mon Jun 26 12:06:52 2023 - ERROR - failed to execute the case.
+ exit 8
+ post_test
+ LOG_INFO 'Start to restore the test environment.'
+ message='Start to restore the test environment.'
+ python3 /root/mugen-riscv/libs/locallibs/mugen_log.py --level info --message 'Start to restore the test environment.'
Mon Jun 26 12:06:54 2023 - INFO  - Start to restore the test environment.
+ cd ../../
+ rm -rf test_6
+ DNF_REMOVE
+ node=1
+ pkg_list=
+ mode=0
+ [[ -z /tmp/tmp63d0rskg ]]
+ '[' 0 -ne 0 ']'
+ '[' 1 == 0 ']'
+ python3 /root/mugen-riscv/libs/locallibs/rpm_manage.py remove --node 1 --pkgs '' --tempfile /tmp/tmp63d0rskg
+ '[' 0 -ne 0 ']'
+ LOG_INFO 'End to restore the test environment.'
+ message='End to restore the test environment.'
+ python3 /root/mugen-riscv/libs/locallibs/mugen_log.py --level info --message 'End to restore the test environment.'
Mon Jun 26 12:07:28 2023 - INFO  - End to restore the test environment.
