+ source /root/mugen-riscv/libs/locallibs/common_lib.sh
++ python3 --version
++ '[' 0 -eq 0 ']'
++ source /root/mugen-riscv/libs/locallibs/common_lib_python.sh
+ main
++ type -t post_test
+ '[' -n function ']'
+ trap post_test EXIT INT HUP TERM
+ rpm -qa
+ grep expect
++ type -t config_params
+ '[' -n '' ']'
++ type -t pre_test
+ '[' -n function ']'
+ pre_test
+ LOG_INFO 'Start to prepare the test environment.'
+ message='Start to prepare the test environment.'
+ python3 /root/mugen-riscv/libs/locallibs/mugen_log.py --level info --message 'Start to prepare the test environment.'
Wed Jun  7 08:21:29 2023 - INFO  - Start to prepare the test environment.
+ DNF_INSTALL gradle
+ pkgs=gradle
+ node=1
+ '[' -z '' ']'
+ tmpfile=
++ python3 /root/mugen-riscv/libs/locallibs/rpm_manage.py install --pkgs gradle --node 1 --tempfile ''
Wed Jun  7 08:21:56 2023 - INFO  - pkgs:(gradle) is already installed
+ tmpfile2=
+ '[' -z '' ']'
+ tmpfile=
+ cp ../common/build.gradle ./
+ LOG_INFO 'End to prepare the test environment.'
+ message='End to prepare the test environment.'
+ python3 /root/mugen-riscv/libs/locallibs/mugen_log.py --level info --message 'End to prepare the test environment.'
Wed Jun  7 08:21:58 2023 - INFO  - End to prepare the test environment.
++ type -t run_test
+ '[' -n function ']'
+ run_test
+ LOG_INFO 'Start to run test.'
+ message='Start to run test.'
+ python3 /root/mugen-riscv/libs/locallibs/mugen_log.py --level info --message 'Start to run test.'
Wed Jun  7 08:22:00 2023 - INFO  - Start to run test.
+ expect
spawn gradle base --scan
yes

FAILURE: Build failed with an exception.

* What went wrong:
Could not open terminal for stdout: could not get termcap entry

* Try:
Run with --stacktrace option to get the stack trace. Run with --info or --debug option to get more log output. Run with --scan to get full insights.

* Get more help at https://help.gradle.org
+ grep 'BUILD SUCCESSFUL' gradle_log
+ CHECK_RESULT 1 0 0 'Check gradle base --scan failed'
+ actual_result=1
+ expect_result=0
+ mode=0
+ error_log='Check gradle base --scan failed'
+ '[' -z 1 ']'
+ '[' 0 -eq 0 ']'
+ test 1x '!=' 0x
+ test -n 'Check gradle base --scan failed'
+ LOG_ERROR 'Check gradle base --scan failed'
+ message='Check gradle base --scan failed'
+ python3 /root/mugen-riscv/libs/locallibs/mugen_log.py --level error --message 'Check gradle base --scan failed'
Wed Jun  7 08:22:19 2023 - ERROR - Check gradle base --scan failed
+ (( exec_result++ ))
+ LOG_ERROR 'oe_test_gradle_04.sh line 36'
+ message='oe_test_gradle_04.sh line 36'
+ python3 /root/mugen-riscv/libs/locallibs/mugen_log.py --level error --message 'oe_test_gradle_04.sh line 36'
Wed Jun  7 08:22:21 2023 - ERROR - oe_test_gradle_04.sh line 36
+ return 0
+ gradle build
+ grep 'BUILD SUCCESSFUL'

FAILURE: Build failed with an exception.

* What went wrong:
Could not create service of type FileHasher using GradleUserHomeScopeServices.createCachingFileHasher().
> Timeout waiting to lock file hash cache (/root/.gradle/caches/4.4.1/fileHashes). It is currently in use by another Gradle instance.
  Owner PID: 3327
  Our PID: 3532
  Owner Operation: 
  Our operation: 
  Lock file: /root/.gradle/caches/4.4.1/fileHashes/fileHashes.lock

* Try:
Run with --stacktrace option to get the stack trace. Run with --info or --debug option to get more log output. Run with --scan to get full insights.

* Get more help at https://help.gradle.org

BUILD FAILED in 1m 59s
+ CHECK_RESULT 1 0 0 'Check gradle build failed.'
+ actual_result=1
+ expect_result=0
+ mode=0
+ error_log='Check gradle build failed.'
+ '[' -z 1 ']'
+ '[' 0 -eq 0 ']'
+ test 1x '!=' 0x
+ test -n 'Check gradle build failed.'
+ LOG_ERROR 'Check gradle build failed.'
+ message='Check gradle build failed.'
+ python3 /root/mugen-riscv/libs/locallibs/mugen_log.py --level error --message 'Check gradle build failed.'
Wed Jun  7 08:24:29 2023 - ERROR - Check gradle build failed.
+ (( exec_result++ ))
+ LOG_ERROR 'oe_test_gradle_04.sh line 38'
+ message='oe_test_gradle_04.sh line 38'
+ python3 /root/mugen-riscv/libs/locallibs/mugen_log.py --level error --message 'oe_test_gradle_04.sh line 38'
Wed Jun  7 08:24:31 2023 - ERROR - oe_test_gradle_04.sh line 38
+ return 0
+ gradle check
+ grep 'BUILD SUCCESSFUL'

FAILURE: Build failed with an exception.

* What went wrong:
Could not create service of type FileHasher using GradleUserHomeScopeServices.createCachingFileHasher().
> Timeout waiting to lock file hash cache (/root/.gradle/caches/4.4.1/fileHashes). It is currently in use by another Gradle instance.
  Owner PID: 3327
  Our PID: 3532
  Owner Operation: 
  Our operation: 
  Lock file: /root/.gradle/caches/4.4.1/fileHashes/fileHashes.lock

* Try:
Run with --stacktrace option to get the stack trace. Run with --info or --debug option to get more log output. Run with --scan to get full insights.

* Get more help at https://help.gradle.org

BUILD FAILED in 1m 19s
+ CHECK_RESULT 1 0 0 'Check gradle check failed.'
+ actual_result=1
+ expect_result=0
+ mode=0
+ error_log='Check gradle check failed.'
+ '[' -z 1 ']'
+ '[' 0 -eq 0 ']'
+ test 1x '!=' 0x
+ test -n 'Check gradle check failed.'
+ LOG_ERROR 'Check gradle check failed.'
+ message='Check gradle check failed.'
+ python3 /root/mugen-riscv/libs/locallibs/mugen_log.py --level error --message 'Check gradle check failed.'
Wed Jun  7 08:25:59 2023 - ERROR - Check gradle check failed.
+ (( exec_result++ ))
+ LOG_ERROR 'oe_test_gradle_04.sh line 40'
+ message='oe_test_gradle_04.sh line 40'
+ python3 /root/mugen-riscv/libs/locallibs/mugen_log.py --level error --message 'oe_test_gradle_04.sh line 40'
Wed Jun  7 08:26:00 2023 - ERROR - oe_test_gradle_04.sh line 40
+ return 0
+ gradle clean
+ grep 'BUILD SUCCESSFUL'
BUILD SUCCESSFUL in 1m 28s
+ CHECK_RESULT 0 0 0 'Check gradle clean failed.'
+ actual_result=0
+ expect_result=0
+ mode=0
+ error_log='Check gradle clean failed.'
+ '[' -z 0 ']'
+ '[' 0 -eq 0 ']'
+ test 0x '!=' 0x
+ return 0
+ gradle -q help task base
oe_test_gradle_04.sh: line 43: gradle: command not found
+ CHECK_RESULT 127 0 0 'Check gradle -q help task base failed.'
+ actual_result=127
+ expect_result=0
+ mode=0
+ error_log='Check gradle -q help task base failed.'
+ '[' -z 127 ']'
+ '[' 0 -eq 0 ']'
+ test 127x '!=' 0x
+ test -n 'Check gradle -q help task base failed.'
+ LOG_ERROR 'Check gradle -q help task base failed.'
+ message='Check gradle -q help task base failed.'
+ python3 /root/mugen-riscv/libs/locallibs/mugen_log.py --level error --message 'Check gradle -q help task base failed.'
Wed Jun  7 08:27:36 2023 - ERROR - Check gradle -q help task base failed.
+ (( exec_result++ ))
+ LOG_ERROR 'oe_test_gradle_04.sh line 44'
+ message='oe_test_gradle_04.sh line 44'
+ python3 /root/mugen-riscv/libs/locallibs/mugen_log.py --level error --message 'oe_test_gradle_04.sh line 44'
Wed Jun  7 08:27:38 2023 - ERROR - oe_test_gradle_04.sh line 44
+ return 0
+ gradle dependencyInsight --dependency someDep
oe_test_gradle_04.sh: line 45: gradle: command not found
+ grep 'BUILD SUCCESSFUL'
+ CHECK_RESULT 1 0 0 'Check gradle dependencyInsight failed.'
+ actual_result=1
+ expect_result=0
+ mode=0
+ error_log='Check gradle dependencyInsight failed.'
+ '[' -z 1 ']'
+ '[' 0 -eq 0 ']'
+ test 1x '!=' 0x
+ test -n 'Check gradle dependencyInsight failed.'
+ LOG_ERROR 'Check gradle dependencyInsight failed.'
+ message='Check gradle dependencyInsight failed.'
+ python3 /root/mugen-riscv/libs/locallibs/mugen_log.py --level error --message 'Check gradle dependencyInsight failed.'
Wed Jun  7 08:27:40 2023 - ERROR - Check gradle dependencyInsight failed.
+ (( exec_result++ ))
+ LOG_ERROR 'oe_test_gradle_04.sh line 46'
+ message='oe_test_gradle_04.sh line 46'
+ python3 /root/mugen-riscv/libs/locallibs/mugen_log.py --level error --message 'oe_test_gradle_04.sh line 46'
Wed Jun  7 08:27:41 2023 - ERROR - oe_test_gradle_04.sh line 46
+ return 0
+ gradle javadoc
oe_test_gradle_04.sh: line 47: gradle: command not found
+ grep 'BUILD SUCCESSFUL'
+ CHECK_RESULT 1 0 0 'Check gradle javadoc failed.'
+ actual_result=1
+ expect_result=0
+ mode=0
+ error_log='Check gradle javadoc failed.'
+ '[' -z 1 ']'
+ '[' 0 -eq 0 ']'
+ test 1x '!=' 0x
+ test -n 'Check gradle javadoc failed.'
+ LOG_ERROR 'Check gradle javadoc failed.'
+ message='Check gradle javadoc failed.'
+ python3 /root/mugen-riscv/libs/locallibs/mugen_log.py --level error --message 'Check gradle javadoc failed.'
Wed Jun  7 08:27:43 2023 - ERROR - Check gradle javadoc failed.
+ (( exec_result++ ))
+ LOG_ERROR 'oe_test_gradle_04.sh line 48'
+ message='oe_test_gradle_04.sh line 48'
+ python3 /root/mugen-riscv/libs/locallibs/mugen_log.py --level error --message 'oe_test_gradle_04.sh line 48'
Wed Jun  7 08:27:45 2023 - ERROR - oe_test_gradle_04.sh line 48
+ return 0
+ gradle assemble
oe_test_gradle_04.sh: line 49: gradle: command not found
+ grep 'BUILD SUCCESSFUL'
+ CHECK_RESULT 1 0 0 'Check gradle assemble failed.'
+ actual_result=1
+ expect_result=0
+ mode=0
+ error_log='Check gradle assemble failed.'
+ '[' -z 1 ']'
+ '[' 0 -eq 0 ']'
+ test 1x '!=' 0x
+ test -n 'Check gradle assemble failed.'
+ LOG_ERROR 'Check gradle assemble failed.'
+ message='Check gradle assemble failed.'
+ python3 /root/mugen-riscv/libs/locallibs/mugen_log.py --level error --message 'Check gradle assemble failed.'
Wed Jun  7 08:27:46 2023 - ERROR - Check gradle assemble failed.
+ (( exec_result++ ))
+ LOG_ERROR 'oe_test_gradle_04.sh line 50'
+ message='oe_test_gradle_04.sh line 50'
+ python3 /root/mugen-riscv/libs/locallibs/mugen_log.py --level error --message 'oe_test_gradle_04.sh line 50'
Wed Jun  7 08:27:48 2023 - ERROR - oe_test_gradle_04.sh line 50
+ return 0
+ gradle jar
oe_test_gradle_04.sh: line 51: gradle: command not found
+ grep 'BUILD SUCCESSFUL'
+ CHECK_RESULT 1 0 0 'Check gradle jar failed.'
+ actual_result=1
+ expect_result=0
+ mode=0
+ error_log='Check gradle jar failed.'
+ '[' -z 1 ']'
+ '[' 0 -eq 0 ']'
+ test 1x '!=' 0x
+ test -n 'Check gradle jar failed.'
+ LOG_ERROR 'Check gradle jar failed.'
+ message='Check gradle jar failed.'
+ python3 /root/mugen-riscv/libs/locallibs/mugen_log.py --level error --message 'Check gradle jar failed.'
Wed Jun  7 08:27:50 2023 - ERROR - Check gradle jar failed.
+ (( exec_result++ ))
+ LOG_ERROR 'oe_test_gradle_04.sh line 52'
+ message='oe_test_gradle_04.sh line 52'
+ python3 /root/mugen-riscv/libs/locallibs/mugen_log.py --level error --message 'oe_test_gradle_04.sh line 52'
Wed Jun  7 08:27:51 2023 - ERROR - oe_test_gradle_04.sh line 52
+ return 0
+ gradle testClasses
oe_test_gradle_04.sh: line 53: gradle: command not found
+ grep 'BUILD SUCCESSFUL'
+ CHECK_RESULT 1 0 0 'Check gradle testClasses failed.'
+ actual_result=1
+ expect_result=0
+ mode=0
+ error_log='Check gradle testClasses failed.'
+ '[' -z 1 ']'
+ '[' 0 -eq 0 ']'
+ test 1x '!=' 0x
+ test -n 'Check gradle testClasses failed.'
+ LOG_ERROR 'Check gradle testClasses failed.'
+ message='Check gradle testClasses failed.'
+ python3 /root/mugen-riscv/libs/locallibs/mugen_log.py --level error --message 'Check gradle testClasses failed.'
Wed Jun  7 08:27:53 2023 - ERROR - Check gradle testClasses failed.
+ (( exec_result++ ))
+ LOG_ERROR 'oe_test_gradle_04.sh line 54'
+ message='oe_test_gradle_04.sh line 54'
+ python3 /root/mugen-riscv/libs/locallibs/mugen_log.py --level error --message 'oe_test_gradle_04.sh line 54'
Wed Jun  7 08:27:55 2023 - ERROR - oe_test_gradle_04.sh line 54
+ return 0
+ LOG_INFO 'End to run test.'
+ message='End to run test.'
+ python3 /root/mugen-riscv/libs/locallibs/mugen_log.py --level info --message 'End to run test.'
Wed Jun  7 08:27:56 2023 - INFO  - End to run test.
+ CASE_RESULT 0
+ case_re=0
+ test -z 9
+ test 9 -gt 0
+ LOG_ERROR 'failed to execute the case.'
+ message='failed to execute the case.'
+ python3 /root/mugen-riscv/libs/locallibs/mugen_log.py --level error --message 'failed to execute the case.'
Wed Jun  7 08:27:58 2023 - ERROR - failed to execute the case.
+ exit 9
+ post_test
+ LOG_INFO 'Start to restore the test environment.'
+ message='Start to restore the test environment.'
+ python3 /root/mugen-riscv/libs/locallibs/mugen_log.py --level info --message 'Start to restore the test environment.'
Wed Jun  7 08:28:00 2023 - INFO  - Start to restore the test environment.
++ ls
++ grep -vE '\.sh'
+ rm -rf build.gradle gradle_log .gradle/
+ DNF_REMOVE
+ node=1
+ pkg_list=
+ mode=0
+ [[ -z '' ]]
+ [[ -z '' ]]
+ LOG_WARN 'no thing to do.'
+ message='no thing to do.'
+ python3 /root/mugen-riscv/libs/locallibs/mugen_log.py --level warn --message 'no thing to do.'
Wed Jun  7 08:28:02 2023 - WARN  - no thing to do.
+ return 0
+ LOG_INFO 'End to restore the test environment.'
+ message='End to restore the test environment.'
+ python3 /root/mugen-riscv/libs/locallibs/mugen_log.py --level info --message 'End to restore the test environment.'
Wed Jun  7 08:28:03 2023 - INFO  - End to restore the test environment.
