+ source ../common/disk_lib.sh
++ source /root/mugen/libs/locallibs/common_lib.sh
+++ python3 --version
+++ '[' 0 -eq 0 ']'
+++ source /root/mugen/libs/locallibs/common_lib_python.sh
+ main
++ type -t post_test
+ '[' -n function ']'
+ trap post_test EXIT INT HUP TERM
+ rpm -qa
+ grep expect
++ type -t config_params
+ '[' -n function ']'
+ config_params
+ LOG_INFO 'Start to config the test environment.'
+ message='Start to config the test environment.'
+ python3 /root/mugen/libs/locallibs/mugen_log.py --level info --message 'Start to config the test environment.'
Mon May  8 12:46:55 2023 - INFO  - Start to config the test environment.
+ check_free_disk
++ TEST_DISK
++ id=1
++ python3 /root/mugen/libs/locallibs/get_test_device.py --device disk --node 1
Traceback (most recent call last):
  File "/root/mugen/libs/locallibs/get_test_device.py", line 127, in <module>
    print(get_test_disk(args.node))
  File "/root/mugen/libs/locallibs/get_test_device.py", line 98, in get_test_disk
    conn = ssh_cmd.pssh_conn(
  File "/root/mugen/libs/locallibs/ssh_cmd.py", line 53, in pssh_conn
    conn.connect(ip, port, user, password, timeout=timeout)
  File "/usr/lib/python3.10/site-packages/paramiko/client.py", line 349, in connect
    retry_on_signal(lambda: sock.connect(addr))
  File "/usr/lib/python3.10/site-packages/paramiko/util.py", line 279, in retry_on_signal
    return function()
  File "/usr/lib/python3.10/site-packages/paramiko/client.py", line 349, in <lambda>
    retry_on_signal(lambda: sock.connect(addr))
TimeoutError: [Errno 110] Connection timed out
+ disks=
+ disk_list=($disks)
+ local_disk=
+ local_disk1=
+ local_disk2=
+ local_disk3=
+ LOG_INFO 'Start to config the test environment.'
+ message='Start to config the test environment.'
+ python3 /root/mugen/libs/locallibs/mugen_log.py --level info --message 'Start to config the test environment.'
Mon May  8 12:50:12 2023 - INFO  - Start to config the test environment.
++ type -t pre_test
+ '[' -n function ']'
+ pre_test
+ LOG_INFO 'Start to prepare the test environment.'
+ message='Start to prepare the test environment.'
+ python3 /root/mugen/libs/locallibs/mugen_log.py --level info --message 'Start to prepare the test environment.'
Mon May  8 12:50:13 2023 - INFO  - Start to prepare the test environment.
+ DNF_INSTALL 'tuned dmidecode'
+ pkgs='tuned dmidecode'
+ node=1
+ '[' -z '' ']'
+ tmpfile=
++ python3 /root/mugen/libs/locallibs/rpm_manage.py install --pkgs 'tuned dmidecode' --node 1 --tempfile ''
+ tmpfile2='Last metadata expiration check: 0:24:11 ago on 2023年05月08日 星期一 12时29分02秒.
Package dmidecode-1:3.4-2.oe2303.x86_64 is already installed.
Dependencies resolved.
================================================================================
 Package                  Arch       Version                       Repo    Size
================================================================================
Installing:
 tuned                    noarch     2.19.0-3.oe2303               OS     338 k
Installing dependencies:
 boost-atomic             x86_64     1.81.0-1.oe2303               OS      15 k
 boost-chrono             x86_64     1.81.0-1.oe2303               OS      23 k
 boost-date-time          x86_64     1.81.0-1.oe2303               OS      12 k
 boost-filesystem         x86_64     1.81.0-1.oe2303               OS      61 k
 boost-system             x86_64     1.81.0-1.oe2303               OS      12 k
 boost-thread             x86_64     1.81.0-1.oe2303               OS      48 k
 boost-timer              x86_64     1.81.0-1.oe2303               OS      20 k
 dyninst                  x86_64     12.2.1-3.oe2303               OS     4.0 M
 hdparm                   x86_64     9.65-1.oe2303                 OS      64 k
 mokutil                  x86_64     1:0.6.0-2.oe2303              OS      42 k
 nspr                     x86_64     4.35.0-2.oe2303               OS     119 k
 nss                      x86_64     3.85.0-2.oe2303               OS     645 k
 nss-softokn              x86_64     3.85.0-2.oe2303               OS     680 k
 nss-util                 x86_64     3.85.0-2.oe2303               OS     457 k
 pciutils                 x86_64     3.9.0-1.oe2303                OS     114 k
 powertop                 x86_64     2.14-2.oe2303                 OS     247 k
 python3-configobj        noarch     5.0.6-18.oe2303               OS      64 k
 python3-decorator        noarch     5.1.1-1.oe2303                OS      21 k
 python3-linux-procfs     noarch     0.7.1-1.oe2303                OS      36 k
 python3-perf             x86_64     6.1.19-7.0.0.17.oe2303        OS     149 k
 python3-pyudev           noarch     0.24.0-1.oe2303               OS      70 k
 python3-schedutils       x86_64     0.6-7.oe2303                  OS      22 k
 systemtap                x86_64     4.5-5.oe2303                  OS      75 k
 systemtap-client         x86_64     4.5-5.oe2303                  OS     3.0 M
 systemtap-runtime        x86_64     4.5-5.oe2303                  OS     387 k
 tbb                      x86_64     2020.3-5.oe2303               OS     145 k
 unzip                    x86_64     6.0-51.oe2303                 OS     131 k
 virt-what                x86_64     1.25-1.oe2303                 OS      22 k
Installing weak dependencies:
 kernel-tools             x86_64     6.1.19-7.0.0.17.oe2303        OS     194 k

Transaction Summary
================================================================================
Install  30 Packages

Total download size: 11 M
Installed size: 40 M
Downloading Packages:
[MIRROR] boost-atomic-1.81.0-1.oe2303.x86_64.rpm: Curl error (6): Couldn'\''t resolve host name for http://repo.openeuler.org/openEuler-23.03/OS/x86_64/Packages/boost-atomic-1.81.0-1.oe2303.x86_64.rpm [Could not resolve host: repo.openeuler.org]
[MIRROR] boost-chrono-1.81.0-1.oe2303.x86_64.rpm: Curl error (6): Couldn'\''t resolve host name for http://repo.openeuler.org/openEuler-23.03/OS/x86_64/Packages/boost-chrono-1.81.0-1.oe2303.x86_64.rpm [Could not resolve host: repo.openeuler.org]
[MIRROR] boost-atomic-1.81.0-1.oe2303.x86_64.rpm: Curl error (6): Couldn'\''t resolve host name for http://repo.openeuler.org/openEuler-23.03/OS/x86_64/Packages/boost-atomic-1.81.0-1.oe2303.x86_64.rpm [Could not resolve host: repo.openeuler.org]
[MIRROR] boost-chrono-1.81.0-1.oe2303.x86_64.rpm: Curl error (6): Couldn'\''t resolve host name for http://repo.openeuler.org/openEuler-23.03/OS/x86_64/Packages/boost-chrono-1.81.0-1.oe2303.x86_64.rpm [Could not resolve host: repo.openeuler.org]
[FAILED] boost-atomic-1.81.0-1.oe2303.x86_64.rpm: No more mirrors to try - All mirrors were already tried without success

The downloaded packages were saved in cache until the next successful transaction.
You can remove cached packages by executing '\''dnf clean packages'\''.
Error: Error downloading packages:
  boost-atomic-1.81.0-1.oe2303.x86_64: Cannot download, all mirrors were already tried without success'
+ '[' -z '' ']'
+ tmpfile='Last metadata expiration check: 0:24:11 ago on 2023年05月08日 星期一 12时29分02秒.
Package dmidecode-1:3.4-2.oe2303.x86_64 is already installed.
Dependencies resolved.
================================================================================
 Package                  Arch       Version                       Repo    Size
================================================================================
Installing:
 tuned                    noarch     2.19.0-3.oe2303               OS     338 k
Installing dependencies:
 boost-atomic             x86_64     1.81.0-1.oe2303               OS      15 k
 boost-chrono             x86_64     1.81.0-1.oe2303               OS      23 k
 boost-date-time          x86_64     1.81.0-1.oe2303               OS      12 k
 boost-filesystem         x86_64     1.81.0-1.oe2303               OS      61 k
 boost-system             x86_64     1.81.0-1.oe2303               OS      12 k
 boost-thread             x86_64     1.81.0-1.oe2303               OS      48 k
 boost-timer              x86_64     1.81.0-1.oe2303               OS      20 k
 dyninst                  x86_64     12.2.1-3.oe2303               OS     4.0 M
 hdparm                   x86_64     9.65-1.oe2303                 OS      64 k
 mokutil                  x86_64     1:0.6.0-2.oe2303              OS      42 k
 nspr                     x86_64     4.35.0-2.oe2303               OS     119 k
 nss                      x86_64     3.85.0-2.oe2303               OS     645 k
 nss-softokn              x86_64     3.85.0-2.oe2303               OS     680 k
 nss-util                 x86_64     3.85.0-2.oe2303               OS     457 k
 pciutils                 x86_64     3.9.0-1.oe2303                OS     114 k
 powertop                 x86_64     2.14-2.oe2303                 OS     247 k
 python3-configobj        noarch     5.0.6-18.oe2303               OS      64 k
 python3-decorator        noarch     5.1.1-1.oe2303                OS      21 k
 python3-linux-procfs     noarch     0.7.1-1.oe2303                OS      36 k
 python3-perf             x86_64     6.1.19-7.0.0.17.oe2303        OS     149 k
 python3-pyudev           noarch     0.24.0-1.oe2303               OS      70 k
 python3-schedutils       x86_64     0.6-7.oe2303                  OS      22 k
 systemtap                x86_64     4.5-5.oe2303                  OS      75 k
 systemtap-client         x86_64     4.5-5.oe2303                  OS     3.0 M
 systemtap-runtime        x86_64     4.5-5.oe2303                  OS     387 k
 tbb                      x86_64     2020.3-5.oe2303               OS     145 k
 unzip                    x86_64     6.0-51.oe2303                 OS     131 k
 virt-what                x86_64     1.25-1.oe2303                 OS      22 k
Installing weak dependencies:
 kernel-tools             x86_64     6.1.19-7.0.0.17.oe2303        OS     194 k

Transaction Summary
================================================================================
Install  30 Packages

Total download size: 11 M
Installed size: 40 M
Downloading Packages:
[MIRROR] boost-atomic-1.81.0-1.oe2303.x86_64.rpm: Curl error (6): Couldn'\''t resolve host name for http://repo.openeuler.org/openEuler-23.03/OS/x86_64/Packages/boost-atomic-1.81.0-1.oe2303.x86_64.rpm [Could not resolve host: repo.openeuler.org]
[MIRROR] boost-chrono-1.81.0-1.oe2303.x86_64.rpm: Curl error (6): Couldn'\''t resolve host name for http://repo.openeuler.org/openEuler-23.03/OS/x86_64/Packages/boost-chrono-1.81.0-1.oe2303.x86_64.rpm [Could not resolve host: repo.openeuler.org]
[MIRROR] boost-atomic-1.81.0-1.oe2303.x86_64.rpm: Curl error (6): Couldn'\''t resolve host name for http://repo.openeuler.org/openEuler-23.03/OS/x86_64/Packages/boost-atomic-1.81.0-1.oe2303.x86_64.rpm [Could not resolve host: repo.openeuler.org]
[MIRROR] boost-chrono-1.81.0-1.oe2303.x86_64.rpm: Curl error (6): Couldn'\''t resolve host name for http://repo.openeuler.org/openEuler-23.03/OS/x86_64/Packages/boost-chrono-1.81.0-1.oe2303.x86_64.rpm [Could not resolve host: repo.openeuler.org]
[FAILED] boost-atomic-1.81.0-1.oe2303.x86_64.rpm: No more mirrors to try - All mirrors were already tried without success

The downloaded packages were saved in cache until the next successful transaction.
You can remove cached packages by executing '\''dnf clean packages'\''.
Error: Error downloading packages:
  boost-atomic-1.81.0-1.oe2303.x86_64: Cannot download, all mirrors were already tried without success'
+ [[ physicalx == \k\v\mx ]]
+ systemctl enable --now tuned
Failed to enable unit: Transport endpoint is not connected
+ mkdir /etc/tuned/my-profile_new
mkdir: cannot create directory ‘/etc/tuned/my-profile_new’: No such file or directory
+ echo '[main]
summary=General non-specialized tuned profile
[cpu]
governor=conservative
energy_perf_bias=normal
[audio]
timeout=10
[video]
radeon_powersave=dpm-balanced, auto'
oe_test_disk_tuned_set.sh: line 43: /etc/tuned/my-profile_new/tuned.conf: No such file or directory
++ awk '{print $4}'
++ tuned-adm active
oe_test_disk_tuned_set.sh: line 44: tuned-adm: command not found
+ old_profile=
+ mkdir /etc/tuned/my-profile
mkdir: cannot create directory ‘/etc/tuned/my-profile’: No such file or directory
++ grep WWN=
++ udevadm info --query=property --name=/dev/
Unknown device "/dev/": Inappropriate ioctl for device
+ ID_WWN=
+ echo '[main]
include=my-profile_new
[disk]
devices_udev_regex=
elevator=mq-deadline'
oe_test_disk_tuned_set.sh: line 51: /etc/tuned/my-profile/tuned.conf: No such file or directory
+ LOG_INFO 'End to prepare the test environment.'
+ message='End to prepare the test environment.'
+ python3 /root/mugen/libs/locallibs/mugen_log.py --level info --message 'End to prepare the test environment.'
Mon May  8 13:01:44 2023 - INFO  - End to prepare the test environment.
++ type -t run_test
+ '[' -n function ']'
+ run_test
+ LOG_INFO 'Start to run test.'
+ message='Start to run test.'
+ python3 /root/mugen/libs/locallibs/mugen_log.py --level info --message 'Start to run test.'
Mon May  8 13:01:44 2023 - INFO  - Start to run test.
+ tuned-adm profile my-profile
oe_test_disk_tuned_set.sh: line 57: tuned-adm: command not found
+ CHECK_RESULT 127
+ actual_result=127
+ expect_result=0
+ mode=0
+ error_log=
+ exit_mode=0
+ '[' -z 127 ']'
+ '[' 0 -eq 0 ']'
+ test 127x '!=' 0x
+ test -n ''
+ (( exec_result++ ))
+ LOG_ERROR 'oe_test_disk_tuned_set.sh line 58'
+ message='oe_test_disk_tuned_set.sh line 58'
+ python3 /root/mugen/libs/locallibs/mugen_log.py --level error --message 'oe_test_disk_tuned_set.sh line 58'
Mon May  8 13:01:44 2023 - ERROR - oe_test_disk_tuned_set.sh line 58
+ '[' 0 -eq 1 ']'
+ return 0
+ grep my-profile
+ tuned-adm active
oe_test_disk_tuned_set.sh: line 59: tuned-adm: command not found
+ CHECK_RESULT 1
+ actual_result=1
+ expect_result=0
+ mode=0
+ error_log=
+ exit_mode=0
+ '[' -z 1 ']'
+ '[' 0 -eq 0 ']'
+ test 1x '!=' 0x
+ test -n ''
+ (( exec_result++ ))
+ LOG_ERROR 'oe_test_disk_tuned_set.sh line 60'
+ message='oe_test_disk_tuned_set.sh line 60'
+ python3 /root/mugen/libs/locallibs/mugen_log.py --level error --message 'oe_test_disk_tuned_set.sh line 60'
Mon May  8 13:01:44 2023 - ERROR - oe_test_disk_tuned_set.sh line 60
+ '[' 0 -eq 1 ']'
+ return 0
+ grep succeeded
+ tuned-adm verify
oe_test_disk_tuned_set.sh: line 61: tuned-adm: command not found
+ CHECK_RESULT 1
+ actual_result=1
+ expect_result=0
+ mode=0
+ error_log=
+ exit_mode=0
+ '[' -z 1 ']'
+ '[' 0 -eq 0 ']'
+ test 1x '!=' 0x
+ test -n ''
+ (( exec_result++ ))
+ LOG_ERROR 'oe_test_disk_tuned_set.sh line 62'
+ message='oe_test_disk_tuned_set.sh line 62'
+ python3 /root/mugen/libs/locallibs/mugen_log.py --level error --message 'oe_test_disk_tuned_set.sh line 62'
Mon May  8 13:01:45 2023 - ERROR - oe_test_disk_tuned_set.sh line 62
+ '[' 0 -eq 1 ']'
+ return 0
+ grep mq-deadline
+ awk -F ']' '{print$1}'
+ awk -F '[' '{print$2}' /sys/block//queue/scheduler
awk: fatal: cannot open file `/sys/block//queue/scheduler' for reading: No such file or directory
+ CHECK_RESULT 1
+ actual_result=1
+ expect_result=0
+ mode=0
+ error_log=
+ exit_mode=0
+ '[' -z 1 ']'
+ '[' 0 -eq 0 ']'
+ test 1x '!=' 0x
+ test -n ''
+ (( exec_result++ ))
+ LOG_ERROR 'oe_test_disk_tuned_set.sh line 64'
+ message='oe_test_disk_tuned_set.sh line 64'
+ python3 /root/mugen/libs/locallibs/mugen_log.py --level error --message 'oe_test_disk_tuned_set.sh line 64'
Mon May  8 13:01:45 2023 - ERROR - oe_test_disk_tuned_set.sh line 64
+ '[' 0 -eq 1 ']'
+ return 0
+ tuned-adm profile ''
oe_test_disk_tuned_set.sh: line 65: tuned-adm: command not found
+ CHECK_RESULT 127
+ actual_result=127
+ expect_result=0
+ mode=0
+ error_log=
+ exit_mode=0
+ '[' -z 127 ']'
+ '[' 0 -eq 0 ']'
+ test 127x '!=' 0x
+ test -n ''
+ (( exec_result++ ))
+ LOG_ERROR 'oe_test_disk_tuned_set.sh line 66'
+ message='oe_test_disk_tuned_set.sh line 66'
+ python3 /root/mugen/libs/locallibs/mugen_log.py --level error --message 'oe_test_disk_tuned_set.sh line 66'
Mon May  8 13:01:45 2023 - ERROR - oe_test_disk_tuned_set.sh line 66
+ '[' 0 -eq 1 ']'
+ return 0
+ LOG_INFO 'End to run test.'
+ message='End to run test.'
+ python3 /root/mugen/libs/locallibs/mugen_log.py --level info --message 'End to run test.'
Mon May  8 13:01:46 2023 - INFO  - End to run test.
+ CASE_RESULT 0
+ case_re=0
+ test -z 5
+ test 5 -gt 0
+ LOG_ERROR 'failed to execute the case.'
+ message='failed to execute the case.'
+ python3 /root/mugen/libs/locallibs/mugen_log.py --level error --message 'failed to execute the case.'
Mon May  8 13:01:46 2023 - ERROR - failed to execute the case.
+ exit 5
+ post_test
+ LOG_INFO 'Start to restore the test environment.'
+ message='Start to restore the test environment.'
+ python3 /root/mugen/libs/locallibs/mugen_log.py --level info --message 'Start to restore the test environment.'
Mon May  8 13:01:46 2023 - INFO  - Start to restore the test environment.
+ rm -rf /etc/tuned/my-profile /etc/tuned/my-profile_new
+ DNF_REMOVE
+ node=1
+ pkg_list=
+ mode=0
+ [[ -z Last metadata expiration check: 0:24:11 ago on 2023年05月08日 星期一 12时29分02秒.
Package dmidecode-1:3.4-2.oe2303.x86_64 is already installed.
Dependencies resolved.
================================================================================
 Package                  Arch       Version                       Repo    Size
================================================================================
Installing:
 tuned                    noarch     2.19.0-3.oe2303               OS     338 k
Installing dependencies:
 boost-atomic             x86_64     1.81.0-1.oe2303               OS      15 k
 boost-chrono             x86_64     1.81.0-1.oe2303               OS      23 k
 boost-date-time          x86_64     1.81.0-1.oe2303               OS      12 k
 boost-filesystem         x86_64     1.81.0-1.oe2303               OS      61 k
 boost-system             x86_64     1.81.0-1.oe2303               OS      12 k
 boost-thread             x86_64     1.81.0-1.oe2303               OS      48 k
 boost-timer              x86_64     1.81.0-1.oe2303               OS      20 k
 dyninst                  x86_64     12.2.1-3.oe2303               OS     4.0 M
 hdparm                   x86_64     9.65-1.oe2303                 OS      64 k
 mokutil                  x86_64     1:0.6.0-2.oe2303              OS      42 k
 nspr                     x86_64     4.35.0-2.oe2303               OS     119 k
 nss                      x86_64     3.85.0-2.oe2303               OS     645 k
 nss-softokn              x86_64     3.85.0-2.oe2303               OS     680 k
 nss-util                 x86_64     3.85.0-2.oe2303               OS     457 k
 pciutils                 x86_64     3.9.0-1.oe2303                OS     114 k
 powertop                 x86_64     2.14-2.oe2303                 OS     247 k
 python3-configobj        noarch     5.0.6-18.oe2303               OS      64 k
 python3-decorator        noarch     5.1.1-1.oe2303                OS      21 k
 python3-linux-procfs     noarch     0.7.1-1.oe2303                OS      36 k
 python3-perf             x86_64     6.1.19-7.0.0.17.oe2303        OS     149 k
 python3-pyudev           noarch     0.24.0-1.oe2303               OS      70 k
 python3-schedutils       x86_64     0.6-7.oe2303                  OS      22 k
 systemtap                x86_64     4.5-5.oe2303                  OS      75 k
 systemtap-client         x86_64     4.5-5.oe2303                  OS     3.0 M
 systemtap-runtime        x86_64     4.5-5.oe2303                  OS     387 k
 tbb                      x86_64     2020.3-5.oe2303               OS     145 k
 unzip                    x86_64     6.0-51.oe2303                 OS     131 k
 virt-what                x86_64     1.25-1.oe2303                 OS      22 k
Installing weak dependencies:
 kernel-tools             x86_64     6.1.19-7.0.0.17.oe2303        OS     194 k

Transaction Summary
================================================================================
Install  30 Packages

Total download size: 11 M
Installed size: 40 M
Downloading Packages:
[MIRROR] boost-atomic-1.81.0-1.oe2303.x86_64.rpm: Curl error (6): Couldn't resolve host name for http://repo.openeuler.org/openEuler-23.03/OS/x86_64/Packages/boost-atomic-1.81.0-1.oe2303.x86_64.rpm [Could not resolve host: repo.openeuler.org]
[MIRROR] boost-chrono-1.81.0-1.oe2303.x86_64.rpm: Curl error (6): Couldn't resolve host name for http://repo.openeuler.org/openEuler-23.03/OS/x86_64/Packages/boost-chrono-1.81.0-1.oe2303.x86_64.rpm [Could not resolve host: repo.openeuler.org]
[MIRROR] boost-atomic-1.81.0-1.oe2303.x86_64.rpm: Curl error (6): Couldn't resolve host name for http://repo.openeuler.org/openEuler-23.03/OS/x86_64/Packages/boost-atomic-1.81.0-1.oe2303.x86_64.rpm [Could not resolve host: repo.openeuler.org]
[MIRROR] boost-chrono-1.81.0-1.oe2303.x86_64.rpm: Curl error (6): Couldn't resolve host name for http://repo.openeuler.org/openEuler-23.03/OS/x86_64/Packages/boost-chrono-1.81.0-1.oe2303.x86_64.rpm [Could not resolve host: repo.openeuler.org]
[FAILED] boost-atomic-1.81.0-1.oe2303.x86_64.rpm: No more mirrors to try - All mirrors were already tried without success

The downloaded packages were saved in cache until the next successful transaction.
You can remove cached packages by executing 'dnf clean packages'.
Error: Error downloading packages:
  boost-atomic-1.81.0-1.oe2303.x86_64: Cannot download, all mirrors were already tried without success ]]
+ '[' 0 -ne 0 ']'
+ '[' 1 == 0 ']'
+ python3 /root/mugen/libs/locallibs/rpm_manage.py remove --node 1 --pkgs '' --tempfile 'Last metadata expiration check: 0:24:11 ago on 2023年05月08日 星期一 12时29分02秒.
Package dmidecode-1:3.4-2.oe2303.x86_64 is already installed.
Dependencies resolved.
================================================================================
 Package                  Arch       Version                       Repo    Size
================================================================================
Installing:
 tuned                    noarch     2.19.0-3.oe2303               OS     338 k
Installing dependencies:
 boost-atomic             x86_64     1.81.0-1.oe2303               OS      15 k
 boost-chrono             x86_64     1.81.0-1.oe2303               OS      23 k
 boost-date-time          x86_64     1.81.0-1.oe2303               OS      12 k
 boost-filesystem         x86_64     1.81.0-1.oe2303               OS      61 k
 boost-system             x86_64     1.81.0-1.oe2303               OS      12 k
 boost-thread             x86_64     1.81.0-1.oe2303               OS      48 k
 boost-timer              x86_64     1.81.0-1.oe2303               OS      20 k
 dyninst                  x86_64     12.2.1-3.oe2303               OS     4.0 M
 hdparm                   x86_64     9.65-1.oe2303                 OS      64 k
 mokutil                  x86_64     1:0.6.0-2.oe2303              OS      42 k
 nspr                     x86_64     4.35.0-2.oe2303               OS     119 k
 nss                      x86_64     3.85.0-2.oe2303               OS     645 k
 nss-softokn              x86_64     3.85.0-2.oe2303               OS     680 k
 nss-util                 x86_64     3.85.0-2.oe2303               OS     457 k
 pciutils                 x86_64     3.9.0-1.oe2303                OS     114 k
 powertop                 x86_64     2.14-2.oe2303                 OS     247 k
 python3-configobj        noarch     5.0.6-18.oe2303               OS      64 k
 python3-decorator        noarch     5.1.1-1.oe2303                OS      21 k
 python3-linux-procfs     noarch     0.7.1-1.oe2303                OS      36 k
 python3-perf             x86_64     6.1.19-7.0.0.17.oe2303        OS     149 k
 python3-pyudev           noarch     0.24.0-1.oe2303               OS      70 k
 python3-schedutils       x86_64     0.6-7.oe2303                  OS      22 k
 systemtap                x86_64     4.5-5.oe2303                  OS      75 k
 systemtap-client         x86_64     4.5-5.oe2303                  OS     3.0 M
 systemtap-runtime        x86_64     4.5-5.oe2303                  OS     387 k
 tbb                      x86_64     2020.3-5.oe2303               OS     145 k
 unzip                    x86_64     6.0-51.oe2303                 OS     131 k
 virt-what                x86_64     1.25-1.oe2303                 OS      22 k
Installing weak dependencies:
 kernel-tools             x86_64     6.1.19-7.0.0.17.oe2303        OS     194 k

Transaction Summary
================================================================================
Install  30 Packages

Total download size: 11 M
Installed size: 40 M
Downloading Packages:
[MIRROR] boost-atomic-1.81.0-1.oe2303.x86_64.rpm: Curl error (6): Couldn'\''t resolve host name for http://repo.openeuler.org/openEuler-23.03/OS/x86_64/Packages/boost-atomic-1.81.0-1.oe2303.x86_64.rpm [Could not resolve host: repo.openeuler.org]
[MIRROR] boost-chrono-1.81.0-1.oe2303.x86_64.rpm: Curl error (6): Couldn'\''t resolve host name for http://repo.openeuler.org/openEuler-23.03/OS/x86_64/Packages/boost-chrono-1.81.0-1.oe2303.x86_64.rpm [Could not resolve host: repo.openeuler.org]
[MIRROR] boost-atomic-1.81.0-1.oe2303.x86_64.rpm: Curl error (6): Couldn'\''t resolve host name for http://repo.openeuler.org/openEuler-23.03/OS/x86_64/Packages/boost-atomic-1.81.0-1.oe2303.x86_64.rpm [Could not resolve host: repo.openeuler.org]
[MIRROR] boost-chrono-1.81.0-1.oe2303.x86_64.rpm: Curl error (6): Couldn'\''t resolve host name for http://repo.openeuler.org/openEuler-23.03/OS/x86_64/Packages/boost-chrono-1.81.0-1.oe2303.x86_64.rpm [Could not resolve host: repo.openeuler.org]
[FAILED] boost-atomic-1.81.0-1.oe2303.x86_64.rpm: No more mirrors to try - All mirrors were already tried without success

The downloaded packages were saved in cache until the next successful transaction.
You can remove cached packages by executing '\''dnf clean packages'\''.
Error: Error downloading packages:
  boost-atomic-1.81.0-1.oe2303.x86_64: Cannot download, all mirrors were already tried without success'
Traceback (most recent call last):
  File "/root/mugen/libs/locallibs/rpm_manage.py", line 173, in <module>
    exitcode = rpm_remove(args.node, args.pkgs, args.tempfile)
  File "/root/mugen/libs/locallibs/rpm_manage.py", line 144, in rpm_remove
    with open(tmpfile, "r") as f:
OSError: [Errno 36] File name too long: "Last metadata expiration check: 0:24:11 ago on 2023年05月08日 星期一 12时29分02秒.\nPackage dmidecode-1:3.4-2.oe2303.x86_64 is already installed.\nDependencies resolved.\n================================================================================\n Package                  Arch       Version                       Repo    Size\n================================================================================\nInstalling:\n tuned                    noarch     2.19.0-3.oe2303               OS     338 k\nInstalling dependencies:\n boost-atomic             x86_64     1.81.0-1.oe2303               OS      15 k\n boost-chrono             x86_64     1.81.0-1.oe2303               OS      23 k\n boost-date-time          x86_64     1.81.0-1.oe2303               OS      12 k\n boost-filesystem         x86_64     1.81.0-1.oe2303               OS      61 k\n boost-system             x86_64     1.81.0-1.oe2303               OS      12 k\n boost-thread             x86_64     1.81.0-1.oe2303               OS      48 k\n boost-timer              x86_64     1.81.0-1.oe2303               OS      20 k\n dyninst                  x86_64     12.2.1-3.oe2303               OS     4.0 M\n hdparm                   x86_64     9.65-1.oe2303                 OS      64 k\n mokutil                  x86_64     1:0.6.0-2.oe2303              OS      42 k\n nspr                     x86_64     4.35.0-2.oe2303               OS     119 k\n nss                      x86_64     3.85.0-2.oe2303               OS     645 k\n nss-softokn              x86_64     3.85.0-2.oe2303               OS     680 k\n nss-util                 x86_64     3.85.0-2.oe2303               OS     457 k\n pciutils                 x86_64     3.9.0-1.oe2303                OS     114 k\n powertop                 x86_64     2.14-2.oe2303                 OS     247 k\n python3-configobj        noarch     5.0.6-18.oe2303               OS      64 k\n python3-decorator        noarch     5.1.1-1.oe2303                OS      21 k\n python3-linux-procfs     noarch     0.7.1-1.oe2303                OS      36 k\n python3-perf             x86_64     6.1.19-7.0.0.17.oe2303        OS     149 k\n python3-pyudev           noarch     0.24.0-1.oe2303               OS      70 k\n python3-schedutils       x86_64     0.6-7.oe2303                  OS      22 k\n systemtap                x86_64     4.5-5.oe2303                  OS      75 k\n systemtap-client         x86_64     4.5-5.oe2303                  OS     3.0 M\n systemtap-runtime        x86_64     4.5-5.oe2303                  OS     387 k\n tbb                      x86_64     2020.3-5.oe2303               OS     145 k\n unzip                    x86_64     6.0-51.oe2303                 OS     131 k\n virt-what                x86_64     1.25-1.oe2303                 OS      22 k\nInstalling weak dependencies:\n kernel-tools             x86_64     6.1.19-7.0.0.17.oe2303        OS     194 k\n\nTransaction Summary\n================================================================================\nInstall  30 Packages\n\nTotal download size: 11 M\nInstalled size: 40 M\nDownloading Packages:\n[MIRROR] boost-atomic-1.81.0-1.oe2303.x86_64.rpm: Curl error (6): Couldn't resolve host name for http://repo.openeuler.org/openEuler-23.03/OS/x86_64/Packages/boost-atomic-1.81.0-1.oe2303.x86_64.rpm [Could not resolve host: repo.openeuler.org]\n[MIRROR] boost-chrono-1.81.0-1.oe2303.x86_64.rpm: Curl error (6): Couldn't resolve host name for http://repo.openeuler.org/openEuler-23.03/OS/x86_64/Packages/boost-chrono-1.81.0-1.oe2303.x86_64.rpm [Could not resolve host: repo.openeuler.org]\n[MIRROR] boost-atomic-1.81.0-1.oe2303.x86_64.rpm: Curl error (6): Couldn't resolve host name for http://repo.openeuler.org/openEuler-23.03/OS/x86_64/Packages/boost-atomic-1.81.0-1.oe2303.x86_64.rpm [Could not resolve host: repo.openeuler.org]\n[MIRROR] boost-chrono-1.81.0-1.oe2303.x86_64.rpm: Curl error (6): Couldn't resolve host name for http://repo.openeuler.org/openEuler-23.03/OS/x86_64/Packages/boost-chrono-1.81.0-1.oe2303.x86_64.rpm [Could not resolve host: repo.openeuler.org]\n[FAILED] boost-atomic-1.81.0-1.oe2303.x86_64.rpm: No more mirrors to try - All mirrors were already tried without success\n\nThe downloaded packages were saved in cache until the next successful transaction.\nYou can remove cached packages by executing 'dnf clean packages'.\nError: Error downloading packages:\n  boost-atomic-1.81.0-1.oe2303.x86_64: Cannot download, all mirrors were already tried without success"
+ '[' 0 -ne 0 ']'
+ LOG_INFO 'End to restore the test environment.'
+ message='End to restore the test environment.'
+ python3 /root/mugen/libs/locallibs/mugen_log.py --level info --message 'End to restore the test environment.'
Mon May  8 13:01:48 2023 - INFO  - End to restore the test environment.
