+ source /root/mugen/libs/locallibs/common_lib.sh
++ python3 --version
++ '[' 0 -eq 0 ']'
++ source /root/mugen/libs/locallibs/common_lib_python.sh
+ main
++ type -t post_test
+ '[' -n function ']'
+ trap post_test EXIT INT HUP TERM
+ rpm -qa
+ grep expect
++ type -t config_params
+ '[' -n '' ']'
++ type -t pre_test
+ '[' -n function ']'
+ pre_test
+ LOG_INFO 'Start environment preparation.'
+ message='Start environment preparation.'
+ python3 /root/mugen/libs/locallibs/mugen_log.py --level info --message 'Start environment preparation.'
Mon Jun 26 03:14:14 2023 - INFO  - Start environment preparation.
+ DNF_INSTALL python3-Keras
+ pkgs=python3-Keras
+ node=1
+ '[' -z '' ']'
+ tmpfile=
++ python3 /root/mugen/libs/locallibs/rpm_manage.py install --pkgs python3-Keras --node 1 --tempfile ''
+ tmpfile2=/tmp/tmpb1_nj9ap
+ '[' -z '' ']'
+ tmpfile=/tmp/tmpb1_nj9ap
+ pip3 install tensorflow -i https://pypi.tuna.tsinghua.edu.cn/simple
Looking in indexes: https://pypi.tuna.tsinghua.edu.cn/simple
ERROR: Could not find a version that satisfies the requirement tensorflow (from versions: none)
ERROR: No matching distribution found for tensorflow
+ LOG_INFO 'End of environmental preparation!'
+ message='End of environmental preparation!'
+ python3 /root/mugen/libs/locallibs/mugen_log.py --level info --message 'End of environmental preparation!'
Mon Jun 26 03:15:51 2023 - INFO  - End of environmental preparation!
++ type -t run_test
+ '[' -n function ']'
+ run_test
+ python3 Keras_1.py
Traceback (most recent call last):
  File "/root/mugen/testcases/cli-test/Keras/oe_test_Keras/Keras_1.py", line 1, in <module>
    import numpy as np
ModuleNotFoundError: No module named 'numpy'
+ CHECK_RESULT 1 0 0 'Keras_1.py failure'
+ actual_result=1
+ expect_result=0
+ mode=0
+ error_log='Keras_1.py failure'
+ exit_mode=0
+ '[' -z 1 ']'
+ '[' 0 -eq 0 ']'
+ test 1x '!=' 0x
+ test -n 'Keras_1.py failure'
+ LOG_ERROR 'Keras_1.py failure'
+ message='Keras_1.py failure'
+ python3 /root/mugen/libs/locallibs/mugen_log.py --level error --message 'Keras_1.py failure'
Mon Jun 26 03:15:53 2023 - ERROR - Keras_1.py failure
+ (( exec_result++ ))
+ LOG_ERROR 'oe_test_Keras.sh line 31'
+ message='oe_test_Keras.sh line 31'
+ python3 /root/mugen/libs/locallibs/mugen_log.py --level error --message 'oe_test_Keras.sh line 31'
Mon Jun 26 03:15:55 2023 - ERROR - oe_test_Keras.sh line 31
+ '[' 0 -eq 1 ']'
+ return 0
+ cat log1.txt
+ grep Epoch
+ CHECK_RESULT 1 0 0 'Functional model failure'
+ actual_result=1
+ expect_result=0
+ mode=0
+ error_log='Functional model failure'
+ exit_mode=0
+ '[' -z 1 ']'
+ '[' 0 -eq 0 ']'
+ test 1x '!=' 0x
+ test -n 'Functional model failure'
+ LOG_ERROR 'Functional model failure'
+ message='Functional model failure'
+ python3 /root/mugen/libs/locallibs/mugen_log.py --level error --message 'Functional model failure'
Mon Jun 26 03:15:57 2023 - ERROR - Functional model failure
+ (( exec_result++ ))
+ LOG_ERROR 'oe_test_Keras.sh line 33'
+ message='oe_test_Keras.sh line 33'
+ python3 /root/mugen/libs/locallibs/mugen_log.py --level error --message 'oe_test_Keras.sh line 33'
Mon Jun 26 03:15:58 2023 - ERROR - oe_test_Keras.sh line 33
+ '[' 0 -eq 1 ']'
+ return 0
+ python3 Keras_2.py
Traceback (most recent call last):
  File "/root/mugen/testcases/cli-test/Keras/oe_test_Keras/Keras_2.py", line 1, in <module>
    import keras
  File "/usr/lib/python3.10/site-packages/keras/__init__.py", line 20, in <module>
    from keras import distribute
  File "/usr/lib/python3.10/site-packages/keras/distribute/__init__.py", line 18, in <module>
    from keras.distribute import sidecar_evaluator
  File "/usr/lib/python3.10/site-packages/keras/distribute/sidecar_evaluator.py", line 17, in <module>
    import tensorflow.compat.v2 as tf
ModuleNotFoundError: No module named 'tensorflow'
+ CHECK_RESULT 1 0 0 'Keras_2.py failure'
+ actual_result=1
+ expect_result=0
+ mode=0
+ error_log='Keras_2.py failure'
+ exit_mode=0
+ '[' -z 1 ']'
+ '[' 0 -eq 0 ']'
+ test 1x '!=' 0x
+ test -n 'Keras_2.py failure'
+ LOG_ERROR 'Keras_2.py failure'
+ message='Keras_2.py failure'
+ python3 /root/mugen/libs/locallibs/mugen_log.py --level error --message 'Keras_2.py failure'
Mon Jun 26 03:16:01 2023 - ERROR - Keras_2.py failure
+ (( exec_result++ ))
+ LOG_ERROR 'oe_test_Keras.sh line 35'
+ message='oe_test_Keras.sh line 35'
+ python3 /root/mugen/libs/locallibs/mugen_log.py --level error --message 'oe_test_Keras.sh line 35'
Mon Jun 26 03:16:02 2023 - ERROR - oe_test_Keras.sh line 35
+ '[' 0 -eq 1 ']'
+ return 0
+ cat log2.txt
+ grep Epoch
+ CHECK_RESULT 1 0 0 'Serialization model failure'
+ actual_result=1
+ expect_result=0
+ mode=0
+ error_log='Serialization model failure'
+ exit_mode=0
+ '[' -z 1 ']'
+ '[' 0 -eq 0 ']'
+ test 1x '!=' 0x
+ test -n 'Serialization model failure'
+ LOG_ERROR 'Serialization model failure'
+ message='Serialization model failure'
+ python3 /root/mugen/libs/locallibs/mugen_log.py --level error --message 'Serialization model failure'
Mon Jun 26 03:16:04 2023 - ERROR - Serialization model failure
+ (( exec_result++ ))
+ LOG_ERROR 'oe_test_Keras.sh line 37'
+ message='oe_test_Keras.sh line 37'
+ python3 /root/mugen/libs/locallibs/mugen_log.py --level error --message 'oe_test_Keras.sh line 37'
Mon Jun 26 03:16:05 2023 - ERROR - oe_test_Keras.sh line 37
+ '[' 0 -eq 1 ']'
+ return 0
+ CASE_RESULT 0
+ case_re=0
+ test -z 4
+ test 4 -gt 0
+ LOG_ERROR 'failed to execute the case.'
+ message='failed to execute the case.'
+ python3 /root/mugen/libs/locallibs/mugen_log.py --level error --message 'failed to execute the case.'
Mon Jun 26 03:16:06 2023 - ERROR - failed to execute the case.
+ exit 4
+ post_test
+ DNF_REMOVE
+ node=1
+ pkg_list=
+ mode=0
+ [[ -z /tmp/tmpb1_nj9ap ]]
+ '[' 0 -ne 0 ']'
+ '[' 1 == 0 ']'
+ python3 /root/mugen/libs/locallibs/rpm_manage.py remove --node 1 --pkgs '' --tempfile /tmp/tmpb1_nj9ap
+ '[' 0 -ne 0 ']'
+ pip3 uninstall tensorflow -y
WARNING: Skipping tensorflow as it is not installed.
WARNING: Running pip as the 'root' user can result in broken permissions and conflicting behaviour with the system package manager. It is recommended to use a virtual environment instead: https://pip.pypa.io/warnings/venv
