+ source /root/mugen/libs/locallibs/common_lib.sh
++ python3 --version
++ '[' 0 -eq 0 ']'
++ source /root/mugen/libs/locallibs/common_lib_python.sh
+ main
++ type -t post_test
+ '[' -n function ']'
+ trap post_test EXIT INT HUP TERM
+ rpm -qa
+ grep expect
++ type -t config_params
+ '[' -n '' ']'
++ type -t pre_test
+ '[' -n function ']'
+ pre_test
+ LOG_INFO 'Start to prepare the database config.'
+ message='Start to prepare the database config.'
+ python3 /root/mugen/libs/locallibs/mugen_log.py --level info --message 'Start to prepare the database config.'
Fri Jun 23 03:28:26 2023 - INFO  - Start to prepare the database config.
+ [[ ! -f ./open_rw_file ]]
+ make
In file included from /usr/include/errno.h:28,
                 from open_rw_file.c:7:
/usr/include/bits/errno.h:26:11: fatal error: linux/errno.h: No such file or directory
   26 | # include <linux/errno.h>
      |           ^~~~~~~~~~~~~~~
compilation terminated.
make: *** [Makefile:4: default] Error 1
+ echo 'test read only file'
+ LOG_INFO 'End to prepare the database config.'
+ message='End to prepare the database config.'
+ python3 /root/mugen/libs/locallibs/mugen_log.py --level info --message 'End to prepare the database config.'
Fri Jun 23 03:28:30 2023 - INFO  - End to prepare the database config.
++ type -t run_test
+ '[' -n function ']'
+ run_test
+ LOG_INFO 'Start to run test.'
+ message='Start to run test.'
+ python3 /root/mugen/libs/locallibs/mugen_log.py --level info --message 'Start to run test.'
Fri Jun 23 03:28:31 2023 - INFO  - Start to run test.
+ echo test_rw_file
+ ./open_rw_file
oe_test_FSIO_open_rw_append_file.sh: line 32: ./open_rw_file: No such file or directory
+ CHECK_RESULT 127 0 0 'Open, read or write file failed.'
+ actual_result=127
+ expect_result=0
+ mode=0
+ error_log='Open, read or write file failed.'
+ exit_mode=0
+ '[' -z 127 ']'
+ '[' 0 -eq 0 ']'
+ test 127x '!=' 0x
+ test -n 'Open, read or write file failed.'
+ LOG_ERROR 'Open, read or write file failed.'
+ message='Open, read or write file failed.'
+ python3 /root/mugen/libs/locallibs/mugen_log.py --level error --message 'Open, read or write file failed.'
Fri Jun 23 03:28:33 2023 - ERROR - Open, read or write file failed.
+ (( exec_result++ ))
+ LOG_ERROR 'oe_test_FSIO_open_rw_append_file.sh line 33'
+ message='oe_test_FSIO_open_rw_append_file.sh line 33'
+ python3 /root/mugen/libs/locallibs/mugen_log.py --level error --message 'oe_test_FSIO_open_rw_append_file.sh line 33'
Fri Jun 23 03:28:34 2023 - ERROR - oe_test_FSIO_open_rw_append_file.sh line 33
+ '[' 0 -eq 1 ']'
+ return 0
+ grep 'test read only file' test_rw_file
test read only file
+ CHECK_RESULT 0 0 0 'The orginal message on file doesn'\''t exist.'
+ actual_result=0
+ expect_result=0
+ mode=0
+ error_log='The orginal message on file doesn'\''t exist.'
+ exit_mode=0
+ '[' -z 0 ']'
+ '[' 0 -eq 0 ']'
+ test 0x '!=' 0x
+ return 0
+ LOG_INFO 'End to run test.'
+ message='End to run test.'
+ python3 /root/mugen/libs/locallibs/mugen_log.py --level info --message 'End to run test.'
Fri Jun 23 03:28:36 2023 - INFO  - End to run test.
+ CASE_RESULT 0
+ case_re=0
+ test -z 1
+ test 1 -gt 0
+ LOG_ERROR 'failed to execute the case.'
+ message='failed to execute the case.'
+ python3 /root/mugen/libs/locallibs/mugen_log.py --level error --message 'failed to execute the case.'
Fri Jun 23 03:28:38 2023 - ERROR - failed to execute the case.
+ exit 1
+ post_test
+ LOG_INFO 'Start to restore the test environment.'
+ message='Start to restore the test environment.'
+ python3 /root/mugen/libs/locallibs/mugen_log.py --level info --message 'Start to restore the test environment.'
Fri Jun 23 03:28:39 2023 - INFO  - Start to restore the test environment.
+ rm -f test_rw_file
+ make clean
+ LOG_INFO 'End to restore the test environment.'
+ message='End to restore the test environment.'
+ python3 /root/mugen/libs/locallibs/mugen_log.py --level info --message 'End to restore the test environment.'
Fri Jun 23 03:28:42 2023 - INFO  - End to restore the test environment.
