+ source /root/mugen-riscv/libs/locallibs/common_lib.sh
++ python3 --version
++ '[' 0 -eq 0 ']'
++ source /root/mugen-riscv/libs/locallibs/common_lib_python.sh
+ main
++ type -t post_test
+ '[' -n function ']'
+ trap post_test EXIT INT HUP TERM
+ rpm -qa
+ grep expect
++ type -t config_params
+ '[' -n '' ']'
++ type -t pre_test
+ '[' -n function ']'
+ pre_test
+ LOG_INFO 'Start to prepare the test environment.'
+ message='Start to prepare the test environment.'
+ python3 /root/mugen-riscv/libs/locallibs/mugen_log.py --level info --message 'Start to prepare the test environment.'
Mon Jun 26 06:40:10 2023 - INFO  - Start to prepare the test environment.
+ DNF_INSTALL 'groovy18 tar'
+ pkgs='groovy18 tar'
+ node=1
+ '[' -z '' ']'
+ tmpfile=
++ python3 /root/mugen-riscv/libs/locallibs/rpm_manage.py install --pkgs 'groovy18 tar' --node 1 --tempfile ''
Mon Jun 26 06:40:43 2023 - INFO  - pkgs:(groovy18 tar) is already installed
+ tmpfile2=
+ '[' -z '' ']'
+ tmpfile=
+ tar -xvf common/data.tar.gz
+ LOG_INFO 'End to prepare the test environment.'
+ message='End to prepare the test environment.'
+ python3 /root/mugen-riscv/libs/locallibs/mugen_log.py --level info --message 'End to prepare the test environment.'
Mon Jun 26 06:40:48 2023 - INFO  - End to prepare the test environment.
++ type -t run_test
+ '[' -n function ']'
+ run_test
+ LOG_INFO 'Start to run test.'
+ message='Start to run test.'
+ python3 /root/mugen-riscv/libs/locallibs/mugen_log.py --level info --message 'Start to run test.'
Mon Jun 26 06:40:52 2023 - INFO  - Start to run test.
+ grep 'usage: groovyc'
+ groovy18c --help
usage: groovyc [options] <source-files>
+ CHECK_RESULT 0 0 0 'Check groovy18c --help failed'
+ actual_result=0
+ expect_result=0
+ mode=0
+ error_log='Check groovy18c --help failed'
+ '[' -z 0 ']'
+ '[' 0 -eq 0 ']'
+ test 0x '!=' 0x
+ return 0
+ groovy18c -h
+ grep 'usage: groovyc'
usage: groovyc [options] <source-files>
+ CHECK_RESULT 0 0 0 'Check groovy18c -h failed'
+ actual_result=0
+ expect_result=0
+ mode=0
+ error_log='Check groovy18c -h failed'
+ '[' -z 0 ']'
+ '[' 0 -eq 0 ']'
+ test 0x '!=' 0x
+ return 0
+ groovy18c -v
+ grep 'Groovy compiler version' gcversion.data
Groovy compiler version 1.8.9
+ CHECK_RESULT 0 0 0 'Check groovy18c -v failed'
+ actual_result=0
+ expect_result=0
+ mode=0
+ error_log='Check groovy18c -v failed'
+ '[' -z 0 ']'
+ '[' 0 -eq 0 ']'
+ test 0x '!=' 0x
+ return 0
+ rm -f gcversion.data
+ groovy18c --version
+ grep 'Groovy compiler version' gcversion.data
Groovy compiler version 1.8.9
+ CHECK_RESULT 0 0 0 'Check groovy18c --version failed'
+ actual_result=0
+ expect_result=0
+ mode=0
+ error_log='Check groovy18c --version failed'
+ '[' -z 0 ']'
+ '[' 0 -eq 0 ']'
+ test 0x '!=' 0x
+ return 0
+ rm -f gcversion.data
+ groovy18c -d classes ./data/Script.groovy
+ ls ./classes
+ grep Script.class
Script.class
+ CHECK_RESULT 0 0 0 'Check groovy18c -d failed'
+ actual_result=0
+ expect_result=0
+ mode=0
+ error_log='Check groovy18c -d failed'
+ '[' -z 0 ']'
+ '[' 0 -eq 0 ']'
+ test 0x '!=' 0x
+ return 0
+ rm -rf classes
+ groovy18c -e ./data/ScriptException.groovy
+ grep stacktrace trace.data
>>> stacktrace:
+ CHECK_RESULT 0 0 0 'Check groovy18c -e failed'
+ actual_result=0
+ expect_result=0
+ mode=0
+ error_log='Check groovy18c -e failed'
+ '[' -z 0 ']'
+ '[' 0 -eq 0 ']'
+ test 0x '!=' 0x
+ return 0
+ rm -f trace.data
+ groovy18c --encoding UTF-8 -d classes ./data/Script.groovy
+ ls ./classes
+ grep Script.class
Script.class
+ CHECK_RESULT 0 0 0 'Check groovy18c --encoding failed'
+ actual_result=0
+ expect_result=0
+ mode=0
+ error_log='Check groovy18c --encoding failed'
+ '[' -z 0 ']'
+ '[' 0 -eq 0 ']'
+ test 0x '!=' 0x
+ return 0
+ rm -rf classes
+ groovy18c -j ./data/Script.groovy ./data/TestDemo.java
Mon Jun 26 07:09:57 2023 - ERROR - Timeout : Command 'bash -x oe_test_groovy18c_01.sh' timed out after 1799.9988800699994 seconds
org.codehaus.groovy.control.MultipleCompilationErrorsException: startup failed:
Compile error during compilation with javac.
error: error reading /root/mugen-riscv/testcases/cli-test/groovy18/./data/TestDemo.java; /root/mugen-riscv/testcases/cli-test/groovy18/./data/TestDemo.java (No such file or directory)
1 error


1 error

++ post_test
++ LOG_INFO 'Start to restore the test environment.'
++ message='Start to restore the test environment.'
++ python3 /root/mugen-riscv/libs/locallibs/mugen_log.py --level info --message 'Start to restore the test environment.'
