+ source ../common/common_javapackages-tools.sh
++ source /root/mugen/libs/locallibs/common_lib.sh
+++ python3 --version
+++ '[' 0 -eq 0 ']'
+++ source /root/mugen/libs/locallibs/common_lib_python.sh
+ main
++ type -t post_test
+ '[' -n function ']'
+ trap post_test EXIT INT HUP TERM
+ rpm -qa
+ grep expect
++ type -t config_params
+ '[' -n '' ']'
++ type -t pre_test
+ '[' -n function ']'
+ pre_test
+ LOG_INFO 'Start to prepare the test environment.'
+ message='Start to prepare the test environment.'
+ python3 /root/mugen/libs/locallibs/mugen_log.py --level info --message 'Start to prepare the test environment.'
Fri Jun  2 05:43:20 2023 - INFO  - Start to prepare the test environment.
+ deploy_env
+ DNF_INSTALL junit
+ pkgs=junit
+ node=1
+ '[' -z '' ']'
+ tmpfile=
++ python3 /root/mugen/libs/locallibs/rpm_manage.py install --pkgs junit --node 1 --tempfile ''
+ tmpfile2=/tmp/tmplgamsc4y
+ '[' -z '' ']'
+ tmpfile=/tmp/tmplgamsc4y
++ rpm -qa 'java*'
++ grep 'java-.*-openjdk'
++ awk -F - '{print $2}'
+ java_version=1.8.0
+ DNF_INSTALL 'javapackages-tools java-1.8.0-devel xmvn-resolve objectweb-asm3 beust-jcommander log4j'
+ pkgs='javapackages-tools java-1.8.0-devel xmvn-resolve objectweb-asm3 beust-jcommander log4j'
+ node=1
+ '[' -z /tmp/tmplgamsc4y ']'
++ python3 /root/mugen/libs/locallibs/rpm_manage.py install --pkgs 'javapackages-tools java-1.8.0-devel xmvn-resolve objectweb-asm3 beust-jcommander log4j' --node 1 --tempfile /tmp/tmplgamsc4y
+ tmpfile2='Last metadata expiration check: 0:06:35 ago on Fri 02 Jun 2023 05:38:25 AM CST.
Package javapackages-tools-5.3.0-5.oe2303.noarch is already installed.
Error: 
 Problem: conflicting requests
  - nothing provides mvn(com.fasterxml.jackson.core:jackson-databind) needed by log4j-2.17.2-1.oe2303.noarch
(try to add '\''--skip-broken'\'' to skip uninstallable packages or '\''--nobest'\'' to use not only best candidate packages)'
+ '[' -z /tmp/tmplgamsc4y ']'
+ LOG_INFO 'Finish preparing the test environment.'
+ message='Finish preparing the test environment.'
+ python3 /root/mugen/libs/locallibs/mugen_log.py --level info --message 'Finish preparing the test environment.'
Fri Jun  2 05:45:01 2023 - INFO  - Finish preparing the test environment.
++ type -t run_test
+ '[' -n function ']'
+ run_test
+ LOG_INFO 'Start to run test.'
+ message='Start to run test.'
+ python3 /root/mugen/libs/locallibs/mugen_log.py --level info --message 'Start to run test.'
Fri Jun  2 05:45:02 2023 - INFO  - Start to run test.
+ build-jar-repository -s ./ log4j.jar
/usr/bin/build-jar-repository: Could not find log4j Java extension for this JVM
/usr/bin/build-jar-repository: error: Some specified jars were not found for this jvm
+ CHECK_RESULT 7
+ actual_result=7
+ expect_result=0
+ mode=0
+ error_log=
+ exit_mode=0
+ '[' -z 7 ']'
+ '[' 0 -eq 0 ']'
+ test 7x '!=' 0x
+ test -n ''
+ (( exec_result++ ))
+ LOG_ERROR 'oe_test_build-jar-repository.sh line 31'
+ message='oe_test_build-jar-repository.sh line 31'
+ python3 /root/mugen/libs/locallibs/mugen_log.py --level error --message 'oe_test_build-jar-repository.sh line 31'
Fri Jun  2 05:45:03 2023 - ERROR - oe_test_build-jar-repository.sh line 31
+ '[' 0 -eq 1 ']'
+ return 0
+ build-jar-repository -h ./ junit.jar
+ test -f '[junit].jar'
+ CHECK_RESULT 0
+ actual_result=0
+ expect_result=0
+ mode=0
+ error_log=
+ exit_mode=0
+ '[' -z 0 ']'
+ '[' 0 -eq 0 ']'
+ test 0x '!=' 0x
+ return 0
+ build-jar-repository -c ./ easymock.jar
+ test -f '[easymock].jar'
+ CHECK_RESULT 0
+ actual_result=0
+ expect_result=0
+ mode=0
+ error_log=
+ exit_mode=0
+ '[' -z 0 ']'
+ '[' 0 -eq 0 ']'
+ test 0x '!=' 0x
+ return 0
+ build-jar-repository -p ./ qdox.jar
+ test -f qdox.jar
+ CHECK_RESULT 0
+ actual_result=0
+ expect_result=0
+ mode=0
+ error_log=
+ exit_mode=0
+ '[' -z 0 ']'
+ '[' 0 -eq 0 ']'
+ test 0x '!=' 0x
+ return 0
+ rebuild-jar-repository -c ./ easymock.jar
/usr/bin/rebuild-jar-repository: Could not find log4j Java extension for this JVM
/usr/bin/rebuild-jar-repository: error: Some detected jars were not found for this jvm
+ CHECK_RESULT 6
+ actual_result=6
+ expect_result=0
+ mode=0
+ error_log=
+ exit_mode=0
+ '[' -z 6 ']'
+ '[' 0 -eq 0 ']'
+ test 6x '!=' 0x
+ test -n ''
+ (( exec_result++ ))
+ LOG_ERROR 'oe_test_build-jar-repository.sh line 39'
+ message='oe_test_build-jar-repository.sh line 39'
+ python3 /root/mugen/libs/locallibs/mugen_log.py --level error --message 'oe_test_build-jar-repository.sh line 39'
Fri Jun  2 05:45:06 2023 - ERROR - oe_test_build-jar-repository.sh line 39
+ '[' 0 -eq 1 ']'
+ return 0
+ rebuild-jar-repository -h ./ junit.jar
/usr/bin/rebuild-jar-repository: Could not find log4j Java extension for this JVM
/usr/bin/rebuild-jar-repository: error: Some detected jars were not found for this jvm
+ CHECK_RESULT 6
+ actual_result=6
+ expect_result=0
+ mode=0
+ error_log=
+ exit_mode=0
+ '[' -z 6 ']'
+ '[' 0 -eq 0 ']'
+ test 6x '!=' 0x
+ test -n ''
+ (( exec_result++ ))
+ LOG_ERROR 'oe_test_build-jar-repository.sh line 41'
+ message='oe_test_build-jar-repository.sh line 41'
+ python3 /root/mugen/libs/locallibs/mugen_log.py --level error --message 'oe_test_build-jar-repository.sh line 41'
Fri Jun  2 05:45:09 2023 - ERROR - oe_test_build-jar-repository.sh line 41
+ '[' 0 -eq 1 ']'
+ return 0
+ rebuild-jar-repository -s ./ log4j.jar
/usr/bin/rebuild-jar-repository: Could not find log4j Java extension for this JVM
/usr/bin/rebuild-jar-repository: Could not find log4j Java extension for this JVM
/usr/bin/rebuild-jar-repository: error: Some detected jars were not found for this jvm
+ CHECK_RESULT 6
+ actual_result=6
+ expect_result=0
+ mode=0
+ error_log=
+ exit_mode=0
+ '[' -z 6 ']'
+ '[' 0 -eq 0 ']'
+ test 6x '!=' 0x
+ test -n ''
+ (( exec_result++ ))
+ LOG_ERROR 'oe_test_build-jar-repository.sh line 43'
+ message='oe_test_build-jar-repository.sh line 43'
+ python3 /root/mugen/libs/locallibs/mugen_log.py --level error --message 'oe_test_build-jar-repository.sh line 43'
Fri Jun  2 05:45:11 2023 - ERROR - oe_test_build-jar-repository.sh line 43
+ '[' 0 -eq 1 ']'
+ return 0
+ LOG_INFO 'End of the test.'
+ message='End of the test.'
+ python3 /root/mugen/libs/locallibs/mugen_log.py --level info --message 'End of the test.'
Fri Jun  2 05:45:12 2023 - INFO  - End of the test.
+ CASE_RESULT 0
+ case_re=0
+ test -z 4
+ test 4 -gt 0
+ LOG_ERROR 'failed to execute the case.'
+ message='failed to execute the case.'
+ python3 /root/mugen/libs/locallibs/mugen_log.py --level error --message 'failed to execute the case.'
Fri Jun  2 05:45:12 2023 - ERROR - failed to execute the case.
+ exit 4
+ post_test
+ LOG_INFO 'Start to restore the test environment.'
+ message='Start to restore the test environment.'
+ python3 /root/mugen/libs/locallibs/mugen_log.py --level info --message 'Start to restore the test environment.'
Fri Jun  2 05:45:13 2023 - INFO  - Start to restore the test environment.
+ clear_env
++ ls
++ grep -v .sh
+ roc='[easymock].jar
[junit].jar
[log4j].jar
qdox.jar'
+ rm -rf '[easymock].jar' '[junit].jar' '[log4j].jar' qdox.jar
+ DNF_REMOVE
+ node=1
+ pkg_list=
+ mode=0
+ [[ -z /tmp/tmplgamsc4y ]]
+ '[' 0 -ne 0 ']'
+ '[' 1 == 0 ']'
+ python3 /root/mugen/libs/locallibs/rpm_manage.py remove --node 1 --pkgs '' --tempfile /tmp/tmplgamsc4y
+ '[' 0 -ne 0 ']'
+ LOG_INFO 'Finish restoring the test environment.'
+ message='Finish restoring the test environment.'
+ python3 /root/mugen/libs/locallibs/mugen_log.py --level info --message 'Finish restoring the test environment.'
Fri Jun  2 05:45:28 2023 - INFO  - Finish restoring the test environment.
