+ source /root/mugen-riscv/libs/locallibs/common_lib.sh
++ python3 --version
++ '[' 0 -eq 0 ']'
++ source /root/mugen-riscv/libs/locallibs/common_lib_python.sh
+ main
++ type -t post_test
+ '[' -n function ']'
+ trap post_test EXIT INT HUP TERM
+ rpm -qa
+ grep expect
++ type -t config_params
+ '[' -n '' ']'
++ type -t pre_test
+ '[' -n function ']'
+ pre_test
+ LOG_INFO 'Start to prepare the test environment.'
+ message='Start to prepare the test environment.'
+ python3 /root/mugen-riscv/libs/locallibs/mugen_log.py --level info --message 'Start to prepare the test environment.'
Wed Jun  7 09:34:59 2023 - INFO  - Start to prepare the test environment.
+ DNF_INSTALL gradle
+ pkgs=gradle
+ node=1
+ '[' -z '' ']'
+ tmpfile=
++ python3 /root/mugen-riscv/libs/locallibs/rpm_manage.py install --pkgs gradle --node 1 --tempfile ''
Wed Jun  7 09:35:26 2023 - INFO  - pkgs:(gradle) is already installed
+ tmpfile2=
+ '[' -z '' ']'
+ tmpfile=
+ mkdir subdir
+ cat
+ cat
+ LOG_INFO 'End to prepare the test environment.'
+ message='End to prepare the test environment.'
+ python3 /root/mugen-riscv/libs/locallibs/mugen_log.py --level info --message 'End to prepare the test environment.'
Wed Jun  7 09:35:29 2023 - INFO  - End to prepare the test environment.
++ type -t run_test
+ '[' -n function ']'
+ run_test
+ LOG_INFO 'Start to run test.'
+ message='Start to run test.'
+ python3 /root/mugen-riscv/libs/locallibs/mugen_log.py --level info --message 'Start to run test.'
Wed Jun  7 09:35:32 2023 - INFO  - Start to run test.
+ gradle tasks init
+ grep 'BUILD SUCCESSFUL'

FAILURE: Build failed with an exception.

* What went wrong:
Unable to start the daemon process.
This problem might be caused by incorrect configuration of the daemon.
For example, an unrecognized jvm option is used.
Please refer to the user guide chapter on the daemon at https://docs.gradle.org/4.4.1/userguide/gradle_daemon.html
Please read the following process output to find out more:
-----------------------

FAILURE: Build failed with an exception.

* What went wrong:
Could not create service of type ClassLoaderRegistry using GlobalScopeServices.createClassLoaderRegistry().

* Try:
Run with --stacktrace option to get the stack trace. Run with --info or --debug option to get more log output. Run with --scan to get full insights.

* Get more help at https://help.gradle.org


* Try:
Run with --stacktrace option to get the stack trace. Run with --info or --debug option to get more log output. Run with --scan to get full insights.

* Get more help at https://help.gradle.org
+ CHECK_RESULT 1 0 0 'Check gradle tasks init failed'
+ actual_result=1
+ expect_result=0
+ mode=0
+ error_log='Check gradle tasks init failed'
+ '[' -z 1 ']'
+ '[' 0 -eq 0 ']'
+ test 1x '!=' 0x
+ test -n 'Check gradle tasks init failed'
+ LOG_ERROR 'Check gradle tasks init failed'
+ message='Check gradle tasks init failed'
+ python3 /root/mugen-riscv/libs/locallibs/mugen_log.py --level error --message 'Check gradle tasks init failed'
Wed Jun  7 10:00:06 2023 - ERROR - Check gradle tasks init failed
+ (( exec_result++ ))
+ LOG_ERROR 'oe_test_gradle_02.sh line 39'
+ message='oe_test_gradle_02.sh line 39'
+ python3 /root/mugen-riscv/libs/locallibs/mugen_log.py --level error --message 'oe_test_gradle_02.sh line 39'
Wed Jun  7 10:00:07 2023 - ERROR - oe_test_gradle_02.sh line 39
+ return 0
+ gradle tasks wrapper
+ grep 'BUILD SUCCESSFUL'
oe_test_gradle_02.sh: line 40: gradle: command not found
+ CHECK_RESULT 1 0 0 'Check gradle tasks wrapper failed.'
+ actual_result=1
+ expect_result=0
+ mode=0
+ error_log='Check gradle tasks wrapper failed.'
+ '[' -z 1 ']'
+ '[' 0 -eq 0 ']'
+ test 1x '!=' 0x
+ test -n 'Check gradle tasks wrapper failed.'
+ LOG_ERROR 'Check gradle tasks wrapper failed.'
+ message='Check gradle tasks wrapper failed.'
+ python3 /root/mugen-riscv/libs/locallibs/mugen_log.py --level error --message 'Check gradle tasks wrapper failed.'
Wed Jun  7 10:00:09 2023 - ERROR - Check gradle tasks wrapper failed.
+ (( exec_result++ ))
+ LOG_ERROR 'oe_test_gradle_02.sh line 41'
+ message='oe_test_gradle_02.sh line 41'
+ python3 /root/mugen-riscv/libs/locallibs/mugen_log.py --level error --message 'oe_test_gradle_02.sh line 41'
Wed Jun  7 10:00:11 2023 - ERROR - oe_test_gradle_02.sh line 41
+ return 0
+ cp -f ../common/build.gradle ./
+ gradle -m build
oe_test_gradle_02.sh: line 43: gradle: command not found
+ grep 'BUILD SUCCESSFUL'
+ CHECK_RESULT 1 0 0 'Check gradle -m build failed.'
+ actual_result=1
+ expect_result=0
+ mode=0
+ error_log='Check gradle -m build failed.'
+ '[' -z 1 ']'
+ '[' 0 -eq 0 ']'
+ test 1x '!=' 0x
+ test -n 'Check gradle -m build failed.'
+ LOG_ERROR 'Check gradle -m build failed.'
+ message='Check gradle -m build failed.'
+ python3 /root/mugen-riscv/libs/locallibs/mugen_log.py --level error --message 'Check gradle -m build failed.'
Wed Jun  7 10:00:13 2023 - ERROR - Check gradle -m build failed.
+ (( exec_result++ ))
+ LOG_ERROR 'oe_test_gradle_02.sh line 44'
+ message='oe_test_gradle_02.sh line 44'
+ python3 /root/mugen-riscv/libs/locallibs/mugen_log.py --level error --message 'oe_test_gradle_02.sh line 44'
Wed Jun  7 10:00:15 2023 - ERROR - oe_test_gradle_02.sh line 44
+ return 0
+ gradle build --profile
oe_test_gradle_02.sh: line 45: gradle: command not found
+ grep 'BUILD SUCCESSFUL'
+ CHECK_RESULT 1 0 0 'Check gradle build --profile failed.'
+ actual_result=1
+ expect_result=0
+ mode=0
+ error_log='Check gradle build --profile failed.'
+ '[' -z 1 ']'
+ '[' 0 -eq 0 ']'
+ test 1x '!=' 0x
+ test -n 'Check gradle build --profile failed.'
+ LOG_ERROR 'Check gradle build --profile failed.'
+ message='Check gradle build --profile failed.'
+ python3 /root/mugen-riscv/libs/locallibs/mugen_log.py --level error --message 'Check gradle build --profile failed.'
Wed Jun  7 10:00:17 2023 - ERROR - Check gradle build --profile failed.
+ (( exec_result++ ))
+ LOG_ERROR 'oe_test_gradle_02.sh line 46'
+ message='oe_test_gradle_02.sh line 46'
+ python3 /root/mugen-riscv/libs/locallibs/mugen_log.py --level error --message 'oe_test_gradle_02.sh line 46'
Wed Jun  7 10:00:18 2023 - ERROR - oe_test_gradle_02.sh line 46
+ return 0
+ gradle -q -b subdir/myproject.gradle hello
oe_test_gradle_02.sh: line 47: gradle: command not found
+ grep 'using build file '\''.name'\'' in '\''.parentFile.name'\''.'
+ CHECK_RESULT 1 0 0 'Check gradle -q -b failed.'
+ actual_result=1
+ expect_result=0
+ mode=0
+ error_log='Check gradle -q -b failed.'
+ '[' -z 1 ']'
+ '[' 0 -eq 0 ']'
+ test 1x '!=' 0x
+ test -n 'Check gradle -q -b failed.'
+ LOG_ERROR 'Check gradle -q -b failed.'
+ message='Check gradle -q -b failed.'
+ python3 /root/mugen-riscv/libs/locallibs/mugen_log.py --level error --message 'Check gradle -q -b failed.'
Wed Jun  7 10:00:20 2023 - ERROR - Check gradle -q -b failed.
+ (( exec_result++ ))
+ LOG_ERROR 'oe_test_gradle_02.sh line 48'
+ message='oe_test_gradle_02.sh line 48'
+ python3 /root/mugen-riscv/libs/locallibs/mugen_log.py --level error --message 'oe_test_gradle_02.sh line 48'
Wed Jun  7 10:00:21 2023 - ERROR - oe_test_gradle_02.sh line 48
+ return 0
+ gradle -q -p subdir hello
oe_test_gradle_02.sh: line 49: gradle: command not found
+ grep 'using build file '\''.name'\'' in '\''.parentFile.name'\''.'
+ CHECK_RESULT 1 0 0 'Check gradle -q -p failed.'
+ actual_result=1
+ expect_result=0
+ mode=0
+ error_log='Check gradle -q -p failed.'
+ '[' -z 1 ']'
+ '[' 0 -eq 0 ']'
+ test 1x '!=' 0x
+ test -n 'Check gradle -q -p failed.'
+ LOG_ERROR 'Check gradle -q -p failed.'
+ message='Check gradle -q -p failed.'
+ python3 /root/mugen-riscv/libs/locallibs/mugen_log.py --level error --message 'Check gradle -q -p failed.'
Wed Jun  7 10:00:23 2023 - ERROR - Check gradle -q -p failed.
+ (( exec_result++ ))
+ LOG_ERROR 'oe_test_gradle_02.sh line 50'
+ message='oe_test_gradle_02.sh line 50'
+ python3 /root/mugen-riscv/libs/locallibs/mugen_log.py --level error --message 'oe_test_gradle_02.sh line 50'
Wed Jun  7 10:00:25 2023 - ERROR - oe_test_gradle_02.sh line 50
+ return 0
+ gradle base
oe_test_gradle_02.sh: line 51: gradle: command not found
+ grep Task
+ CHECK_RESULT 1 0 0 'Check gradle base failed.'
+ actual_result=1
+ expect_result=0
+ mode=0
+ error_log='Check gradle base failed.'
+ '[' -z 1 ']'
+ '[' 0 -eq 0 ']'
+ test 1x '!=' 0x
+ test -n 'Check gradle base failed.'
+ LOG_ERROR 'Check gradle base failed.'
+ message='Check gradle base failed.'
+ python3 /root/mugen-riscv/libs/locallibs/mugen_log.py --level error --message 'Check gradle base failed.'
Wed Jun  7 10:00:27 2023 - ERROR - Check gradle base failed.
+ (( exec_result++ ))
+ LOG_ERROR 'oe_test_gradle_02.sh line 52'
+ message='oe_test_gradle_02.sh line 52'
+ python3 /root/mugen-riscv/libs/locallibs/mugen_log.py --level error --message 'oe_test_gradle_02.sh line 52'
Wed Jun  7 10:00:29 2023 - ERROR - oe_test_gradle_02.sh line 52
+ return 0
+ gradle -q base
oe_test_gradle_02.sh: line 53: gradle: command not found
+ grep 'BUILD SUCCESSFUL'
+ CHECK_RESULT 1 1 0 'Check gradle -q base failed.'
+ actual_result=1
+ expect_result=1
+ mode=0
+ error_log='Check gradle -q base failed.'
+ '[' -z 1 ']'
+ '[' 0 -eq 0 ']'
+ test 1x '!=' 1x
+ return 0
+ gradle -w base
oe_test_gradle_02.sh: line 55: gradle: command not found
+ grep warning
+ CHECK_RESULT 1 0 0 'Check gradle -w base failed.'
+ actual_result=1
+ expect_result=0
+ mode=0
+ error_log='Check gradle -w base failed.'
+ '[' -z 1 ']'
+ '[' 0 -eq 0 ']'
+ test 1x '!=' 0x
+ test -n 'Check gradle -w base failed.'
+ LOG_ERROR 'Check gradle -w base failed.'
+ message='Check gradle -w base failed.'
+ python3 /root/mugen-riscv/libs/locallibs/mugen_log.py --level error --message 'Check gradle -w base failed.'
Wed Jun  7 10:00:31 2023 - ERROR - Check gradle -w base failed.
+ (( exec_result++ ))
+ LOG_ERROR 'oe_test_gradle_02.sh line 56'
+ message='oe_test_gradle_02.sh line 56'
+ python3 /root/mugen-riscv/libs/locallibs/mugen_log.py --level error --message 'oe_test_gradle_02.sh line 56'
Wed Jun  7 10:00:33 2023 - ERROR - oe_test_gradle_02.sh line 56
+ return 0
+ LOG_INFO 'End to run test.'
+ message='End to run test.'
+ python3 /root/mugen-riscv/libs/locallibs/mugen_log.py --level info --message 'End to run test.'
Wed Jun  7 10:00:34 2023 - INFO  - End to run test.
+ CASE_RESULT 0
+ case_re=0
+ test -z 8
+ test 8 -gt 0
+ LOG_ERROR 'failed to execute the case.'
+ message='failed to execute the case.'
+ python3 /root/mugen-riscv/libs/locallibs/mugen_log.py --level error --message 'failed to execute the case.'
Wed Jun  7 10:00:37 2023 - ERROR - failed to execute the case.
+ exit 8
+ post_test
+ LOG_INFO 'Start to restore the test environment.'
+ message='Start to restore the test environment.'
+ python3 /root/mugen-riscv/libs/locallibs/mugen_log.py --level info --message 'Start to restore the test environment.'
Wed Jun  7 10:00:39 2023 - INFO  - Start to restore the test environment.
++ ls
++ grep -vE '\.sh'
+ rm -rf build.gradle subdir .gradle/
+ DNF_REMOVE
+ node=1
+ pkg_list=
+ mode=0
+ [[ -z '' ]]
+ [[ -z '' ]]
+ LOG_WARN 'no thing to do.'
+ message='no thing to do.'
+ python3 /root/mugen-riscv/libs/locallibs/mugen_log.py --level warn --message 'no thing to do.'
Wed Jun  7 10:00:41 2023 - WARN  - no thing to do.
+ return 0
+ LOG_INFO 'End to restore the test environment.'
+ message='End to restore the test environment.'
+ python3 /root/mugen-riscv/libs/locallibs/mugen_log.py --level info --message 'End to restore the test environment.'
Wed Jun  7 10:00:43 2023 - INFO  - End to restore the test environment.
