+ source /root/mugen/libs/locallibs/common_lib.sh
++ python3 --version
++ '[' 0 -eq 0 ']'
++ source /root/mugen/libs/locallibs/common_lib_python.sh
+ source ./common/lib/util.sh
+ main
++ type -t post_test
+ '[' -n function ']'
+ trap post_test EXIT INT HUP TERM
+ rpm -qa
+ grep expect
++ type -t config_params
+ '[' -n '' ']'
++ type -t pre_test
+ '[' -n function ']'
+ pre_test
+ LOG_INFO 'Start to prepare the test environment.'
+ message='Start to prepare the test environment.'
+ python3 /root/mugen/libs/locallibs/mugen_log.py --level info --message 'Start to prepare the test environment.'
Mon Jun 26 02:13:57 2023 - INFO  - Start to prepare the test environment.
+ DNF_INSTALL 'aqute-bnd tar'
+ pkgs='aqute-bnd tar'
+ node=1
+ '[' -z '' ']'
+ tmpfile=
++ python3 /root/mugen/libs/locallibs/rpm_manage.py install --pkgs 'aqute-bnd tar' --node 1 --tempfile ''
+ tmpfile2=/tmp/tmpcs6ots52
+ '[' -z '' ']'
+ tmpfile=/tmp/tmpcs6ots52
+ extract_data
+ [[ -f ./common/data.tar.gz ]]
+ tar -xvf ./common/data.tar.gz
+ LOG_INFO 'End to prepare the test environment.'
+ message='End to prepare the test environment.'
+ python3 /root/mugen/libs/locallibs/mugen_log.py --level info --message 'End to prepare the test environment.'
Mon Jun 26 02:17:42 2023 - INFO  - End to prepare the test environment.
++ type -t run_test
+ '[' -n function ']'
+ run_test
+ LOG_INFO 'Start to run test.'
+ message='Start to run test.'
+ python3 /root/mugen/libs/locallibs/mugen_log.py --level info --message 'Start to run test.'
Mon Jun 26 02:17:44 2023 - INFO  - Start to run test.
+ bnd enroute workspace tmp
-----------------
Errors
000: Cannot find template in this jar /templates/enroute.zip
+ test -d tmp
+ CHECK_RESULT 0 0 0 'check bnd enroute failed'
+ actual_result=0
+ expect_result=0
+ mode=0
+ error_log='check bnd enroute failed'
+ exit_mode=0
+ '[' -z 0 ']'
+ '[' 0 -eq 0 ']'
+ test 0x '!=' 0x
+ return 0
+ rm -rf tmp
+ pushd ./data/osgi-vertx-demo
~/mugen/testcases/cli-test/aqute-bnd/data/osgi-vertx-demo ~/mugen/testcases/cli-test/aqute-bnd
+ bnd export -p chat.vertx.mongo
+ CHECK_RESULT 0 0 0 'check bnd export failed'
+ actual_result=0
+ expect_result=0
+ mode=0
+ error_log='check bnd export failed'
+ exit_mode=0
+ '[' -z 0 ']'
+ '[' 0 -eq 0 ']'
+ test 0x '!=' 0x
+ return 0
+ popd
~/mugen/testcases/cli-test/aqute-bnd
+ pushd ./data/jar
~/mugen/testcases/cli-test/aqute-bnd/data/jar ~/mugen/testcases/cli-test/aqute-bnd
+ bnd extract -f org.osgi.core-6.0.0.jar
+ test -d org
+ CHECK_RESULT 0 0 0 'check bnd extract failed'
+ actual_result=0
+ expect_result=0
+ mode=0
+ error_log='check bnd extract failed'
+ exit_mode=0
+ '[' -z 0 ']'
+ '[' 0 -eq 0 ']'
+ test 0x '!=' 0x
+ return 0
+ rm -rf META-INF org
+ popd
~/mugen/testcases/cli-test/aqute-bnd
+ pushd data/jar
~/mugen/testcases/cli-test/aqute-bnd/data/jar ~/mugen/testcases/cli-test/aqute-bnd
+ bnd flatten bnd-libg-3.5.0.jar tmp
-----------------
Warnings
000: /root/mugen/testcases/cli-test/aqute-bnd/data/jar/bnd-libg-3.5.0.jar has no bundle class path
+ CHECK_RESULT 0 0 0 'check bnd flatten failed'
+ actual_result=0
+ expect_result=0
+ mode=0
+ error_log='check bnd flatten failed'
+ exit_mode=0
+ '[' -z 0 ']'
+ '[' 0 -eq 0 ']'
+ test 0x '!=' 0x
+ return 0
+ popd
~/mugen/testcases/cli-test/aqute-bnd
+ bnd grep -h '*' settings ./data/jar/bnd-libg-3.5.0.jar
+ grep 'ute.lib.\[settings]'
           ./data/jar/bnd-libg-3.5.0.jar :       Import-Package ...ute.lib.[settings]...
           ./data/jar/bnd-libg-3.5.0.jar :       Export-Package ...ute.lib.[settings]...
+ CHECK_RESULT 0 0 0 'check bnd grep failed'
+ actual_result=0
+ expect_result=0
+ mode=0
+ error_log='check bnd grep failed'
+ exit_mode=0
+ '[' -z 0 ']'
+ '[' 0 -eq 0 ']'
+ test 0x '!=' 0x
+ return 0
+ pushd data/com.acme.prime/com.acme.prime.hello
~/mugen/testcases/cli-test/aqute-bnd/data/com.acme.prime/com.acme.prime.hello ~/mugen/testcases/cli-test/aqute-bnd
+ bnd info -b
+ grep 'Run path'
-----------------
Errors
000: Exception: java.lang.ClassNotFoundException: de.mnl.osgi.bnd.repository.maven.provider.IndexedMavenRepositoryProvider not found, parent: sun.misc.Launcher$AppClassLoader@3d4eac69 urls:[file:/root/mugen/testcases/cli-test/aqute-bnd/data/com.acme.prime/cnf/cache/de.mnl.osgi.bnd.repository-4.1.0.jar, file:/root/mugen/testcases/cli-test/aqute-bnd/data/com.acme.prime/cnf/cache/biz.aQute.repository-6.0.0.jar] exception:java.lang.UnsupportedClassVersionError: de/mnl/osgi/bnd/repository/maven/provider/IndexedMavenRepositoryProvider has been compiled by a more recent version of the Java Runtime (class file version 55.0), this version of the Java Runtime only recognizes class file versions up to 52.0
	at java.lang.ClassLoader.defineClass1(Native Method)
	at java.lang.ClassLoader.defineClass(ClassLoader.java:756)
	at java.security.SecureClassLoader.defineClass(SecureClassLoader.java:142)
	at java.net.URLClassLoader.defineClass(URLClassLoader.java:493)
	at java.net.URLClassLoader.access$100(URLClassLoader.java:75)
	at java.net.URLClassLoader$1.run(URLClassLoader.java:389)
	at java.net.URLClassLoader$1.run(URLClassLoader.java:383)
	at java.security.AccessController.doPrivileged(Native Method)
	at java.net.URLClassLoader.findClass(URLClassLoader.java:382)
	at java.lang.ClassLoader.loadClass(ClassLoader.java:418)
	at java.lang.ClassLoader.loadClass(ClassLoader.java:351)
	at aQute.bnd.osgi.Processor$CL.loadClass(Processor.java:1742)
	at aQute.bnd.osgi.Processor.loadPlugin(Processor.java:718)
	at aQute.bnd.osgi.Processor.loadPlugins(Processor.java:606)
	at aQute.bnd.osgi.Processor.getPlugins(Processor.java:495)
	at aQute.bnd.osgi.Processor.getPlugins(Processor.java:487)
	at aQute.bnd.osgi.Processor.getPlugins(Processor.java:435)
	at aQute.bnd.build.Project.prepare(Project.java:344)
	at aQute.bnd.build.Project.getRunbundles(Project.java:826)
	at aQute.bnd.main.bnd._info(bnd.java:2960)
	at sun.reflect.NativeMethodAccessorImpl.invoke0(Native Method)
	at sun.reflect.NativeMethodAccessorImpl.invoke(NativeMethodAccessorImpl.java:62)
	at sun.reflect.DelegatingMethodAccessorImpl.invoke(DelegatingMethodAccessorImpl.java:43)
	at java.lang.reflect.Method.invoke(Method.java:498)
	at aQute.lib.getopt.CommandLine.execute(CommandLine.java:149)
	at aQute.bnd.main.bnd._bnd(bnd.java:376)
	at sun.reflect.NativeMethodAccessorImpl.invoke0(Native Method)
	at sun.reflect.NativeMethodAccessorImpl.invoke(NativeMethodAccessorImpl.java:62)
	at sun.reflect.DelegatingMethodAccessorImpl.invoke(DelegatingMethodAccessorImpl.java:43)
	at java.lang.reflect.Method.invoke(Method.java:498)
	at aQute.lib.getopt.CommandLine.execute(CommandLine.java:149)
	at aQute.bnd.main.bnd.start(bnd.java:231)
	at aQute.bnd.main.bnd.main(bnd.java:216)

	at aQute.bnd.osgi.Processor$CL.loadClass(Processor.java:1753)
	at aQute.bnd.osgi.Processor.loadPlugin(Processor.java:718)
	at aQute.bnd.osgi.Processor.loadPlugins(Processor.java:606)
	at aQute.bnd.osgi.Processor.getPlugins(Processor.java:495)
	at aQute.bnd.osgi.Processor.getPlugins(Processor.java:487)
	at aQute.bnd.osgi.Processor.getPlugins(Processor.java:435)
	at aQute.bnd.build.Project.prepare(Project.java:344)
	at aQute.bnd.build.Project.getRunbundles(Project.java:826)
	at aQute.bnd.main.bnd._info(bnd.java:2960)
	at sun.reflect.NativeMethodAccessorImpl.invoke0(Native Method)
	at sun.reflect.NativeMethodAccessorImpl.invoke(NativeMethodAccessorImpl.java:62)
	at sun.reflect.DelegatingMethodAccessorImpl.invoke(DelegatingMethodAccessorImpl.java:43)
	at java.lang.reflect.Method.invoke(Method.java:498)
	at aQute.lib.getopt.CommandLine.execute(CommandLine.java:149)
	at aQute.bnd.main.bnd._bnd(bnd.java:376)
	at sun.reflect.NativeMethodAccessorImpl.invoke0(Native Method)
	at sun.reflect.NativeMethodAccessorImpl.invoke(NativeMethodAccessorImpl.java:62)
	at sun.reflect.DelegatingMethodAccessorImpl.invoke(DelegatingMethodAccessorImpl.java:43)
	at java.lang.reflect.Method.invoke(Method.java:498)
	at aQute.lib.getopt.CommandLine.execute(CommandLine.java:149)
	at aQute.bnd.main.bnd.start(bnd.java:231)
	at aQute.bnd.main.bnd.main(bnd.java:216)
Caused by: java.lang.UnsupportedClassVersionError: de/mnl/osgi/bnd/repository/maven/provider/IndexedMavenRepositoryProvider has been compiled by a more recent version of the Java Runtime (class file version 55.0), this version of the Java Runtime only recognizes class file versions up to 52.0
	at java.lang.ClassLoader.defineClass1(Native Method)
	at java.lang.ClassLoader.defineClass(ClassLoader.java:756)
	at java.security.SecureClassLoader.defineClass(SecureClassLoader.java:142)
	at java.net.URLClassLoader.defineClass(URLClassLoader.java:493)
	at java.net.URLClassLoader.access$100(URLClassLoader.java:75)
	at java.net.URLClassLoader$1.run(URLClassLoader.java:389)
	at java.net.URLClassLoader$1.run(URLClassLoader.java:383)
	at java.security.AccessController.doPrivileged(Native Method)
	at java.net.URLClassLoader.findClass(URLClassLoader.java:382)
	at java.lang.ClassLoader.loadClass(ClassLoader.java:418)
	at java.lang.ClassLoader.loadClass(ClassLoader.java:351)
	at aQute.bnd.osgi.Processor$CL.loadClass(Processor.java:1742)
	... 21 more

001: Failed to load plugin de.mnl.osgi.bnd.repository.maven.provider.IndexedMavenRepositoryProvider;name=IndexedMaven;location="cnf/indexed-maven";releaseUrls="https://repo1.maven.org/maven2/";logIndexing=true, error: java.lang.ClassNotFoundException: de.mnl.osgi.bnd.repository.maven.provider.IndexedMavenRepositoryProvider not found, parent: sun.misc.Launcher$AppClassLoader@3d4eac69 urls:[file:/root/mugen/testcases/cli-test/aqute-bnd/data/com.acme.prime/cnf/cache/de.mnl.osgi.bnd.repository-4.1.0.jar, file:/root/mugen/testcases/cli-test/aqute-bnd/data/com.acme.prime/cnf/cache/biz.aQute.repository-6.0.0.jar] exception:java.lang.UnsupportedClassVersionError: de/mnl/osgi/bnd/repository/maven/provider/IndexedMavenRepositoryProvider has been compiled by a more recent version of the Java Runtime (class file version 55.0), this version of the Java Runtime only recognizes class file versions up to 52.0
	at java.lang.ClassLoader.defineClass1(Native Method)
	at java.lang.ClassLoader.defineClass(ClassLoader.java:756)
	at java.security.SecureClassLoader.defineClass(SecureClassLoader.java:142)
	at java.net.URLClassLoader.defineClass(URLClassLoader.java:493)
	at java.net.URLClassLoader.access$100(URLClassLoader.java:75)
	at java.net.URLClassLoader$1.run(URLClassLoader.java:389)
	at java.net.URLClassLoader$1.run(URLClassLoader.java:383)
	at java.security.AccessController.doPrivileged(Native Method)
	at java.net.URLClassLoader.findClass(URLClassLoader.java:382)
	at java.lang.ClassLoader.loadClass(ClassLoader.java:418)
	at java.lang.ClassLoader.loadClass(ClassLoader.java:351)
	at aQute.bnd.osgi.Processor$CL.loadClass(Processor.java:1742)
	at aQute.bnd.osgi.Processor.loadPlugin(Processor.java:718)
	at aQute.bnd.osgi.Processor.loadPlugins(Processor.java:606)
	at aQute.bnd.osgi.Processor.getPlugins(Processor.java:495)
	at aQute.bnd.osgi.Processor.getPlugins(Processor.java:487)
	at aQute.bnd.osgi.Processor.getPlugins(Processor.java:435)
	at aQute.bnd.build.Project.prepare(Project.java:344)
	at aQute.bnd.build.Project.getRunbundles(Project.java:826)
	at aQute.bnd.main.bnd._info(bnd.java:2960)
	at sun.reflect.NativeMethodAccessorImpl.invoke0(Native Method)
	at sun.reflect.NativeMethodAccessorImpl.invoke(NativeMethodAccessorImpl.java:62)
	at sun.reflect.DelegatingMethodAccessorImpl.invoke(DelegatingMethodAccessorImpl.java:43)
	at java.lang.reflect.Method.invoke(Method.java:498)
	at aQute.lib.getopt.CommandLine.execute(CommandLine.java:149)
	at aQute.bnd.main.bnd._bnd(bnd.java:376)
	at sun.reflect.NativeMethodAccessorImpl.invoke0(Native Method)
	at sun.reflect.NativeMethodAccessorImpl.invoke(NativeMethodAccessorImpl.java:62)
	at sun.reflect.DelegatingMethodAccessorImpl.invoke(DelegatingMethodAccessorImpl.java:43)
	at java.lang.reflect.Method.invoke(Method.java:498)
	at aQute.lib.getopt.CommandLine.execute(CommandLine.java:149)
	at aQute.bnd.main.bnd.start(bnd.java:231)
	at aQute.bnd.main.bnd.main(bnd.java:216)
 
002: Cannot load the plugin de.mnl.osgi.bnd.repository.maven.provider.IndexedMavenRepositoryProvider
Run path                                 
+ CHECK_RESULT 0 0 0 'check bnd info failed'
+ actual_result=0
+ expect_result=0
+ mode=0
+ error_log='check bnd info failed'
+ exit_mode=0
+ '[' -z 0 ']'
+ '[' 0 -eq 0 ']'
+ test 0x '!=' 0x
+ return 0
+ popd
~/mugen/testcases/cli-test/aqute-bnd
+ pushd data/junittest
~/mugen/testcases/cli-test/aqute-bnd/data/junittest ~/mugen/testcases/cli-test/aqute-bnd
+ bnd junit .
+ CHECK_RESULT 0 0 0 'check bnd junit failed'
+ actual_result=0
+ expect_result=0
+ mode=0
+ error_log='check bnd junit failed'
+ exit_mode=0
+ '[' -z 0 ']'
+ '[' 0 -eq 0 ']'
+ test 0x '!=' 0x
+ return 0
+ popd
~/mugen/testcases/cli-test/aqute-bnd
+ pushd data/com.acme.prime/com.acme.prime.hello
~/mugen/testcases/cli-test/aqute-bnd/data/com.acme.prime/com.acme.prime.hello ~/mugen/testcases/cli-test/aqute-bnd
+ bnd macro p
+ grep com.acme.prime.hello tmp.txt
com.acme.prime.hello
+ CHECK_RESULT 0 0 0 'check bnd macro failed'
+ actual_result=0
+ expect_result=0
+ mode=0
+ error_log='check bnd macro failed'
+ exit_mode=0
+ '[' -z 0 ']'
+ '[' 0 -eq 0 ']'
+ test 0x '!=' 0x
+ return 0
+ rm -f tmp.txt
+ popd
~/mugen/testcases/cli-test/aqute-bnd
+ [[ ! -d /root/.m2/ ]]
+ mkdir -p /root/.m2/
+ cp data/settings.xml /root/.m2/
+ bnd maven settings
+ grep 'URL wird nicht verwendet' tmp.txt
	                    <url>http://central</url> <!-- URL wird nicht verwendet, da mirror alles zu nexus weiterleitet -->
	                    <url>http://central</url> <!-- URL wird nicht verwendet, da mirror alles zu nexus weiterleitet -->
+ CHECK_RESULT 0 0 0 'check bnd maven failed'
+ actual_result=0
+ expect_result=0
+ mode=0
+ error_log='check bnd maven failed'
+ exit_mode=0
+ '[' -z 0 ']'
+ '[' 0 -eq 0 ']'
+ test 0x '!=' 0x
+ return 0
+ rm -f tmp.txt
+ LOG_INFO 'End to run test.'
+ message='End to run test.'
+ python3 /root/mugen/libs/locallibs/mugen_log.py --level info --message 'End to run test.'
Mon Jun 26 02:19:43 2023 - INFO  - End to run test.
+ CASE_RESULT 0
+ case_re=0
+ test -z ''
+ test 0 -eq 0
+ LOG_INFO 'succeed to execute the case.'
+ message='succeed to execute the case.'
+ python3 /root/mugen/libs/locallibs/mugen_log.py --level info --message 'succeed to execute the case.'
Mon Jun 26 02:19:44 2023 - INFO  - succeed to execute the case.
+ exec_result=
+ exit 0
+ post_test
+ LOG_INFO 'Start to restore the test environment.'
+ message='Start to restore the test environment.'
+ python3 /root/mugen/libs/locallibs/mugen_log.py --level info --message 'Start to restore the test environment.'
Mon Jun 26 02:19:46 2023 - INFO  - Start to restore the test environment.
+ DNF_REMOVE
+ node=1
+ pkg_list=
+ mode=0
+ [[ -z /tmp/tmpcs6ots52 ]]
+ '[' 0 -ne 0 ']'
+ '[' 1 == 0 ']'
+ python3 /root/mugen/libs/locallibs/rpm_manage.py remove --node 1 --pkgs '' --tempfile /tmp/tmpcs6ots52
+ '[' 0 -ne 0 ']'
+ clean_dir
++ ls
+ filelist='aqute-bnd.md
common
data
maven-bundle
oe_test_aqute_bnd_01.sh
oe_test_aqute_bnd_02.sh
oe_test_aqute_bnd_03.sh
oe_test_aqute_bnd_04.sh
oe_test_aqute_bnd_05.sh'
+ for filename in ${filelist[@]}
+ [[ -d aqute-bnd.md ]]
+ for filename in ${filelist[@]}
+ [[ -d common ]]
+ [[ ! commonx == \c\o\m\m\o\n\x ]]
+ for filename in ${filelist[@]}
+ [[ -d data ]]
+ [[ ! datax == \c\o\m\m\o\n\x ]]
+ rm -rf data
+ for filename in ${filelist[@]}
+ [[ -d maven-bundle ]]
+ [[ ! maven-bundlex == \c\o\m\m\o\n\x ]]
+ rm -rf maven-bundle
+ for filename in ${filelist[@]}
+ [[ -d oe_test_aqute_bnd_01.sh ]]
+ for filename in ${filelist[@]}
+ [[ -d oe_test_aqute_bnd_02.sh ]]
+ for filename in ${filelist[@]}
+ [[ -d oe_test_aqute_bnd_03.sh ]]
+ for filename in ${filelist[@]}
+ [[ -d oe_test_aqute_bnd_04.sh ]]
+ for filename in ${filelist[@]}
+ [[ -d oe_test_aqute_bnd_05.sh ]]
+ rm -rf maven-bundle
+ LOG_INFO 'End to restore the test environment.'
+ message='End to restore the test environment.'
+ python3 /root/mugen/libs/locallibs/mugen_log.py --level info --message 'End to restore the test environment.'
Mon Jun 26 02:20:30 2023 - INFO  - End to restore the test environment.
