+ source /root/mugen-riscv/libs/locallibs/common_lib.sh
++ python3 --version
++ '[' 0 -eq 0 ']'
++ source /root/mugen-riscv/libs/locallibs/common_lib_python.sh
+ main
++ type -t post_test
+ '[' -n function ']'
+ trap post_test EXIT INT HUP TERM
+ rpm -qa
+ grep expect
++ type -t config_params
+ '[' -n '' ']'
++ type -t pre_test
+ '[' -n function ']'
+ pre_test
+ LOG_INFO 'Start to prepare the test environment.'
+ message='Start to prepare the test environment.'
+ python3 /root/mugen-riscv/libs/locallibs/mugen_log.py --level info --message 'Start to prepare the test environment.'
Mon Jun 26 06:40:10 2023 - INFO  - Start to prepare the test environment.
+ DNF_INSTALL 'groovy18 tar'
+ pkgs='groovy18 tar'
+ node=1
+ '[' -z '' ']'
+ tmpfile=
++ python3 /root/mugen-riscv/libs/locallibs/rpm_manage.py install --pkgs 'groovy18 tar' --node 1 --tempfile ''
Mon Jun 26 06:40:43 2023 - INFO  - pkgs:(groovy18 tar) is already installed
+ tmpfile2=
+ '[' -z '' ']'
+ tmpfile=
+ tar -xvf common/data.tar.gz
+ LOG_INFO 'End to prepare the test environment.'
+ message='End to prepare the test environment.'
+ python3 /root/mugen-riscv/libs/locallibs/mugen_log.py --level info --message 'End to prepare the test environment.'
Mon Jun 26 06:40:48 2023 - INFO  - End to prepare the test environment.
++ type -t run_test
+ '[' -n function ']'
+ run_test
+ LOG_INFO 'Start to run test.'
+ message='Start to run test.'
+ python3 /root/mugen-riscv/libs/locallibs/mugen_log.py --level info --message 'Start to run test.'
Mon Jun 26 06:40:52 2023 - INFO  - Start to run test.
+ grep 'usage: groovyc'
+ groovy18c --help
usage: groovyc [options] <source-files>
+ CHECK_RESULT 0 0 0 'Check groovy18c --help failed'
+ actual_result=0
+ expect_result=0
+ mode=0
+ error_log='Check groovy18c --help failed'
+ '[' -z 0 ']'
+ '[' 0 -eq 0 ']'
+ test 0x '!=' 0x
+ return 0
+ groovy18c -h
+ grep 'usage: groovyc'
usage: groovyc [options] <source-files>
+ CHECK_RESULT 0 0 0 'Check groovy18c -h failed'
+ actual_result=0
+ expect_result=0
+ mode=0
+ error_log='Check groovy18c -h failed'
+ '[' -z 0 ']'
+ '[' 0 -eq 0 ']'
+ test 0x '!=' 0x
+ return 0
+ groovy18c -v
+ grep 'Groovy compiler version' gcversion.data
Groovy compiler version 1.8.9
+ CHECK_RESULT 0 0 0 'Check groovy18c -v failed'
+ actual_result=0
+ expect_result=0
+ mode=0
+ error_log='Check groovy18c -v failed'
+ '[' -z 0 ']'
+ '[' 0 -eq 0 ']'
+ test 0x '!=' 0x
+ return 0
+ rm -f gcversion.data
+ groovy18c --version
+ grep 'Groovy compiler version' gcversion.data
Groovy compiler version 1.8.9
+ CHECK_RESULT 0 0 0 'Check groovy18c --version failed'
+ actual_result=0
+ expect_result=0
+ mode=0
+ error_log='Check groovy18c --version failed'
+ '[' -z 0 ']'
+ '[' 0 -eq 0 ']'
+ test 0x '!=' 0x
+ return 0
+ rm -f gcversion.data
+ groovy18c -d classes ./data/Script.groovy
+ ls ./classes
+ grep Script.class
Script.class
+ CHECK_RESULT 0 0 0 'Check groovy18c -d failed'
+ actual_result=0
+ expect_result=0
+ mode=0
+ error_log='Check groovy18c -d failed'
+ '[' -z 0 ']'
+ '[' 0 -eq 0 ']'
+ test 0x '!=' 0x
+ return 0
+ rm -rf classes
+ groovy18c -e ./data/ScriptException.groovy
+ grep stacktrace trace.data
>>> stacktrace:
+ CHECK_RESULT 0 0 0 'Check groovy18c -e failed'
+ actual_result=0
+ expect_result=0
+ mode=0
+ error_log='Check groovy18c -e failed'
+ '[' -z 0 ']'
+ '[' 0 -eq 0 ']'
+ test 0x '!=' 0x
+ return 0
+ rm -f trace.data
+ groovy18c --encoding UTF-8 -d classes ./data/Script.groovy
+ ls ./classes
+ grep Script.class
Script.class
+ CHECK_RESULT 0 0 0 'Check groovy18c --encoding failed'
+ actual_result=0
+ expect_result=0
+ mode=0
+ error_log='Check groovy18c --encoding failed'
+ '[' -z 0 ']'
+ '[' 0 -eq 0 ']'
+ test 0x '!=' 0x
+ return 0
+ rm -rf classes
+ groovy18c -j ./data/Script.groovy ./data/TestDemo.java
Mon Jun 26 07:09:57 2023 - ERROR - Timeout : Command 'bash -x oe_test_groovy18c_01.sh' timed out after 1799.9988800699994 seconds
org.codehaus.groovy.control.MultipleCompilationErrorsException: startup failed:
Compile error during compilation with javac.
error: error reading /root/mugen-riscv/testcases/cli-test/groovy18/./data/TestDemo.java; /root/mugen-riscv/testcases/cli-test/groovy18/./data/TestDemo.java (No such file or directory)
1 error


1 error

++ post_test
++ LOG_INFO 'Start to restore the test environment.'
++ message='Start to restore the test environment.'
++ python3 /root/mugen-riscv/libs/locallibs/mugen_log.py --level info --message 'Start to restore the test environment.'
Mon Jun 26 07:10:11 2023 - INFO  - Start to restore the test environment.
++ DNF_REMOVE
++ node=1
++ pkg_list=
++ mode=0
++ [[ -z '' ]]
++ [[ -z '' ]]
++ LOG_WARN 'no thing to do.'
++ message='no thing to do.'
++ python3 /root/mugen-riscv/libs/locallibs/mugen_log.py --level warn --message 'no thing to do.'
Mon Jun 26 07:10:14 2023 - WARN  - no thing to do.
++ return 0
++ rm -rf ./data
++ LOG_INFO 'End to restore the test environment.'
++ message='End to restore the test environment.'
++ python3 /root/mugen-riscv/libs/locallibs/mugen_log.py --level info --message 'End to restore the test environment.'
Mon Jun 26 07:10:15 2023 - INFO  - End to restore the test environment.
+ ls
+ grep TestDemo.class
+ CHECK_RESULT 1 0 0 'Check groovy18c -j failed'
+ actual_result=1
+ expect_result=0
+ mode=0
+ error_log='Check groovy18c -j failed'
+ '[' -z 1 ']'
+ '[' 0 -eq 0 ']'
+ test 1x '!=' 0x
+ test -n 'Check groovy18c -j failed'
+ LOG_ERROR 'Check groovy18c -j failed'
+ message='Check groovy18c -j failed'
+ python3 /root/mugen-riscv/libs/locallibs/mugen_log.py --level error --message 'Check groovy18c -j failed'
Mon Jun 26 07:10:18 2023 - ERROR - Check groovy18c -j failed
+ (( exec_result++ ))
+ LOG_ERROR 'oe_test_groovy18c_01.sh line 57'
+ message='oe_test_groovy18c_01.sh line 57'
+ python3 /root/mugen-riscv/libs/locallibs/mugen_log.py --level error --message 'oe_test_groovy18c_01.sh line 57'
Mon Jun 26 07:10:20 2023 - ERROR - oe_test_groovy18c_01.sh line 57
+ return 0
+ rm -f TestDemo.class Script.class
+ groovy18c -d classes -classpath ./lib/zipfs.jar ./data/Script.groovy
oe_test_groovy18c_01.sh: line 59: /usr/bin/groovy18c: No such file or directory
+ ls ./classes
+ grep Script.class
ls: cannot access './classes': No such file or directory
+ CHECK_RESULT 1 0 0 'Check groovy18c -classpath failed'
+ actual_result=1
+ expect_result=0
+ mode=0
+ error_log='Check groovy18c -classpath failed'
+ '[' -z 1 ']'
+ '[' 0 -eq 0 ']'
+ test 1x '!=' 0x
+ test -n 'Check groovy18c -classpath failed'
+ LOG_ERROR 'Check groovy18c -classpath failed'
+ message='Check groovy18c -classpath failed'
+ python3 /root/mugen-riscv/libs/locallibs/mugen_log.py --level error --message 'Check groovy18c -classpath failed'
Mon Jun 26 07:10:22 2023 - ERROR - Check groovy18c -classpath failed
+ (( exec_result++ ))
+ LOG_ERROR 'oe_test_groovy18c_01.sh line 61'
+ message='oe_test_groovy18c_01.sh line 61'
+ python3 /root/mugen-riscv/libs/locallibs/mugen_log.py --level error --message 'oe_test_groovy18c_01.sh line 61'
Mon Jun 26 07:10:23 2023 - ERROR - oe_test_groovy18c_01.sh line 61
+ return 0
+ rm -rf classes
+ groovy18c -d classes --classpath ./lib/zipfs.jar ./data/Script.groovy
oe_test_groovy18c_01.sh: line 63: /usr/bin/groovy18c: No such file or directory
+ ls ./classes
+ grep Script.class
ls: cannot access './classes': No such file or directory
+ CHECK_RESULT 1 0 0 'Check groovy18c --classpath failed'
+ actual_result=1
+ expect_result=0
+ mode=0
+ error_log='Check groovy18c --classpath failed'
+ '[' -z 1 ']'
+ '[' 0 -eq 0 ']'
+ test 1x '!=' 0x
+ test -n 'Check groovy18c --classpath failed'
+ LOG_ERROR 'Check groovy18c --classpath failed'
+ message='Check groovy18c --classpath failed'
+ python3 /root/mugen-riscv/libs/locallibs/mugen_log.py --level error --message 'Check groovy18c --classpath failed'
Mon Jun 26 07:10:26 2023 - ERROR - Check groovy18c --classpath failed
+ (( exec_result++ ))
+ LOG_ERROR 'oe_test_groovy18c_01.sh line 65'
+ message='oe_test_groovy18c_01.sh line 65'
+ python3 /root/mugen-riscv/libs/locallibs/mugen_log.py --level error --message 'oe_test_groovy18c_01.sh line 65'
Mon Jun 26 07:10:30 2023 - ERROR - oe_test_groovy18c_01.sh line 65
+ return 0
+ rm -rf classes
+ LOG_INFO 'End to run test.'
+ message='End to run test.'
+ python3 /root/mugen-riscv/libs/locallibs/mugen_log.py --level info --message 'End to run test.'
Mon Jun 26 07:10:34 2023 - INFO  - End to run test.
+ CASE_RESULT 0
+ case_re=0
+ test -z 3
+ test 3 -gt 0
+ LOG_ERROR 'failed to execute the case.'
+ message='failed to execute the case.'
+ python3 /root/mugen-riscv/libs/locallibs/mugen_log.py --level error --message 'failed to execute the case.'
Mon Jun 26 07:10:37 2023 - ERROR - failed to execute the case.
+ exit 3
+ post_test
+ LOG_INFO 'Start to restore the test environment.'
+ message='Start to restore the test environment.'
+ python3 /root/mugen-riscv/libs/locallibs/mugen_log.py --level info --message 'Start to restore the test environment.'
Mon Jun 26 07:10:39 2023 - INFO  - Start to restore the test environment.
+ DNF_REMOVE
+ node=1
+ pkg_list=
+ mode=0
+ [[ -z '' ]]
+ [[ -z '' ]]
+ LOG_WARN 'no thing to do.'
+ message='no thing to do.'
+ python3 /root/mugen-riscv/libs/locallibs/mugen_log.py --level warn --message 'no thing to do.'
Mon Jun 26 07:10:42 2023 - WARN  - no thing to do.
+ return 0
+ rm -rf ./data
+ LOG_INFO 'End to restore the test environment.'
+ message='End to restore the test environment.'
+ python3 /root/mugen-riscv/libs/locallibs/mugen_log.py --level info --message 'End to restore the test environment.'
Mon Jun 26 07:10:45 2023 - INFO  - End to restore the test environment.
