+ source ../common/lib.sh
++ source /root/mugen-riscv/libs/locallibs/common_lib.sh
+++ python3 --version
+++ '[' 0 -eq 0 ']'
+++ source /root/mugen-riscv/libs/locallibs/common_lib_python.sh
+ main
++ type -t post_test
+ '[' -n function ']'
+ trap post_test EXIT INT HUP TERM
+ rpm -qa
+ grep expect
++ type -t config_params
+ '[' -n '' ']'
++ type -t pre_test
+ '[' -n function ']'
+ pre_test
+ LOG_INFO 'Start to prepare the test environment.'
+ message='Start to prepare the test environment.'
+ python3 /root/mugen-riscv/libs/locallibs/mugen_log.py --level info --message 'Start to prepare the test environment.'
Mon Jun 26 12:34:29 2023 - INFO  - Start to prepare the test environment.
+ postgresql_install
+ DNF_INSTALL 'postgresql postgresql-server postgresql-devel postgresql-contrib'
+ pkgs='postgresql postgresql-server postgresql-devel postgresql-contrib'
+ node=1
+ '[' -z '' ']'
+ tmpfile=
++ python3 /root/mugen-riscv/libs/locallibs/rpm_manage.py install --pkgs 'postgresql postgresql-server postgresql-devel postgresql-contrib' --node 1 --tempfile ''
+ tmpfile2='Last metadata expiration check: 1:56:39 ago on Mon 26 Jun 2023 10:38:39 AM UTC.
Dependencies resolved.
================================================================================
 Package                 Arch        Version              Repository       Size
================================================================================
Installing:
 libpq-devel             x86_64      13.7-2.oe2303        OS               92 k
 postgresql              x86_64      13.3-7.oe2303        everything      1.6 M
 postgresql-contrib      x86_64      13.3-7.oe2303        everything      736 k
 postgresql-server       x86_64      13.3-7.oe2303        everything      5.4 M
Installing dependencies:
 libpq                   x86_64      13.7-2.oe2303        OS              189 k
 uuid                    x86_64      1.6.2-47.oe2303      everything       33 k

Transaction Summary
================================================================================
Install  6 Packages

Total download size: 8.1 M
Installed size: 32 M
Downloading Packages:
[MIRROR] libpq-13.7-2.oe2303.x86_64.rpm: Curl error (7): Couldn'\''t connect to server for http://repo.openeuler.org/openEuler-23.03/OS/x86_64/Packages/libpq-13.7-2.oe2303.x86_64.rpm [Failed to connect to repo.openeuler.org port 80 after 21468 ms: Couldn'\''t connect to server]
[MIRROR] libpq-devel-13.7-2.oe2303.x86_64.rpm: Curl error (7): Couldn'\''t connect to server for http://repo.openeuler.org/openEuler-23.03/OS/x86_64/Packages/libpq-devel-13.7-2.oe2303.x86_64.rpm [Failed to connect to repo.openeuler.org port 80 after 21450 ms: Couldn'\''t connect to server]
[MIRROR] postgresql-13.3-7.oe2303.x86_64.rpm: Curl error (7): Couldn'\''t connect to server for http://repo.openeuler.org/openEuler-23.03/everything/x86_64/Packages/postgresql-13.3-7.oe2303.x86_64.rpm [Failed to connect to repo.openeuler.org port 80 after 21448 ms: Couldn'\''t connect to server]
[MIRROR] libpq-13.7-2.oe2303.x86_64.rpm: Curl error (7): Couldn'\''t connect to server for http://repo.openeuler.org/openEuler-23.03/OS/x86_64/Packages/libpq-13.7-2.oe2303.x86_64.rpm [Failed to connect to repo.openeuler.org port 80 after 21324 ms: Couldn'\''t connect to server]
[MIRROR] libpq-devel-13.7-2.oe2303.x86_64.rpm: Curl error (7): Couldn'\''t connect to server for http://repo.openeuler.org/openEuler-23.03/OS/x86_64/Packages/libpq-devel-13.7-2.oe2303.x86_64.rpm [Failed to connect to repo.openeuler.org port 80 after 21322 ms: Couldn'\''t connect to server]
[MIRROR] postgresql-13.3-7.oe2303.x86_64.rpm: Curl error (7): Couldn'\''t connect to server for http://repo.openeuler.org/openEuler-23.03/everything/x86_64/Packages/postgresql-13.3-7.oe2303.x86_64.rpm [Failed to connect to repo.openeuler.org port 80 after 21309 ms: Couldn'\''t connect to server]
[FAILED] libpq-13.7-2.oe2303.x86_64.rpm: No more mirrors to try - All mirrors were already tried without success

The downloaded packages were saved in cache until the next successful transaction.
You can remove cached packages by executing '\''dnf clean packages'\''.
Error: Error downloading packages:
  libpq-13.7-2.oe2303.x86_64: Cannot download, all mirrors were already tried without success'
+ '[' -z '' ']'
+ tmpfile='Last metadata expiration check: 1:56:39 ago on Mon 26 Jun 2023 10:38:39 AM UTC.
Dependencies resolved.
================================================================================
 Package                 Arch        Version              Repository       Size
================================================================================
Installing:
 libpq-devel             x86_64      13.7-2.oe2303        OS               92 k
 postgresql              x86_64      13.3-7.oe2303        everything      1.6 M
 postgresql-contrib      x86_64      13.3-7.oe2303        everything      736 k
 postgresql-server       x86_64      13.3-7.oe2303        everything      5.4 M
Installing dependencies:
 libpq                   x86_64      13.7-2.oe2303        OS              189 k
 uuid                    x86_64      1.6.2-47.oe2303      everything       33 k

Transaction Summary
================================================================================
Install  6 Packages

Total download size: 8.1 M
Installed size: 32 M
Downloading Packages:
[MIRROR] libpq-13.7-2.oe2303.x86_64.rpm: Curl error (7): Couldn'\''t connect to server for http://repo.openeuler.org/openEuler-23.03/OS/x86_64/Packages/libpq-13.7-2.oe2303.x86_64.rpm [Failed to connect to repo.openeuler.org port 80 after 21468 ms: Couldn'\''t connect to server]
[MIRROR] libpq-devel-13.7-2.oe2303.x86_64.rpm: Curl error (7): Couldn'\''t connect to server for http://repo.openeuler.org/openEuler-23.03/OS/x86_64/Packages/libpq-devel-13.7-2.oe2303.x86_64.rpm [Failed to connect to repo.openeuler.org port 80 after 21450 ms: Couldn'\''t connect to server]
[MIRROR] postgresql-13.3-7.oe2303.x86_64.rpm: Curl error (7): Couldn'\''t connect to server for http://repo.openeuler.org/openEuler-23.03/everything/x86_64/Packages/postgresql-13.3-7.oe2303.x86_64.rpm [Failed to connect to repo.openeuler.org port 80 after 21448 ms: Couldn'\''t connect to server]
[MIRROR] libpq-13.7-2.oe2303.x86_64.rpm: Curl error (7): Couldn'\''t connect to server for http://repo.openeuler.org/openEuler-23.03/OS/x86_64/Packages/libpq-13.7-2.oe2303.x86_64.rpm [Failed to connect to repo.openeuler.org port 80 after 21324 ms: Couldn'\''t connect to server]
[MIRROR] libpq-devel-13.7-2.oe2303.x86_64.rpm: Curl error (7): Couldn'\''t connect to server for http://repo.openeuler.org/openEuler-23.03/OS/x86_64/Packages/libpq-devel-13.7-2.oe2303.x86_64.rpm [Failed to connect to repo.openeuler.org port 80 after 21322 ms: Couldn'\''t connect to server]
[MIRROR] postgresql-13.3-7.oe2303.x86_64.rpm: Curl error (7): Couldn'\''t connect to server for http://repo.openeuler.org/openEuler-23.03/everything/x86_64/Packages/postgresql-13.3-7.oe2303.x86_64.rpm [Failed to connect to repo.openeuler.org port 80 after 21309 ms: Couldn'\''t connect to server]
[FAILED] libpq-13.7-2.oe2303.x86_64.rpm: No more mirrors to try - All mirrors were already tried without success

The downloaded packages were saved in cache until the next successful transaction.
You can remove cached packages by executing '\''dnf clean packages'\''.
Error: Error downloading packages:
  libpq-13.7-2.oe2303.x86_64: Cannot download, all mirrors were already tried without success'
+ rm -rf '/tmp/.s.PGSQL*'
+ /usr/bin/postgresql-setup --initdb
../common/lib.sh: line 24: /usr/bin/postgresql-setup: No such file or directory
+ sed -i s/ident/trust/g /var/lib/pgsql/data/pg_hba.conf
sed: can't read /var/lib/pgsql/data/pg_hba.conf: No such file or directory
+ systemctl start postgresql
Failed to start postgresql.service: Unit postgresql.service not found.
+ expect
spawn su - postgres
Last login: Mon Jun 26 12:33:12 UTC 2023


Welcome to 6.1.19-7.0.0.17.oe2303.x86_64

System information as of time: 	Mon Jun 26 12:36:13 PM UTC 2023

System load: 	[0;33;40m0.96[0m
Processes: 	117
Memory used: 	4.5%
Swap used: 	0.0%
Usage On: 	24%
IP address: 	10.0.2.15
Users online: 	0
To run a command as administrator(user "root"),use "sudo <command>".
[postgres@localhost ~]$ createdb testdb
-bash: createdb: command not found
[postgres@localhost ~]$ psql testdb
-bash: psql: command not found
[postgres@localhost ~]$ create table test (id int, val numeric);
-bash: syntax error near unexpected token `('
[postgres@localhost ~]$ create index on test(id);
-bash: syntax error near unexpected token `('
[postgres@localhost ~]$ create index on test(val);
-bash: syntax error near unexpected token `('
[postgres@localhost ~]$ <into test select generate_series(1,10000),random();
-bash: syntax error near unexpected token `('
[postgres@localhost ~]$ create table tab_big(vname text,souroid oid);
-bash: syntax error near unexpected token `('
[postgres@localhost ~]$ <big values('passwd list',lo_import('/etc/passwd'));
-bash: syntax error near unexpected token `('
[postgres@localhost ~]$ CREATE SCHEMA myschema;
create table myschema.test (id int, val numeric) with oids;
-bash: CREATE: command not found
[postgres@localhost ~]$ <able myschema.test (id int, val numeric) with oids;
-bash: syntax error near unexpected token `('
[postgres@localhost ~]$ <schema.test select generate_series(1,100),random();
-bash: syntax error near unexpected token `('
[postgres@localhost ~]$ create user testuder;
-bash: create: command not found
[postgres@localhost ~]$ GRANT ALL ON test TO testuder;
\q
-bash: GRANT: command not found
[postgres@localhost ~]$ \q
-bash: q: command not found
[postgres@localhost ~]$ + export LANG=en_US.UTF-8
+ LANG=en_US.UTF-8
+ LOG_INFO 'End to prepare the test environment.'
+ message='End to prepare the test environment.'
+ python3 /root/mugen-riscv/libs/locallibs/mugen_log.py --level info --message 'End to prepare the test environment.'
Mon Jun 26 12:37:55 2023 - INFO  - End to prepare the test environment.
++ type -t run_test
+ '[' -n function ']'
+ run_test
+ LOG_INFO 'Start to run test.'
+ message='Start to run test.'
+ python3 /root/mugen-riscv/libs/locallibs/mugen_log.py --level info --message 'Start to run test.'
Mon Jun 26 12:37:57 2023 - INFO  - Start to run test.
+ su - postgres -c 'pg_dump -n '\''my*'\'' testdb >testfile'
-bash: line 1: pg_dump: command not found
+ CHECK_RESULT 127
+ actual_result=127
+ expect_result=0
+ mode=0
+ error_log=
+ '[' -z 127 ']'
+ '[' 0 -eq 0 ']'
+ test 127x '!=' 0x
+ test -n ''
+ (( exec_result++ ))
+ LOG_ERROR 'oe_test_postgresql_pg_dump02.sh line 30'
+ message='oe_test_postgresql_pg_dump02.sh line 30'
+ python3 /root/mugen-riscv/libs/locallibs/mugen_log.py --level error --message 'oe_test_postgresql_pg_dump02.sh line 30'
Mon Jun 26 12:38:04 2023 - ERROR - oe_test_postgresql_pg_dump02.sh line 30
+ return 0
+ grep myschema /var/lib/pgsql/testfile
+ CHECK_RESULT 1
+ actual_result=1
+ expect_result=0
+ mode=0
+ error_log=
+ '[' -z 1 ']'
+ '[' 0 -eq 0 ']'
+ test 1x '!=' 0x
+ test -n ''
+ (( exec_result++ ))
+ LOG_ERROR 'oe_test_postgresql_pg_dump02.sh line 32'
+ message='oe_test_postgresql_pg_dump02.sh line 32'
+ python3 /root/mugen-riscv/libs/locallibs/mugen_log.py --level error --message 'oe_test_postgresql_pg_dump02.sh line 32'
Mon Jun 26 12:38:06 2023 - ERROR - oe_test_postgresql_pg_dump02.sh line 32
+ return 0
+ su - postgres -c 'pg_dump -N '\''my*'\'' testdb >testfile'
-bash: line 1: pg_dump: command not found
+ CHECK_RESULT 127
+ actual_result=127
+ expect_result=0
+ mode=0
+ error_log=
+ '[' -z 127 ']'
+ '[' 0 -eq 0 ']'
+ test 127x '!=' 0x
+ test -n ''
+ (( exec_result++ ))
+ LOG_ERROR 'oe_test_postgresql_pg_dump02.sh line 34'
+ message='oe_test_postgresql_pg_dump02.sh line 34'
+ python3 /root/mugen-riscv/libs/locallibs/mugen_log.py --level error --message 'oe_test_postgresql_pg_dump02.sh line 34'
Mon Jun 26 12:38:12 2023 - ERROR - oe_test_postgresql_pg_dump02.sh line 34
+ return 0
+ grep myschema /var/lib/pgsql/testfile
+ CHECK_RESULT 1 1
+ actual_result=1
+ expect_result=1
+ mode=0
+ error_log=
+ '[' -z 1 ']'
+ '[' 0 -eq 0 ']'
+ test 1x '!=' 1x
+ return 0
+ su - postgres -c 'pg_dump -o testdb >testfile'
-bash: line 1: pg_dump: command not found
+ CHECK_RESULT 127
+ actual_result=127
+ expect_result=0
+ mode=0
+ error_log=
+ '[' -z 127 ']'
+ '[' 0 -eq 0 ']'
+ test 127x '!=' 0x
+ test -n ''
+ (( exec_result++ ))
+ LOG_ERROR 'oe_test_postgresql_pg_dump02.sh line 38'
+ message='oe_test_postgresql_pg_dump02.sh line 38'
+ python3 /root/mugen-riscv/libs/locallibs/mugen_log.py --level error --message 'oe_test_postgresql_pg_dump02.sh line 38'
Mon Jun 26 12:38:18 2023 - ERROR - oe_test_postgresql_pg_dump02.sh line 38
+ return 0
+ grep 'COPY myschema.test (id, val) WITH OIDS FROM stdin;' /var/lib/pgsql/testfile
+ CHECK_RESULT 1
+ actual_result=1
+ expect_result=0
+ mode=0
+ error_log=
+ '[' -z 1 ']'
+ '[' 0 -eq 0 ']'
+ test 1x '!=' 0x
+ test -n ''
+ (( exec_result++ ))
+ LOG_ERROR 'oe_test_postgresql_pg_dump02.sh line 40'
+ message='oe_test_postgresql_pg_dump02.sh line 40'
+ python3 /root/mugen-riscv/libs/locallibs/mugen_log.py --level error --message 'oe_test_postgresql_pg_dump02.sh line 40'
Mon Jun 26 12:38:19 2023 - ERROR - oe_test_postgresql_pg_dump02.sh line 40
+ return 0
+ su - postgres -c 'pg_dump -O testdb >testfile'
-bash: line 1: pg_dump: command not found
+ CHECK_RESULT 127
+ actual_result=127
+ expect_result=0
+ mode=0
+ error_log=
+ '[' -z 127 ']'
+ '[' 0 -eq 0 ']'
+ test 127x '!=' 0x
+ test -n ''
+ (( exec_result++ ))
+ LOG_ERROR 'oe_test_postgresql_pg_dump02.sh line 42'
+ message='oe_test_postgresql_pg_dump02.sh line 42'
+ python3 /root/mugen-riscv/libs/locallibs/mugen_log.py --level error --message 'oe_test_postgresql_pg_dump02.sh line 42'
Mon Jun 26 12:38:25 2023 - ERROR - oe_test_postgresql_pg_dump02.sh line 42
+ return 0
+ grep 'Owner: -' /var/lib/pgsql/testfile
+ CHECK_RESULT 1
+ actual_result=1
+ expect_result=0
+ mode=0
+ error_log=
+ '[' -z 1 ']'
+ '[' 0 -eq 0 ']'
+ test 1x '!=' 0x
+ test -n ''
+ (( exec_result++ ))
+ LOG_ERROR 'oe_test_postgresql_pg_dump02.sh line 44'
+ message='oe_test_postgresql_pg_dump02.sh line 44'
+ python3 /root/mugen-riscv/libs/locallibs/mugen_log.py --level error --message 'oe_test_postgresql_pg_dump02.sh line 44'
Mon Jun 26 12:38:26 2023 - ERROR - oe_test_postgresql_pg_dump02.sh line 44
+ return 0
+ su - postgres -c 'pg_dump -s testdb >testfile'
-bash: line 1: pg_dump: command not found
+ CHECK_RESULT 127
+ actual_result=127
+ expect_result=0
+ mode=0
+ error_log=
+ '[' -z 127 ']'
+ '[' 0 -eq 0 ']'
+ test 127x '!=' 0x
+ test -n ''
+ (( exec_result++ ))
+ LOG_ERROR 'oe_test_postgresql_pg_dump02.sh line 46'
+ message='oe_test_postgresql_pg_dump02.sh line 46'
+ python3 /root/mugen-riscv/libs/locallibs/mugen_log.py --level error --message 'oe_test_postgresql_pg_dump02.sh line 46'
Mon Jun 26 12:38:32 2023 - ERROR - oe_test_postgresql_pg_dump02.sh line 46
+ return 0
+ grep 'COPY myschema.test (id, val) FROM stdin;' /var/lib/pgsql/testfile
+ CHECK_RESULT 1 1
+ actual_result=1
+ expect_result=1
+ mode=0
+ error_log=
+ '[' -z 1 ']'
+ '[' 0 -eq 0 ']'
+ test 1x '!=' 1x
+ return 0
+ su - postgres -c 'pg_dump -t myschema.test testdb >testfile'
-bash: line 1: pg_dump: command not found
+ CHECK_RESULT 127
+ actual_result=127
+ expect_result=0
+ mode=0
+ error_log=
+ '[' -z 127 ']'
+ '[' 0 -eq 0 ']'
+ test 127x '!=' 0x
+ test -n ''
+ (( exec_result++ ))
+ LOG_ERROR 'oe_test_postgresql_pg_dump02.sh line 50'
+ message='oe_test_postgresql_pg_dump02.sh line 50'
+ python3 /root/mugen-riscv/libs/locallibs/mugen_log.py --level error --message 'oe_test_postgresql_pg_dump02.sh line 50'
Mon Jun 26 12:38:37 2023 - ERROR - oe_test_postgresql_pg_dump02.sh line 50
+ return 0
+ grep myschema.test /var/lib/pgsql/testfile
+ CHECK_RESULT 1
+ actual_result=1
+ expect_result=0
+ mode=0
+ error_log=
+ '[' -z 1 ']'
+ '[' 0 -eq 0 ']'
+ test 1x '!=' 0x
+ test -n ''
+ (( exec_result++ ))
+ LOG_ERROR 'oe_test_postgresql_pg_dump02.sh line 52'
+ message='oe_test_postgresql_pg_dump02.sh line 52'
+ python3 /root/mugen-riscv/libs/locallibs/mugen_log.py --level error --message 'oe_test_postgresql_pg_dump02.sh line 52'
Mon Jun 26 12:38:38 2023 - ERROR - oe_test_postgresql_pg_dump02.sh line 52
+ return 0
+ su - postgres -c 'pg_dump -T myschema.test >testfile'
-bash: line 1: pg_dump: command not found
+ CHECK_RESULT 127
+ actual_result=127
+ expect_result=0
+ mode=0
+ error_log=
+ '[' -z 127 ']'
+ '[' 0 -eq 0 ']'
+ test 127x '!=' 0x
+ test -n ''
+ (( exec_result++ ))
+ LOG_ERROR 'oe_test_postgresql_pg_dump02.sh line 54'
+ message='oe_test_postgresql_pg_dump02.sh line 54'
+ python3 /root/mugen-riscv/libs/locallibs/mugen_log.py --level error --message 'oe_test_postgresql_pg_dump02.sh line 54'
Mon Jun 26 12:38:44 2023 - ERROR - oe_test_postgresql_pg_dump02.sh line 54
+ return 0
+ grep myschema.test /var/lib/pgsql/testfile
+ CHECK_RESULT 1 1
+ actual_result=1
+ expect_result=1
+ mode=0
+ error_log=
+ '[' -z 1 ']'
+ '[' 0 -eq 0 ']'
+ test 1x '!=' 1x
+ return 0
+ su - postgres -c 'pg_dump -v testdb -f tempv'
+ grep 'pg_dump: creating'
+ CHECK_RESULT 1
+ actual_result=1
+ expect_result=0
+ mode=0
+ error_log=
+ '[' -z 1 ']'
+ '[' 0 -eq 0 ']'
+ test 1x '!=' 0x
+ test -n ''
+ (( exec_result++ ))
+ LOG_ERROR 'oe_test_postgresql_pg_dump02.sh line 58'
+ message='oe_test_postgresql_pg_dump02.sh line 58'
+ python3 /root/mugen-riscv/libs/locallibs/mugen_log.py --level error --message 'oe_test_postgresql_pg_dump02.sh line 58'
Mon Jun 26 12:38:50 2023 - ERROR - oe_test_postgresql_pg_dump02.sh line 58
+ return 0
+ pg_dump -V
+ grep '(PostgreSQL)'
oe_test_postgresql_pg_dump02.sh: line 59: pg_dump: command not found
+ CHECK_RESULT 1
+ actual_result=1
+ expect_result=0
+ mode=0
+ error_log=
+ '[' -z 1 ']'
+ '[' 0 -eq 0 ']'
+ test 1x '!=' 0x
+ test -n ''
+ (( exec_result++ ))
+ LOG_ERROR 'oe_test_postgresql_pg_dump02.sh line 60'
+ message='oe_test_postgresql_pg_dump02.sh line 60'
+ python3 /root/mugen-riscv/libs/locallibs/mugen_log.py --level error --message 'oe_test_postgresql_pg_dump02.sh line 60'
Mon Jun 26 12:38:51 2023 - ERROR - oe_test_postgresql_pg_dump02.sh line 60
+ return 0
+ LOG_INFO 'End to run test.'
+ message='End to run test.'
+ python3 /root/mugen-riscv/libs/locallibs/mugen_log.py --level info --message 'End to run test.'
Mon Jun 26 12:38:52 2023 - INFO  - End to run test.
+ CASE_RESULT 0
+ case_re=0
+ test -z 13
+ test 13 -gt 0
+ LOG_ERROR 'failed to execute the case.'
+ message='failed to execute the case.'
+ python3 /root/mugen-riscv/libs/locallibs/mugen_log.py --level error --message 'failed to execute the case.'
Mon Jun 26 12:38:53 2023 - ERROR - failed to execute the case.
+ exit 13
+ post_test
+ LOG_INFO 'Start to restore the test environment.'
+ message='Start to restore the test environment.'
+ python3 /root/mugen-riscv/libs/locallibs/mugen_log.py --level info --message 'Start to restore the test environment.'
Mon Jun 26 12:38:54 2023 - INFO  - Start to restore the test environment.
+ systemctl stop postgresql
Failed to stop postgresql.service: Unit postgresql.service not loaded.
+ DNF_REMOVE 1 'postgresql postgresql-server postgresql-devel postgresql-contrib'
+ node=1
+ pkg_list='postgresql postgresql-server postgresql-devel postgresql-contrib'
+ mode=0
+ [[ -z Last metadata expiration check: 1:56:39 ago on Mon 26 Jun 2023 10:38:39 AM UTC.
Dependencies resolved.
================================================================================
 Package                 Arch        Version              Repository       Size
================================================================================
Installing:
 libpq-devel             x86_64      13.7-2.oe2303        OS               92 k
 postgresql              x86_64      13.3-7.oe2303        everything      1.6 M
 postgresql-contrib      x86_64      13.3-7.oe2303        everything      736 k
 postgresql-server       x86_64      13.3-7.oe2303        everything      5.4 M
Installing dependencies:
 libpq                   x86_64      13.7-2.oe2303        OS              189 k
 uuid                    x86_64      1.6.2-47.oe2303      everything       33 k

Transaction Summary
================================================================================
Install  6 Packages

Total download size: 8.1 M
Installed size: 32 M
Downloading Packages:
[MIRROR] libpq-13.7-2.oe2303.x86_64.rpm: Curl error (7): Couldn't connect to server for http://repo.openeuler.org/openEuler-23.03/OS/x86_64/Packages/libpq-13.7-2.oe2303.x86_64.rpm [Failed to connect to repo.openeuler.org port 80 after 21468 ms: Couldn't connect to server]
[MIRROR] libpq-devel-13.7-2.oe2303.x86_64.rpm: Curl error (7): Couldn't connect to server for http://repo.openeuler.org/openEuler-23.03/OS/x86_64/Packages/libpq-devel-13.7-2.oe2303.x86_64.rpm [Failed to connect to repo.openeuler.org port 80 after 21450 ms: Couldn't connect to server]
[MIRROR] postgresql-13.3-7.oe2303.x86_64.rpm: Curl error (7): Couldn't connect to server for http://repo.openeuler.org/openEuler-23.03/everything/x86_64/Packages/postgresql-13.3-7.oe2303.x86_64.rpm [Failed to connect to repo.openeuler.org port 80 after 21448 ms: Couldn't connect to server]
[MIRROR] libpq-13.7-2.oe2303.x86_64.rpm: Curl error (7): Couldn't connect to server for http://repo.openeuler.org/openEuler-23.03/OS/x86_64/Packages/libpq-13.7-2.oe2303.x86_64.rpm [Failed to connect to repo.openeuler.org port 80 after 21324 ms: Couldn't connect to server]
[MIRROR] libpq-devel-13.7-2.oe2303.x86_64.rpm: Curl error (7): Couldn't connect to server for http://repo.openeuler.org/openEuler-23.03/OS/x86_64/Packages/libpq-devel-13.7-2.oe2303.x86_64.rpm [Failed to connect to repo.openeuler.org port 80 after 21322 ms: Couldn't connect to server]
[MIRROR] postgresql-13.3-7.oe2303.x86_64.rpm: Curl error (7): Couldn't connect to server for http://repo.openeuler.org/openEuler-23.03/everything/x86_64/Packages/postgresql-13.3-7.oe2303.x86_64.rpm [Failed to connect to repo.openeuler.org port 80 after 21309 ms: Couldn't connect to server]
[FAILED] libpq-13.7-2.oe2303.x86_64.rpm: No more mirrors to try - All mirrors were already tried without success

The downloaded packages were saved in cache until the next successful transaction.
You can remove cached packages by executing 'dnf clean packages'.
Error: Error downloading packages:
  libpq-13.7-2.oe2303.x86_64: Cannot download, all mirrors were already tried without success ]]
+ '[' 0 -ne 0 ']'
+ '[' 1 == 0 ']'
+ python3 /root/mugen-riscv/libs/locallibs/rpm_manage.py remove --node 1 --pkgs 'postgresql postgresql-server postgresql-devel postgresql-contrib' --tempfile 'Last metadata expiration check: 1:56:39 ago on Mon 26 Jun 2023 10:38:39 AM UTC.
Dependencies resolved.
================================================================================
 Package                 Arch        Version              Repository       Size
================================================================================
Installing:
 libpq-devel             x86_64      13.7-2.oe2303        OS               92 k
 postgresql              x86_64      13.3-7.oe2303        everything      1.6 M
 postgresql-contrib      x86_64      13.3-7.oe2303        everything      736 k
 postgresql-server       x86_64      13.3-7.oe2303        everything      5.4 M
Installing dependencies:
 libpq                   x86_64      13.7-2.oe2303        OS              189 k
 uuid                    x86_64      1.6.2-47.oe2303      everything       33 k

Transaction Summary
================================================================================
Install  6 Packages

Total download size: 8.1 M
Installed size: 32 M
Downloading Packages:
[MIRROR] libpq-13.7-2.oe2303.x86_64.rpm: Curl error (7): Couldn'\''t connect to server for http://repo.openeuler.org/openEuler-23.03/OS/x86_64/Packages/libpq-13.7-2.oe2303.x86_64.rpm [Failed to connect to repo.openeuler.org port 80 after 21468 ms: Couldn'\''t connect to server]
[MIRROR] libpq-devel-13.7-2.oe2303.x86_64.rpm: Curl error (7): Couldn'\''t connect to server for http://repo.openeuler.org/openEuler-23.03/OS/x86_64/Packages/libpq-devel-13.7-2.oe2303.x86_64.rpm [Failed to connect to repo.openeuler.org port 80 after 21450 ms: Couldn'\''t connect to server]
[MIRROR] postgresql-13.3-7.oe2303.x86_64.rpm: Curl error (7): Couldn'\''t connect to server for http://repo.openeuler.org/openEuler-23.03/everything/x86_64/Packages/postgresql-13.3-7.oe2303.x86_64.rpm [Failed to connect to repo.openeuler.org port 80 after 21448 ms: Couldn'\''t connect to server]
[MIRROR] libpq-13.7-2.oe2303.x86_64.rpm: Curl error (7): Couldn'\''t connect to server for http://repo.openeuler.org/openEuler-23.03/OS/x86_64/Packages/libpq-13.7-2.oe2303.x86_64.rpm [Failed to connect to repo.openeuler.org port 80 after 21324 ms: Couldn'\''t connect to server]
[MIRROR] libpq-devel-13.7-2.oe2303.x86_64.rpm: Curl error (7): Couldn'\''t connect to server for http://repo.openeuler.org/openEuler-23.03/OS/x86_64/Packages/libpq-devel-13.7-2.oe2303.x86_64.rpm [Failed to connect to repo.openeuler.org port 80 after 21322 ms: Couldn'\''t connect to server]
[MIRROR] postgresql-13.3-7.oe2303.x86_64.rpm: Curl error (7): Couldn'\''t connect to server for http://repo.openeuler.org/openEuler-23.03/everything/x86_64/Packages/postgresql-13.3-7.oe2303.x86_64.rpm [Failed to connect to repo.openeuler.org port 80 after 21309 ms: Couldn'\''t connect to server]
[FAILED] libpq-13.7-2.oe2303.x86_64.rpm: No more mirrors to try - All mirrors were already tried without success

The downloaded packages were saved in cache until the next successful transaction.
You can remove cached packages by executing '\''dnf clean packages'\''.
Error: Error downloading packages:
  libpq-13.7-2.oe2303.x86_64: Cannot download, all mirrors were already tried without success'
Traceback (most recent call last):
  File "/root/mugen-riscv/libs/locallibs/rpm_manage.py", line 181, in <module>
    exitcode = rpm_remove(args.node, args.pkgs, args.tempfile)
  File "/root/mugen-riscv/libs/locallibs/rpm_manage.py", line 152, in rpm_remove
    with open(tmpfile, "r") as f:
OSError: [Errno 36] File name too long: "Last metadata expiration check: 1:56:39 ago on Mon 26 Jun 2023 10:38:39 AM UTC.\nDependencies resolved.\n================================================================================\n Package                 Arch        Version              Repository       Size\n================================================================================\nInstalling:\n libpq-devel             x86_64      13.7-2.oe2303        OS               92 k\n postgresql              x86_64      13.3-7.oe2303        everything      1.6 M\n postgresql-contrib      x86_64      13.3-7.oe2303        everything      736 k\n postgresql-server       x86_64      13.3-7.oe2303        everything      5.4 M\nInstalling dependencies:\n libpq                   x86_64      13.7-2.oe2303        OS              189 k\n uuid                    x86_64      1.6.2-47.oe2303      everything       33 k\n\nTransaction Summary\n================================================================================\nInstall  6 Packages\n\nTotal download size: 8.1 M\nInstalled size: 32 M\nDownloading Packages:\n[MIRROR] libpq-13.7-2.oe2303.x86_64.rpm: Curl error (7): Couldn't connect to server for http://repo.openeuler.org/openEuler-23.03/OS/x86_64/Packages/libpq-13.7-2.oe2303.x86_64.rpm [Failed to connect to repo.openeuler.org port 80 after 21468 ms: Couldn't connect to server]\n[MIRROR] libpq-devel-13.7-2.oe2303.x86_64.rpm: Curl error (7): Couldn't connect to server for http://repo.openeuler.org/openEuler-23.03/OS/x86_64/Packages/libpq-devel-13.7-2.oe2303.x86_64.rpm [Failed to connect to repo.openeuler.org port 80 after 21450 ms: Couldn't connect to server]\n[MIRROR] postgresql-13.3-7.oe2303.x86_64.rpm: Curl error (7): Couldn't connect to server for http://repo.openeuler.org/openEuler-23.03/everything/x86_64/Packages/postgresql-13.3-7.oe2303.x86_64.rpm [Failed to connect to repo.openeuler.org port 80 after 21448 ms: Couldn't connect to server]\n[MIRROR] libpq-13.7-2.oe2303.x86_64.rpm: Curl error (7): Couldn't connect to server for http://repo.openeuler.org/openEuler-23.03/OS/x86_64/Packages/libpq-13.7-2.oe2303.x86_64.rpm [Failed to connect to repo.openeuler.org port 80 after 21324 ms: Couldn't connect to server]\n[MIRROR] libpq-devel-13.7-2.oe2303.x86_64.rpm: Curl error (7): Couldn't connect to server for http://repo.openeuler.org/openEuler-23.03/OS/x86_64/Packages/libpq-devel-13.7-2.oe2303.x86_64.rpm [Failed to connect to repo.openeuler.org port 80 after 21322 ms: Couldn't connect to server]\n[MIRROR] postgresql-13.3-7.oe2303.x86_64.rpm: Curl error (7): Couldn't connect to server for http://repo.openeuler.org/openEuler-23.03/everything/x86_64/Packages/postgresql-13.3-7.oe2303.x86_64.rpm [Failed to connect to repo.openeuler.org port 80 after 21309 ms: Couldn't connect to server]\n[FAILED] libpq-13.7-2.oe2303.x86_64.rpm: No more mirrors to try - All mirrors were already tried without success\n\nThe downloaded packages were saved in cache until the next successful transaction.\nYou can remove cached packages by executing 'dnf clean packages'.\nError: Error downloading packages:\n  libpq-13.7-2.oe2303.x86_64: Cannot download, all mirrors were already tried without success"
+ '[' 0 -ne 0 ']'
+ rm -rf /var/lib/pgsql/testfile
+ LOG_INFO 'End to restore the test environment.'
+ message='End to restore the test environment.'
+ python3 /root/mugen-riscv/libs/locallibs/mugen_log.py --level info --message 'End to restore the test environment.'
Mon Jun 26 12:39:00 2023 - INFO  - End to restore the test environment.
