+ source /root/mugen/libs/locallibs/common_lib.sh
++ python3 --version
++ '[' 0 -eq 0 ']'
++ source /root/mugen/libs/locallibs/common_lib_python.sh
+ source ./common/lib/util.sh
+ main
++ type -t post_test
+ '[' -n function ']'
+ trap post_test EXIT INT HUP TERM
+ rpm -qa
+ grep expect
++ type -t config_params
+ '[' -n '' ']'
++ type -t pre_test
+ '[' -n function ']'
+ pre_test
+ LOG_INFO 'Start to prepare the test environment.'
+ message='Start to prepare the test environment.'
+ python3 /root/mugen/libs/locallibs/mugen_log.py --level info --message 'Start to prepare the test environment.'
Mon Jun 26 02:04:58 2023 - INFO  - Start to prepare the test environment.
+ DNF_INSTALL 'aqute-bnd tar'
+ pkgs='aqute-bnd tar'
+ node=1
+ '[' -z '' ']'
+ tmpfile=
++ python3 /root/mugen/libs/locallibs/rpm_manage.py install --pkgs 'aqute-bnd tar' --node 1 --tempfile ''
+ tmpfile2=/tmp/tmpezn_2_r5
+ '[' -z '' ']'
+ tmpfile=/tmp/tmpezn_2_r5
+ extract_data
+ [[ -f ./common/data.tar.gz ]]
+ tar -xvf ./common/data.tar.gz
+ LOG_INFO 'End to prepare the test environment.'
+ message='End to prepare the test environment.'
+ python3 /root/mugen/libs/locallibs/mugen_log.py --level info --message 'End to prepare the test environment.'
Mon Jun 26 02:08:16 2023 - INFO  - End to prepare the test environment.
++ type -t run_test
+ '[' -n function ']'
+ run_test
+ LOG_INFO 'Start to run test.'
+ message='Start to run test.'
+ python3 /root/mugen/libs/locallibs/mugen_log.py --level info --message 'Start to run test.'
Mon Jun 26 02:08:17 2023 - INFO  - Start to run test.
+ pushd data/jar
~/mugen/testcases/cli-test/aqute-bnd/data/jar ~/mugen/testcases/cli-test/aqute-bnd
+ bnd convert -m mainfest.xml tmp.txt
+ test -f tmp.txt
+ CHECK_RESULT 0 0 0 'check bnd convert failed'
+ actual_result=0
+ expect_result=0
+ mode=0
+ error_log='check bnd convert failed'
+ exit_mode=0
+ '[' -z 0 ']'
+ '[' 0 -eq 0 ']'
+ test 0x '!=' 0x
+ return 0
+ rm -f tmp.txt
+ popd
~/mugen/testcases/cli-test/aqute-bnd
+ bnd copy --strip https://repo.maven.apache.org/maven2/com/sun/mail/javax.mail/1.5.2/javax.mail-1.5.2.jar
-----------------
Errors
000: Need at least a source and a destination
+ test -f javax.mail-1.5.2.jar
+ CHECK_RESULT 0 0 0 'check bnd copy failed'
+ actual_result=0
+ expect_result=0
+ mode=0
+ error_log='check bnd copy failed'
+ exit_mode=0
+ '[' -z 0 ']'
+ '[' 0 -eq 0 ']'
+ test 0x '!=' 0x
+ return 0
+ rm -f javax.mail-1.5.2.jar
+ pushd data/creatCommand
~/mugen/testcases/cli-test/aqute-bnd/data/creatCommand ~/mugen/testcases/cli-test/aqute-bnd
+ bnd create -f tmp.jar -m MANIFEST.MF
Adding: MANIFEST.MF
+ test -f tmp.jar
+ CHECK_RESULT 0 0 0 'check bnd create failed'
+ actual_result=0
+ expect_result=0
+ mode=0
+ error_log='check bnd create failed'
+ exit_mode=0
+ '[' -z 0 ']'
+ '[' 0 -eq 0 ']'
+ test 0x '!=' 0x
+ return 0
+ rm -f tmp.jar
+ popd
~/mugen/testcases/cli-test/aqute-bnd
+ pushd data/com.acme.prime
~/mugen/testcases/cli-test/aqute-bnd/data/com.acme.prime ~/mugen/testcases/cli-test/aqute-bnd
+ bnd debug -p com.acme.prime.hello
+ grep 'Sub-Builder com.acme.prime.hello'
-----------------
Errors
000: No build.bnd file in /root/mugen/testcases/cli-test/aqute-bnd/data/com.acme.prime/cnf
001: Exception: java.lang.ClassNotFoundException: de.mnl.osgi.bnd.repository.maven.provider.IndexedMavenRepositoryProvider not found, parent: sun.misc.Launcher$AppClassLoader@3d4eac69 urls:[file:/root/mugen/testcases/cli-test/aqute-bnd/data/com.acme.prime/cnf/cache/de.mnl.osgi.bnd.repository-4.1.0.jar, file:/root/mugen/testcases/cli-test/aqute-bnd/data/com.acme.prime/cnf/cache/biz.aQute.repository-6.0.0.jar] exception:java.lang.UnsupportedClassVersionError: de/mnl/osgi/bnd/repository/maven/provider/IndexedMavenRepositoryProvider has been compiled by a more recent version of the Java Runtime (class file version 55.0), this version of the Java Runtime only recognizes class file versions up to 52.0
	at java.lang.ClassLoader.defineClass1(Native Method)
	at java.lang.ClassLoader.defineClass(ClassLoader.java:756)
	at java.security.SecureClassLoader.defineClass(SecureClassLoader.java:142)
	at java.net.URLClassLoader.defineClass(URLClassLoader.java:493)
	at java.net.URLClassLoader.access$100(URLClassLoader.java:75)
	at java.net.URLClassLoader$1.run(URLClassLoader.java:389)
	at java.net.URLClassLoader$1.run(URLClassLoader.java:383)
	at java.security.AccessController.doPrivileged(Native Method)
	at java.net.URLClassLoader.findClass(URLClassLoader.java:382)
	at java.lang.ClassLoader.loadClass(ClassLoader.java:418)
	at java.lang.ClassLoader.loadClass(ClassLoader.java:351)
	at aQute.bnd.osgi.Processor$CL.loadClass(Processor.java:1742)
	at aQute.bnd.osgi.Processor.loadPlugin(Processor.java:718)
	at aQute.bnd.osgi.Processor.loadPlugins(Processor.java:606)
	at aQute.bnd.osgi.Processor.getPlugins(Processor.java:495)
	at aQute.bnd.osgi.Processor.getPlugins(Processor.java:435)
	at aQute.bnd.build.Workspace.signal(Workspace.java:430)
	at aQute.bnd.build.Workspace.signal(Workspace.java:446)
	at aQute.bnd.osgi.Processor.error(Processor.java:293)
	at aQute.bnd.build.Workspace.checkStructure(Workspace.java:840)
	at aQute.bnd.main.bnd._debug(bnd.java:1776)
	at sun.reflect.NativeMethodAccessorImpl.invoke0(Native Method)
	at sun.reflect.NativeMethodAccessorImpl.invoke(NativeMethodAccessorImpl.java:62)
	at sun.reflect.DelegatingMethodAccessorImpl.invoke(DelegatingMethodAccessorImpl.java:43)
	at java.lang.reflect.Method.invoke(Method.java:498)
	at aQute.lib.getopt.CommandLine.execute(CommandLine.java:149)
	at aQute.bnd.main.bnd._bnd(bnd.java:376)
	at sun.reflect.NativeMethodAccessorImpl.invoke0(Native Method)
	at sun.reflect.NativeMethodAccessorImpl.invoke(NativeMethodAccessorImpl.java:62)
	at sun.reflect.DelegatingMethodAccessorImpl.invoke(DelegatingMethodAccessorImpl.java:43)
	at java.lang.reflect.Method.invoke(Method.java:498)
	at aQute.lib.getopt.CommandLine.execute(CommandLine.java:149)
	at aQute.bnd.main.bnd.start(bnd.java:231)
	at aQute.bnd.main.bnd.main(bnd.java:216)

	at aQute.bnd.osgi.Processor$CL.loadClass(Processor.java:1753)
	at aQute.bnd.osgi.Processor.loadPlugin(Processor.java:718)
	at aQute.bnd.osgi.Processor.loadPlugins(Processor.java:606)
	at aQute.bnd.osgi.Processor.getPlugins(Processor.java:495)
	at aQute.bnd.osgi.Processor.getPlugins(Processor.java:435)
	at aQute.bnd.build.Workspace.signal(Workspace.java:430)
	at aQute.bnd.build.Workspace.signal(Workspace.java:446)
	at aQute.bnd.osgi.Processor.error(Processor.java:293)
	at aQute.bnd.build.Workspace.checkStructure(Workspace.java:840)
	at aQute.bnd.main.bnd._debug(bnd.java:1776)
	at sun.reflect.NativeMethodAccessorImpl.invoke0(Native Method)
	at sun.reflect.NativeMethodAccessorImpl.invoke(NativeMethodAccessorImpl.java:62)
	at sun.reflect.DelegatingMethodAccessorImpl.invoke(DelegatingMethodAccessorImpl.java:43)
	at java.lang.reflect.Method.invoke(Method.java:498)
	at aQute.lib.getopt.CommandLine.execute(CommandLine.java:149)
	at aQute.bnd.main.bnd._bnd(bnd.java:376)
	at sun.reflect.NativeMethodAccessorImpl.invoke0(Native Method)
	at sun.reflect.NativeMethodAccessorImpl.invoke(NativeMethodAccessorImpl.java:62)
	at sun.reflect.DelegatingMethodAccessorImpl.invoke(DelegatingMethodAccessorImpl.java:43)
	at java.lang.reflect.Method.invoke(Method.java:498)
	at aQute.lib.getopt.CommandLine.execute(CommandLine.java:149)
	at aQute.bnd.main.bnd.start(bnd.java:231)
	at aQute.bnd.main.bnd.main(bnd.java:216)
Caused by: java.lang.UnsupportedClassVersionError: de/mnl/osgi/bnd/repository/maven/provider/IndexedMavenRepositoryProvider has been compiled by a more recent version of the Java Runtime (class file version 55.0), this version of the Java Runtime only recognizes class file versions up to 52.0
	at java.lang.ClassLoader.defineClass1(Native Method)
	at java.lang.ClassLoader.defineClass(ClassLoader.java:756)
	at java.security.SecureClassLoader.defineClass(SecureClassLoader.java:142)
	at java.net.URLClassLoader.defineClass(URLClassLoader.java:493)
	at java.net.URLClassLoader.access$100(URLClassLoader.java:75)
	at java.net.URLClassLoader$1.run(URLClassLoader.java:389)
	at java.net.URLClassLoader$1.run(URLClassLoader.java:383)
	at java.security.AccessController.doPrivileged(Native Method)
	at java.net.URLClassLoader.findClass(URLClassLoader.java:382)
	at java.lang.ClassLoader.loadClass(ClassLoader.java:418)
	at java.lang.ClassLoader.loadClass(ClassLoader.java:351)
	at aQute.bnd.osgi.Processor$CL.loadClass(Processor.java:1742)
	... 22 more

002: Failed to load plugin de.mnl.osgi.bnd.repository.maven.provider.IndexedMavenRepositoryProvider;name=IndexedMaven;location="cnf/indexed-maven";releaseUrls="https://repo1.maven.org/maven2/";logIndexing=true, error: java.lang.ClassNotFoundException: de.mnl.osgi.bnd.repository.maven.provider.IndexedMavenRepositoryProvider not found, parent: sun.misc.Launcher$AppClassLoader@3d4eac69 urls:[file:/root/mugen/testcases/cli-test/aqute-bnd/data/com.acme.prime/cnf/cache/de.mnl.osgi.bnd.repository-4.1.0.jar, file:/root/mugen/testcases/cli-test/aqute-bnd/data/com.acme.prime/cnf/cache/biz.aQute.repository-6.0.0.jar] exception:java.lang.UnsupportedClassVersionError: de/mnl/osgi/bnd/repository/maven/provider/IndexedMavenRepositoryProvider has been compiled by a more recent version of the Java Runtime (class file version 55.0), this version of the Java Runtime only recognizes class file versions up to 52.0
	at java.lang.ClassLoader.defineClass1(Native Method)
	at java.lang.ClassLoader.defineClass(ClassLoader.java:756)
	at java.security.SecureClassLoader.defineClass(SecureClassLoader.java:142)
	at java.net.URLClassLoader.defineClass(URLClassLoader.java:493)
	at java.net.URLClassLoader.access$100(URLClassLoader.java:75)
	at java.net.URLClassLoader$1.run(URLClassLoader.java:389)
	at java.net.URLClassLoader$1.run(URLClassLoader.java:383)
	at java.security.AccessController.doPrivileged(Native Method)
	at java.net.URLClassLoader.findClass(URLClassLoader.java:382)
	at java.lang.ClassLoader.loadClass(ClassLoader.java:418)
	at java.lang.ClassLoader.loadClass(ClassLoader.java:351)
	at aQute.bnd.osgi.Processor$CL.loadClass(Processor.java:1742)
	at aQute.bnd.osgi.Processor.loadPlugin(Processor.java:718)
	at aQute.bnd.osgi.Processor.loadPlugins(Processor.java:606)
	at aQute.bnd.osgi.Processor.getPlugins(Processor.java:495)
	at aQute.bnd.osgi.Processor.getPlugins(Processor.java:435)
	at aQute.bnd.build.Workspace.signal(Workspace.java:430)
	at aQute.bnd.build.Workspace.signal(Workspace.java:446)
	at aQute.bnd.osgi.Processor.error(Processor.java:293)
	at aQute.bnd.build.Workspace.checkStructure(Workspace.java:840)
	at aQute.bnd.main.bnd._debug(bnd.java:1776)
	at sun.reflect.NativeMethodAccessorImpl.invoke0(Native Method)
	at sun.reflect.NativeMethodAccessorImpl.invoke(NativeMethodAccessorImpl.java:62)
	at sun.reflect.DelegatingMethodAccessorImpl.invoke(DelegatingMethodAccessorImpl.java:43)
	at java.lang.reflect.Method.invoke(Method.java:498)
	at aQute.lib.getopt.CommandLine.execute(CommandLine.java:149)
	at aQute.bnd.main.bnd._bnd(bnd.java:376)
	at sun.reflect.NativeMethodAccessorImpl.invoke0(Native Method)
	at sun.reflect.NativeMethodAccessorImpl.invoke(NativeMethodAccessorImpl.java:62)
	at sun.reflect.DelegatingMethodAccessorImpl.invoke(DelegatingMethodAccessorImpl.java:43)
	at java.lang.reflect.Method.invoke(Method.java:498)
	at aQute.lib.getopt.CommandLine.execute(CommandLine.java:149)
	at aQute.bnd.main.bnd.start(bnd.java:231)
	at aQute.bnd.main.bnd.main(bnd.java:216)
 
003: Cannot load the plugin de.mnl.osgi.bnd.repository.maven.provider.IndexedMavenRepositoryProvider
-----------------
Warnings
000: The JAR is empty: The instructions for the JAR named com.acme.prime.hello did not cause any content to be included, this is likely wrong
001: The JAR is empty: The instructions for the JAR named com.acme.prime.hello did not cause any content to be included, this is likely wrong
Sub-Builder com.acme.prime.hello
+ CHECK_RESULT 0 0 0 'check bnd debug failed'
+ actual_result=0
+ expect_result=0
+ mode=0
+ error_log='check bnd debug failed'
+ exit_mode=0
+ '[' -z 0 ']'
+ '[' 0 -eq 0 ']'
+ test 0x '!=' 0x
+ return 0
+ popd
~/mugen/testcases/cli-test/aqute-bnd
+ bnd defaults
+ grep javac=javac
javac=javac
+ CHECK_RESULT 0 0 0 'check bnd defaults failed'
+ actual_result=0
+ expect_result=0
+ mode=0
+ error_log='check bnd defaults failed'
+ exit_mode=0
+ '[' -z 0 ']'
+ '[' 0 -eq 0 ']'
+ test 0x '!=' 0x
+ return 0
+ pushd data/com.acme.prime
~/mugen/testcases/cli-test/aqute-bnd/data/com.acme.prime ~/mugen/testcases/cli-test/aqute-bnd
+ bnd deliverables -p com.acme.prime.hello
+ grep com.acme.prime.hello tmp.txt
com.acme.prime.hello                        0.0.0  /root/mugen/testcases/cli-test/aqute-bnd/data/com.acme.prime/com.acme.prime.hello/target/com.acme.prime.hello-0.0.0.jar
+ CHECK_RESULT 0 0 0 'check bnd deliverables failed'
+ actual_result=0
+ expect_result=0
+ mode=0
+ error_log='check bnd deliverables failed'
+ exit_mode=0
+ '[' -z 0 ']'
+ '[' 0 -eq 0 ']'
+ test 0x '!=' 0x
+ return 0
+ rm -f tmp.txt
+ popd
~/mugen/testcases/cli-test/aqute-bnd
+ pushd data/jar
~/mugen/testcases/cli-test/aqute-bnd/data/jar ~/mugen/testcases/cli-test/aqute-bnd
+ bnd diff bnd-libg-3.5.0.jar org.osgi.core-6.0.0.jar
+ grep org/osgi/util/tracker/BundleTracker.class
 REMOVED    RESOURCE   org/osgi/util/tracker/BundleTracker.class
+ CHECK_RESULT 0 0 0 'check bnd diff failed'
+ actual_result=0
+ expect_result=0
+ mode=0
+ error_log='check bnd diff failed'
+ exit_mode=0
+ '[' -z 0 ']'
+ '[' 0 -eq 0 ']'
+ test 0x '!=' 0x
+ return 0
+ popd
~/mugen/testcases/cli-test/aqute-bnd
+ pushd data/jar
~/mugen/testcases/cli-test/aqute-bnd/data/jar ~/mugen/testcases/cli-test/aqute-bnd
+ bnd digest bnd-libg-3.5.0.jar
931BE52C9AB4334A1EE41C9D9265A7F2AF842DEC
+ CHECK_RESULT 0 0 0 'check bnd digest failed'
+ actual_result=0
+ expect_result=0
+ mode=0
+ error_log='check bnd digest failed'
+ exit_mode=0
+ '[' -z 0 ']'
+ '[' 0 -eq 0 ']'
+ test 0x '!=' 0x
+ return 0
+ popd
~/mugen/testcases/cli-test/aqute-bnd
+ pushd data/jar
~/mugen/testcases/cli-test/aqute-bnd/data/jar ~/mugen/testcases/cli-test/aqute-bnd
+ bnd do bnd-libg-3.5.0.jar
+ grep 'A library to be statically linked'
[MANIFEST bnd-libg-3.5.0]
Bundle-Description                       A library to be statically linked. Contains many small utilities. This bundle should not be installed in a framework, it is compile only.
+ CHECK_RESULT 0 0 0 'check bnd do failed'
+ actual_result=0
+ expect_result=0
+ mode=0
+ error_log='check bnd do failed'
+ exit_mode=0
+ '[' -z 0 ']'
+ '[' 0 -eq 0 ']'
+ test 0x '!=' 0x
+ return 0
+ popd
~/mugen/testcases/cli-test/aqute-bnd
+ pushd data/osgi-vertx-demo/chat.vertx.mongo
~/mugen/testcases/cli-test/aqute-bnd/data/osgi-vertx-demo/chat.vertx.mongo ~/mugen/testcases/cli-test/aqute-bnd
+ bnd eclipse
+ grep Sourcepath tmp.txt
Sourcepath   [/root/mugen/testcases/cli-test/aqute-bnd/data/osgi-vertx-demo/chat.vertx.mongo/src]
+ CHECK_RESULT 0 0 0 'check bnd eclipse failed'
+ actual_result=0
+ expect_result=0
+ mode=0
+ error_log='check bnd eclipse failed'
+ exit_mode=0
+ '[' -z 0 ']'
+ '[' 0 -eq 0 ']'
+ test 0x '!=' 0x
+ return 0
+ rm -f tmp.txt
+ popd
~/mugen/testcases/cli-test/aqute-bnd
+ pushd data/jar
~/mugen/testcases/cli-test/aqute-bnd/data/jar ~/mugen/testcases/cli-test/aqute-bnd
+ bnd ees bnd-libg-3.5.0.jar
+ grep OpenJDK8
bnd-libg-3.5.0 [OpenJDK8]
+ CHECK_RESULT 0 0 0 'check bnd ees failed'
+ actual_result=0
+ expect_result=0
+ mode=0
+ error_log='check bnd ees failed'
+ exit_mode=0
+ '[' -z 0 ']'
+ '[' 0 -eq 0 ']'
+ test 0x '!=' 0x
+ return 0
+ popd
~/mugen/testcases/cli-test/aqute-bnd
+ LOG_INFO 'End to run test.'
+ message='End to run test.'
+ python3 /root/mugen/libs/locallibs/mugen_log.py --level info --message 'End to run test.'
Mon Jun 26 02:13:02 2023 - INFO  - End to run test.
+ CASE_RESULT 0
+ case_re=0
+ test -z ''
+ test 0 -eq 0
+ LOG_INFO 'succeed to execute the case.'
+ message='succeed to execute the case.'
+ python3 /root/mugen/libs/locallibs/mugen_log.py --level info --message 'succeed to execute the case.'
Mon Jun 26 02:13:03 2023 - INFO  - succeed to execute the case.
+ exec_result=
+ exit 0
+ post_test
+ LOG_INFO 'Start to restore the test environment.'
+ message='Start to restore the test environment.'
+ python3 /root/mugen/libs/locallibs/mugen_log.py --level info --message 'Start to restore the test environment.'
Mon Jun 26 02:13:05 2023 - INFO  - Start to restore the test environment.
+ DNF_REMOVE
+ node=1
+ pkg_list=
+ mode=0
+ [[ -z /tmp/tmpezn_2_r5 ]]
+ '[' 0 -ne 0 ']'
+ '[' 1 == 0 ']'
+ python3 /root/mugen/libs/locallibs/rpm_manage.py remove --node 1 --pkgs '' --tempfile /tmp/tmpezn_2_r5
+ '[' 0 -ne 0 ']'
+ clean_dir
++ ls
+ filelist='aqute-bnd.md
common
data
oe_test_aqute_bnd_01.sh
oe_test_aqute_bnd_02.sh
oe_test_aqute_bnd_03.sh
oe_test_aqute_bnd_04.sh
oe_test_aqute_bnd_05.sh'
+ for filename in ${filelist[@]}
+ [[ -d aqute-bnd.md ]]
+ for filename in ${filelist[@]}
+ [[ -d common ]]
+ [[ ! commonx == \c\o\m\m\o\n\x ]]
+ for filename in ${filelist[@]}
+ [[ -d data ]]
+ [[ ! datax == \c\o\m\m\o\n\x ]]
+ rm -rf data
+ for filename in ${filelist[@]}
+ [[ -d oe_test_aqute_bnd_01.sh ]]
+ for filename in ${filelist[@]}
+ [[ -d oe_test_aqute_bnd_02.sh ]]
+ for filename in ${filelist[@]}
+ [[ -d oe_test_aqute_bnd_03.sh ]]
+ for filename in ${filelist[@]}
+ [[ -d oe_test_aqute_bnd_04.sh ]]
+ for filename in ${filelist[@]}
+ [[ -d oe_test_aqute_bnd_05.sh ]]
+ LOG_INFO 'End to restore the test environment.'
+ message='End to restore the test environment.'
+ python3 /root/mugen/libs/locallibs/mugen_log.py --level info --message 'End to restore the test environment.'
Mon Jun 26 02:13:42 2023 - INFO  - End to restore the test environment.
