+ source /root/mugen/libs/locallibs/common_lib.sh
++ python3 --version
++ '[' 0 -eq 0 ']'
++ source /root/mugen/libs/locallibs/common_lib_python.sh
+ main
++ type -t post_test
+ '[' -n function ']'
+ trap post_test EXIT INT HUP TERM
+ rpm -qa
+ grep expect
++ type -t config_params
+ '[' -n '' ']'
++ type -t pre_test
+ '[' -n function ']'
+ pre_test
+ LOG_INFO 'Start to prepare the database config.'
+ message='Start to prepare the database config.'
+ python3 /root/mugen/libs/locallibs/mugen_log.py --level info --message 'Start to prepare the database config.'
Fri Jun 23 03:27:49 2023 - INFO  - Start to prepare the database config.
+ [[ ! -f ./open_ro_file ]]
+ make
In file included from /usr/include/errno.h:28,
                 from open_ro_file.c:7:
/usr/include/bits/errno.h:26:11: fatal error: linux/errno.h: No such file or directory
   26 | # include <linux/errno.h>
      |           ^~~~~~~~~~~~~~~
compilation terminated.
make: *** [Makefile:4: default] Error 1
+ echo 'test read only file'
+ LOG_INFO 'End to prepare the database config.'
+ message='End to prepare the database config.'
+ python3 /root/mugen/libs/locallibs/mugen_log.py --level info --message 'End to prepare the database config.'
Fri Jun 23 03:27:53 2023 - INFO  - End to prepare the database config.
++ type -t run_test
+ '[' -n function ']'
+ run_test
+ LOG_INFO 'Start to run test.'
+ message='Start to run test.'
+ python3 /root/mugen/libs/locallibs/mugen_log.py --level info --message 'Start to run test.'
Fri Jun 23 03:27:54 2023 - INFO  - Start to run test.
+ echo test_ro_file
+ ./open_ro_file
oe_test_FSIO_open_ro_file.sh: line 32: ./open_ro_file: No such file or directory
+ CHECK_RESULT 127 0 0 'Write file unexpectly while open file by read only.'
+ actual_result=127
+ expect_result=0
+ mode=0
+ error_log='Write file unexpectly while open file by read only.'
+ exit_mode=0
+ '[' -z 127 ']'
+ '[' 0 -eq 0 ']'
+ test 127x '!=' 0x
+ test -n 'Write file unexpectly while open file by read only.'
+ LOG_ERROR 'Write file unexpectly while open file by read only.'
+ message='Write file unexpectly while open file by read only.'
+ python3 /root/mugen/libs/locallibs/mugen_log.py --level error --message 'Write file unexpectly while open file by read only.'
Fri Jun 23 03:27:56 2023 - ERROR - Write file unexpectly while open file by read only.
+ (( exec_result++ ))
+ LOG_ERROR 'oe_test_FSIO_open_ro_file.sh line 33'
+ message='oe_test_FSIO_open_ro_file.sh line 33'
+ python3 /root/mugen/libs/locallibs/mugen_log.py --level error --message 'oe_test_FSIO_open_ro_file.sh line 33'
Fri Jun 23 03:27:58 2023 - ERROR - oe_test_FSIO_open_ro_file.sh line 33
+ '[' 0 -eq 1 ']'
+ return 0
+ grep test_ro_file test_ro_file
+ CHECK_RESULT 1 1 0 'Write value to file unexpectly.'
+ actual_result=1
+ expect_result=1
+ mode=0
+ error_log='Write value to file unexpectly.'
+ exit_mode=0
+ '[' -z 1 ']'
+ '[' 0 -eq 0 ']'
+ test 1x '!=' 1x
+ return 0
+ LOG_INFO 'End to run test.'
+ message='End to run test.'
+ python3 /root/mugen/libs/locallibs/mugen_log.py --level info --message 'End to run test.'
Fri Jun 23 03:27:59 2023 - INFO  - End to run test.
+ CASE_RESULT 0
+ case_re=0
+ test -z 1
+ test 1 -gt 0
+ LOG_ERROR 'failed to execute the case.'
+ message='failed to execute the case.'
+ python3 /root/mugen/libs/locallibs/mugen_log.py --level error --message 'failed to execute the case.'
Fri Jun 23 03:28:01 2023 - ERROR - failed to execute the case.
+ exit 1
+ post_test
+ LOG_INFO 'Start to restore the test environment.'
+ message='Start to restore the test environment.'
+ python3 /root/mugen/libs/locallibs/mugen_log.py --level info --message 'Start to restore the test environment.'
Fri Jun 23 03:28:02 2023 - INFO  - Start to restore the test environment.
+ rm -f test_ro_file
+ make clean
+ LOG_INFO 'End to restore the test environment.'
+ message='End to restore the test environment.'
+ python3 /root/mugen/libs/locallibs/mugen_log.py --level info --message 'End to restore the test environment.'
Fri Jun 23 03:28:04 2023 - INFO  - End to restore the test environment.
