+ source /root/mugen/libs/locallibs/common_lib.sh
++ python3 --version
++ '[' 0 -eq 0 ']'
++ source /root/mugen/libs/locallibs/common_lib_python.sh
+ main
++ type -t post_test
+ '[' -n function ']'
+ trap post_test EXIT INT HUP TERM
+ rpm -qa
+ grep expect
++ type -t config_params
+ '[' -n '' ']'
++ type -t pre_test
+ '[' -n function ']'
+ pre_test
+ LOG_INFO 'Start to prepare the test environment.'
+ message='Start to prepare the test environment.'
+ python3 /root/mugen/libs/locallibs/mugen_log.py --level info --message 'Start to prepare the test environment.'
Fri Apr 28 03:52:12 2023 - INFO  - Start to prepare the test environment.
+ DNF_INSTALL 'wireshark bc'
+ pkgs='wireshark bc'
+ node=1
+ '[' -z '' ']'
+ tmpfile=
++ python3 /root/mugen/libs/locallibs/rpm_manage.py install --pkgs 'wireshark bc' --node 1 --tempfile ''
Fri Apr 28 03:52:21 2023 - INFO  - pkgs:(wireshark bc) is already installed
+ tmpfile2=
+ '[' -z '' ']'
+ tmpfile=
+ LOG_INFO 'Finish preparing the test environment.'
+ message='Finish preparing the test environment.'
+ python3 /root/mugen/libs/locallibs/mugen_log.py --level info --message 'Finish preparing the test environment.'
Fri Apr 28 03:52:22 2023 - INFO  - Finish preparing the test environment.
++ type -t run_test
+ '[' -n function ']'
+ run_test
+ LOG_INFO 'Start to run test.'
+ message='Start to run test.'
+ python3 /root/mugen/libs/locallibs/mugen_log.py --level info --message 'Start to run test.'
Fri Apr 28 03:52:23 2023 - INFO  - Start to run test.
++ awk -F . '{print $2}'
++ dumpcap -D
++ head -1
+ netCard=' eth0'
+ SLEEP_WAIT 10 'dumpcap -i  eth0 -c 20 -w testfile6' 2
+ wait_time=10
+ cmd='dumpcap -i  eth0 -c 20 -w testfile6'
+ mode=2
+ python3 /root/mugen/libs/locallibs/sleep_wait.py --time 10 --cmd 'dumpcap -i  eth0 -c 20 -w testfile6' --mode 2
Fri Apr 28 04:22:09 2023 - ERROR - Timeout : Command 'bash -x oe_test_editcap_02.sh' timed out after 1799.9992574970001 seconds
Capturing on 'eth0'
File: testfile6

Packets: 2 
Packets: 3 
Packets: 6 
Packets: 9 
Packets: 11 
Packets: 12 
Packets: 14 
Packets: 15 
Packets: 17 
Packets: 19 
Packets: 20 
Packets captured: 20
Packets received/dropped on interface 'eth0': 20/0 (pcap:0/dumpcap:0/flushed:0/ps_ifdrop:0) (100.0%)
++ post_test
++ LOG_INFO 'Start to restore the test environment.'
++ message='Start to restore the test environment.'
++ python3 /root/mugen/libs/locallibs/mugen_log.py --level info --message 'Start to restore the test environment.'
Fri Apr 28 04:22:12 2023 - INFO  - Start to restore the test environment.
+++ ls
+++ grep -v .sh
++ rm -rf testfile6
++ DNF_REMOVE
++ node=1
++ pkg_list=
++ mode=0
++ [[ -z '' ]]
++ [[ -z '' ]]
++ LOG_WARN 'no thing to do.'
++ message='no thing to do.'
++ python3 /root/mugen/libs/locallibs/mugen_log.py --level warn --message 'no thing to do.'
Fri Apr 28 04:22:13 2023 - WARN  - no thing to do.
++ return 0
++ LOG_INFO 'Finish restoring the test environment.'
++ message='Finish restoring the test environment.'
++ python3 /root/mugen/libs/locallibs/mugen_log.py --level info --message 'Finish restoring the test environment.'
Fri Apr 28 04:22:14 2023 - INFO  - Finish restoring the test environment.
+ grep 'Number of packets:.*2'
+ capinfos testfile6
capinfos: The file "testfile6" doesn't exist.
+ CHECK_RESULT 1
+ actual_result=1
+ expect_result=0
+ mode=0
+ error_log=
+ exit_mode=0
+ '[' -z 1 ']'
+ '[' 0 -eq 0 ']'
+ test 1x '!=' 0x
+ test -n ''
+ (( exec_result++ ))
+ LOG_ERROR 'oe_test_editcap_02.sh line 32'
+ message='oe_test_editcap_02.sh line 32'
+ python3 /root/mugen/libs/locallibs/mugen_log.py --level error --message 'oe_test_editcap_02.sh line 32'
Fri Apr 28 04:22:15 2023 - ERROR - oe_test_editcap_02.sh line 32
+ '[' 0 -eq 1 ']'
+ return 0
+ editcap -C 20 testfile6 testfile6_A
editcap: The file "testfile6" doesn't exist.
+ CHECK_RESULT 2
+ actual_result=2
+ expect_result=0
+ mode=0
+ error_log=
+ exit_mode=0
+ '[' -z 2 ']'
+ '[' 0 -eq 0 ']'
+ test 2x '!=' 0x
+ test -n ''
+ (( exec_result++ ))
+ LOG_ERROR 'oe_test_editcap_02.sh line 34'
+ message='oe_test_editcap_02.sh line 34'
+ python3 /root/mugen/libs/locallibs/mugen_log.py --level error --message 'oe_test_editcap_02.sh line 34'
Fri Apr 28 04:22:16 2023 - ERROR - oe_test_editcap_02.sh line 34
+ '[' 0 -eq 1 ']'
+ return 0
+ grep 'Packet size limit:.*inferred:.*bytes - .*bytes (range)'
+ capinfos testfile6_A
capinfos: The file "testfile6_A" doesn't exist.
+ CHECK_RESULT 1
+ actual_result=1
+ expect_result=0
+ mode=0
+ error_log=
+ exit_mode=0
+ '[' -z 1 ']'
+ '[' 0 -eq 0 ']'
+ test 1x '!=' 0x
+ test -n ''
+ (( exec_result++ ))
+ LOG_ERROR 'oe_test_editcap_02.sh line 36'
+ message='oe_test_editcap_02.sh line 36'
+ python3 /root/mugen/libs/locallibs/mugen_log.py --level error --message 'oe_test_editcap_02.sh line 36'
Fri Apr 28 04:22:17 2023 - ERROR - oe_test_editcap_02.sh line 36
+ '[' 0 -eq 1 ']'
+ return 0
+ SLEEP_WAIT 5 'dumpcap -i 1 -a duration:5 -w testfile7' 2
+ wait_time=5
+ cmd='dumpcap -i 1 -a duration:5 -w testfile7'
+ mode=2
+ python3 /root/mugen/libs/locallibs/sleep_wait.py --time 5 --cmd 'dumpcap -i 1 -a duration:5 -w testfile7' --mode 2
Capturing on 'eth0'
File: testfile7

Packets captured: 0
Packets received/dropped on interface 'eth0': 0/0 (pcap:0/dumpcap:0/flushed:0/ps_ifdrop:0) (0.0%)
+ grep 'Capture duration:.*'
+ capinfos testfile7
Capture duration:    n/a
+ CHECK_RESULT 0
+ actual_result=0
+ expect_result=0
+ mode=0
+ error_log=
+ exit_mode=0
+ '[' -z 0 ']'
+ '[' 0 -eq 0 ']'
+ test 0x '!=' 0x
+ return 0
+ editcap -t -0.5 testfile7 testfile7_A
+ CHECK_RESULT 0
+ actual_result=0
+ expect_result=0
+ mode=0
+ error_log=
+ exit_mode=0
+ '[' -z 0 ']'
+ '[' 0 -eq 0 ']'
+ test 0x '!=' 0x
+ return 0
++ grep '[0-9]:[0-9]'
++ awk -F : '{print $NF}'
++ head -1
++ capinfos testfile7
capinfos: error while loading shared libraries: libwiretap.so.12: cannot open shared object file: No such file or directory
+ s1=
++ grep '[0-9]:[0-9]'
++ tail -1
++ awk -F : '{print $NF}'
++ capinfos testfile7
capinfos: error while loading shared libraries: libwiretap.so.12: cannot open shared object file: No such file or directory
+ e1=
++ bc
++ echo -0.5
+ s2=-.5
++ bc
++ echo -0.5
+ e2=-.5
+ grep -E '-.5|-.5'
+ capinfos testfile7_A
oe_test_editcap_02.sh: line 46: capinfos: command not found
grep: invalid option -- '.'
Usage: grep [OPTION]... PATTERNS [FILE]...
Try 'grep --help' for more information.
+ CHECK_RESULT 2
+ actual_result=2
+ expect_result=0
+ mode=0
+ error_log=
+ exit_mode=0
+ '[' -z 2 ']'
+ '[' 0 -eq 0 ']'
+ test 2x '!=' 0x
+ test -n ''
+ (( exec_result++ ))
+ LOG_ERROR 'oe_test_editcap_02.sh line 47'
+ message='oe_test_editcap_02.sh line 47'
+ python3 /root/mugen/libs/locallibs/mugen_log.py --level error --message 'oe_test_editcap_02.sh line 47'
Fri Apr 28 04:22:26 2023 - ERROR - oe_test_editcap_02.sh line 47
+ '[' 0 -eq 1 ']'
+ return 0
+ SLEEP_WAIT 5 'dumpcap -i 1 -a filesize:1 -w testfile8' 2
+ wait_time=5
+ cmd='dumpcap -i 1 -a filesize:1 -w testfile8'
+ mode=2
+ python3 /root/mugen/libs/locallibs/sleep_wait.py --time 5 --cmd 'dumpcap -i 1 -a filesize:1 -w testfile8' --mode 2
+ capinfos testfile8
oe_test_editcap_02.sh: line 49: capinfos: command not found
+ grep 'File size:.*bytes'
+ CHECK_RESULT 1
+ actual_result=1
+ expect_result=0
+ mode=0
+ error_log=
+ exit_mode=0
+ '[' -z 1 ']'
+ '[' 0 -eq 0 ']'
+ test 1x '!=' 0x
+ test -n ''
+ (( exec_result++ ))
+ LOG_ERROR 'oe_test_editcap_02.sh line 50'
+ message='oe_test_editcap_02.sh line 50'
+ python3 /root/mugen/libs/locallibs/mugen_log.py --level error --message 'oe_test_editcap_02.sh line 50'
Fri Apr 28 04:22:34 2023 - ERROR - oe_test_editcap_02.sh line 50
+ '[' 0 -eq 1 ']'
+ return 0
+ editcap -E 0.05 testfile8 testfile8_A
oe_test_editcap_02.sh: line 51: /usr/bin/editcap: No such file or directory
+ CHECK_RESULT 127
+ actual_result=127
+ expect_result=0
+ mode=0
+ error_log=
+ exit_mode=0
+ '[' -z 127 ']'
+ '[' 0 -eq 0 ']'
+ test 127x '!=' 0x
+ test -n ''
+ (( exec_result++ ))
+ LOG_ERROR 'oe_test_editcap_02.sh line 52'
+ message='oe_test_editcap_02.sh line 52'
+ python3 /root/mugen/libs/locallibs/mugen_log.py --level error --message 'oe_test_editcap_02.sh line 52'
Fri Apr 28 04:22:34 2023 - ERROR - oe_test_editcap_02.sh line 52
+ '[' 0 -eq 1 ']'
+ return 0
+ grep 'File size:.*bytes'
+ capinfos testfile8_A
oe_test_editcap_02.sh: line 53: capinfos: command not found
+ CHECK_RESULT 1
+ actual_result=1
+ expect_result=0
+ mode=0
+ error_log=
+ exit_mode=0
+ '[' -z 1 ']'
+ '[' 0 -eq 0 ']'
+ test 1x '!=' 0x
+ test -n ''
+ (( exec_result++ ))
+ LOG_ERROR 'oe_test_editcap_02.sh line 54'
+ message='oe_test_editcap_02.sh line 54'
+ python3 /root/mugen/libs/locallibs/mugen_log.py --level error --message 'oe_test_editcap_02.sh line 54'
Fri Apr 28 04:22:35 2023 - ERROR - oe_test_editcap_02.sh line 54
+ '[' 0 -eq 1 ']'
+ return 0
+ editcap -c 2 testfile8 testfile8_B
oe_test_editcap_02.sh: line 55: /usr/bin/editcap: No such file or directory
+ CHECK_RESULT 127
+ actual_result=127
+ expect_result=0
+ mode=0
+ error_log=
+ exit_mode=0
+ '[' -z 127 ']'
+ '[' 0 -eq 0 ']'
+ test 127x '!=' 0x
+ test -n ''
+ (( exec_result++ ))
+ LOG_ERROR 'oe_test_editcap_02.sh line 56'
+ message='oe_test_editcap_02.sh line 56'
+ python3 /root/mugen/libs/locallibs/mugen_log.py --level error --message 'oe_test_editcap_02.sh line 56'
Fri Apr 28 04:22:36 2023 - ERROR - oe_test_editcap_02.sh line 56
+ '[' 0 -eq 1 ']'
+ return 0
+ grep 'Number of packets:.*'
+ capinfos 'testfile8_B*'
oe_test_editcap_02.sh: line 57: capinfos: command not found
+ CHECK_RESULT 1
+ actual_result=1
+ expect_result=0
+ mode=0
+ error_log=
+ exit_mode=0
+ '[' -z 1 ']'
+ '[' 0 -eq 0 ']'
+ test 1x '!=' 0x
+ test -n ''
+ (( exec_result++ ))
+ LOG_ERROR 'oe_test_editcap_02.sh line 58'
+ message='oe_test_editcap_02.sh line 58'
+ python3 /root/mugen/libs/locallibs/mugen_log.py --level error --message 'oe_test_editcap_02.sh line 58'
Fri Apr 28 04:22:37 2023 - ERROR - oe_test_editcap_02.sh line 58
+ '[' 0 -eq 1 ']'
+ return 0
+ editcap -i 1 testfile7 testfile7_B
oe_test_editcap_02.sh: line 59: /usr/bin/editcap: No such file or directory
+ CHECK_RESULT 127
+ actual_result=127
+ expect_result=0
+ mode=0
+ error_log=
+ exit_mode=0
+ '[' -z 127 ']'
+ '[' 0 -eq 0 ']'
+ test 127x '!=' 0x
+ test -n ''
+ (( exec_result++ ))
+ LOG_ERROR 'oe_test_editcap_02.sh line 60'
+ message='oe_test_editcap_02.sh line 60'
+ python3 /root/mugen/libs/locallibs/mugen_log.py --level error --message 'oe_test_editcap_02.sh line 60'
Fri Apr 28 04:22:38 2023 - ERROR - oe_test_editcap_02.sh line 60
+ '[' 0 -eq 1 ']'
+ return 0
+ capinfos 'testfile7_B_*'
oe_test_editcap_02.sh: line 61: capinfos: command not found
+ grep -E 'Capture duration|11:43'
+ CHECK_RESULT 1
+ actual_result=1
+ expect_result=0
+ mode=0
+ error_log=
+ exit_mode=0
+ '[' -z 1 ']'
+ '[' 0 -eq 0 ']'
+ test 1x '!=' 0x
+ test -n ''
+ (( exec_result++ ))
+ LOG_ERROR 'oe_test_editcap_02.sh line 62'
+ message='oe_test_editcap_02.sh line 62'
+ python3 /root/mugen/libs/locallibs/mugen_log.py --level error --message 'oe_test_editcap_02.sh line 62'
Fri Apr 28 04:22:39 2023 - ERROR - oe_test_editcap_02.sh line 62
+ '[' 0 -eq 1 ']'
+ return 0
+ SLEEP_WAIT 10 'dumpcap -i  eth0 -f "tcp port 22" -c 20 -w testfile2' 2
+ wait_time=10
+ cmd='dumpcap -i  eth0 -f "tcp port 22" -c 20 -w testfile2'
+ mode=2
+ python3 /root/mugen/libs/locallibs/sleep_wait.py --time 10 --cmd 'dumpcap -i  eth0 -f "tcp port 22" -c 20 -w testfile2' --mode 2
+ captype testfile2
+ grep 'testfile2: pcapng'
oe_test_editcap_02.sh: line 64: captype: command not found
+ CHECK_RESULT 1
+ actual_result=1
+ expect_result=0
+ mode=0
+ error_log=
+ exit_mode=0
+ '[' -z 1 ']'
+ '[' 0 -eq 0 ']'
+ test 1x '!=' 0x
+ test -n ''
+ (( exec_result++ ))
+ LOG_ERROR 'oe_test_editcap_02.sh line 65'
+ message='oe_test_editcap_02.sh line 65'
+ python3 /root/mugen/libs/locallibs/mugen_log.py --level error --message 'oe_test_editcap_02.sh line 65'
Fri Apr 28 04:22:52 2023 - ERROR - oe_test_editcap_02.sh line 65
+ '[' 0 -eq 1 ']'
+ return 0
+ editcap -F pcap testfile2 testfile2_D
oe_test_editcap_02.sh: line 66: /usr/bin/editcap: No such file or directory
+ CHECK_RESULT 127
+ actual_result=127
+ expect_result=0
+ mode=0
+ error_log=
+ exit_mode=0
+ '[' -z 127 ']'
+ '[' 0 -eq 0 ']'
+ test 127x '!=' 0x
+ test -n ''
+ (( exec_result++ ))
+ LOG_ERROR 'oe_test_editcap_02.sh line 67'
+ message='oe_test_editcap_02.sh line 67'
+ python3 /root/mugen/libs/locallibs/mugen_log.py --level error --message 'oe_test_editcap_02.sh line 67'
Fri Apr 28 04:22:53 2023 - ERROR - oe_test_editcap_02.sh line 67
+ '[' 0 -eq 1 ']'
+ return 0
+ grep 'testfile2_D: pcap'
+ captype testfile2_D
oe_test_editcap_02.sh: line 68: captype: command not found
+ CHECK_RESULT 1
+ actual_result=1
+ expect_result=0
+ mode=0
+ error_log=
+ exit_mode=0
+ '[' -z 1 ']'
+ '[' 0 -eq 0 ']'
+ test 1x '!=' 0x
+ test -n ''
+ (( exec_result++ ))
+ LOG_ERROR 'oe_test_editcap_02.sh line 69'
+ message='oe_test_editcap_02.sh line 69'
+ python3 /root/mugen/libs/locallibs/mugen_log.py --level error --message 'oe_test_editcap_02.sh line 69'
Fri Apr 28 04:22:54 2023 - ERROR - oe_test_editcap_02.sh line 69
+ '[' 0 -eq 1 ']'
+ return 0
+ SLEEP_WAIT 5 'dumpcap -i  eth0 -c 20 -w testfile1' 2
+ wait_time=5
+ cmd='dumpcap -i  eth0 -c 20 -w testfile1'
+ mode=2
+ python3 /root/mugen/libs/locallibs/sleep_wait.py --time 5 --cmd 'dumpcap -i  eth0 -c 20 -w testfile1' --mode 2
+ capinfos -E testfile1
oe_test_editcap_02.sh: line 71: capinfos: command not found
+ grep 'File encapsulation:.*Ethernet'
+ CHECK_RESULT 1
+ actual_result=1
+ expect_result=0
+ mode=0
+ error_log=
+ exit_mode=0
+ '[' -z 1 ']'
+ '[' 0 -eq 0 ']'
+ test 1x '!=' 0x
+ test -n ''
+ (( exec_result++ ))
+ LOG_ERROR 'oe_test_editcap_02.sh line 72'
+ message='oe_test_editcap_02.sh line 72'
+ python3 /root/mugen/libs/locallibs/mugen_log.py --level error --message 'oe_test_editcap_02.sh line 72'
Fri Apr 28 04:23:01 2023 - ERROR - oe_test_editcap_02.sh line 72
+ '[' 0 -eq 1 ']'
+ return 0
+ editcap -T ap1394 testfile1 testfile1_B
oe_test_editcap_02.sh: line 73: /usr/bin/editcap: No such file or directory
+ CHECK_RESULT 127
+ actual_result=127
+ expect_result=0
+ mode=0
+ error_log=
+ exit_mode=0
+ '[' -z 127 ']'
+ '[' 0 -eq 0 ']'
+ test 127x '!=' 0x
+ test -n ''
+ (( exec_result++ ))
+ LOG_ERROR 'oe_test_editcap_02.sh line 74'
+ message='oe_test_editcap_02.sh line 74'
+ python3 /root/mugen/libs/locallibs/mugen_log.py --level error --message 'oe_test_editcap_02.sh line 74'
Fri Apr 28 04:23:02 2023 - ERROR - oe_test_editcap_02.sh line 74
+ '[' 0 -eq 1 ']'
+ return 0
+ capinfos -E testfile1_B
oe_test_editcap_02.sh: line 75: capinfos: command not found
+ grep 'File encapsulation:.*Apple IP-over-IEEE 1394'
+ CHECK_RESULT 1
+ actual_result=1
+ expect_result=0
+ mode=0
+ error_log=
+ exit_mode=0
+ '[' -z 1 ']'
+ '[' 0 -eq 0 ']'
+ test 1x '!=' 0x
+ test -n ''
+ (( exec_result++ ))
+ LOG_ERROR 'oe_test_editcap_02.sh line 76'
+ message='oe_test_editcap_02.sh line 76'
+ python3 /root/mugen/libs/locallibs/mugen_log.py --level error --message 'oe_test_editcap_02.sh line 76'
Fri Apr 28 04:23:03 2023 - ERROR - oe_test_editcap_02.sh line 76
+ '[' 0 -eq 1 ']'
+ return 0
+ LOG_INFO 'End of the test.'
+ message='End of the test.'
+ python3 /root/mugen/libs/locallibs/mugen_log.py --level info --message 'End of the test.'
Fri Apr 28 04:23:04 2023 - INFO  - End of the test.
+ CASE_RESULT 0
+ case_re=0
+ test -z 17
+ test 17 -gt 0
+ LOG_ERROR 'failed to execute the case.'
+ message='failed to execute the case.'
+ python3 /root/mugen/libs/locallibs/mugen_log.py --level error --message 'failed to execute the case.'
Fri Apr 28 04:23:05 2023 - ERROR - failed to execute the case.
+ exit 17
+ post_test
+ LOG_INFO 'Start to restore the test environment.'
+ message='Start to restore the test environment.'
+ python3 /root/mugen/libs/locallibs/mugen_log.py --level info --message 'Start to restore the test environment.'
Fri Apr 28 04:23:06 2023 - INFO  - Start to restore the test environment.
++ ls
++ grep -v .sh
+ rm -rf testfile7 testfile7_A
+ DNF_REMOVE
+ node=1
+ pkg_list=
+ mode=0
+ [[ -z '' ]]
+ [[ -z '' ]]
+ LOG_WARN 'no thing to do.'
+ message='no thing to do.'
+ python3 /root/mugen/libs/locallibs/mugen_log.py --level warn --message 'no thing to do.'
Fri Apr 28 04:23:06 2023 - WARN  - no thing to do.
+ return 0
+ LOG_INFO 'Finish restoring the test environment.'
+ message='Finish restoring the test environment.'
+ python3 /root/mugen/libs/locallibs/mugen_log.py --level info --message 'Finish restoring the test environment.'
Fri Apr 28 04:23:07 2023 - INFO  - Finish restoring the test environment.
