+ source /root/mugen/libs/locallibs/common_lib.sh
++ python3 --version
++ '[' 0 -eq 0 ']'
++ source /root/mugen/libs/locallibs/common_lib_python.sh
+ main
++ type -t post_test
+ '[' -n function ']'
+ trap post_test EXIT INT HUP TERM
+ grep expect
+ rpm -qa
++ type -t config_params
+ '[' -n '' ']'
++ type -t pre_test
+ '[' -n function ']'
+ pre_test
+ LOG_INFO 'Start to prepare the test environment.'
+ message='Start to prepare the test environment.'
+ python3 /root/mugen/libs/locallibs/mugen_log.py --level info --message 'Start to prepare the test environment.'
Thu Apr 27 03:24:30 2023 - INFO  - Start to prepare the test environment.
+ DNF_INSTALL 'sos tar'
+ pkgs='sos tar'
+ node=1
+ '[' -z '' ']'
+ tmpfile=
++ python3 /root/mugen/libs/locallibs/rpm_manage.py install --pkgs 'sos tar' --node 1 --tempfile ''
Thu Apr 27 03:24:43 2023 - INFO  - pkgs:(sos tar) is already installed
+ tmpfile2=
+ '[' -z '' ']'
+ tmpfile=
+ LOG_INFO 'Finish preparing the test environment.'
+ message='Finish preparing the test environment.'
+ python3 /root/mugen/libs/locallibs/mugen_log.py --level info --message 'Finish preparing the test environment.'
Thu Apr 27 03:24:44 2023 - INFO  - Finish preparing the test environment.
++ type -t run_test
+ '[' -n function ']'
+ run_test
+ LOG_INFO 'Start to run test.'
+ message='Start to run test.'
+ python3 /root/mugen/libs/locallibs/mugen_log.py --level info --message 'Start to run test.'
Thu Apr 27 03:24:45 2023 - INFO  - Start to run test.
+ expect
spawn sosreport --debug

Please note the 'sosreport' command has been deprecated in favor of the new 'sos' command, E.G. 'sos report'.
Redirecting to 'sos report --debug'
Traceback (most recent call last):
  File "/usr/lib/python3.10/site-packages/sos/__init__.py", line 72, in __init__
debug
  File "/usr/lib/python3.10/site-packages/sos/collector/__init__.py", line 29, in <module>
  File "/usr/lib/python3.10/site-packages/sos/collector/sosnode.py", line 20, in <module>
ModuleNotFoundError: No module named 'sos.policies.init_systems'

During handling of the above exception, another exception occurred:

Traceback (most recent call last):
  File "/usr/sbin/sosreport", line 32, in <module>
  File "/usr/lib/python3.10/site-packages/sos/__init__.py", line 76, in __init__
ModuleNotFoundError: No module named 'sos.missing'
++ date +%Y-%m-%d
+ grep sosreport-localhost-debug-2023-04-27 sos_log9
+ CHECK_RESULT 1
+ actual_result=1
+ expect_result=0
+ mode=0
+ error_log=
+ exit_mode=0
+ '[' -z 1 ']'
+ '[' 0 -eq 0 ']'
+ test 1x '!=' 0x
+ test -n ''
+ (( exec_result++ ))
+ LOG_ERROR 'oe_test_sosreport_02.sh line 39'
+ message='oe_test_sosreport_02.sh line 39'
+ python3 /root/mugen/libs/locallibs/mugen_log.py --level error --message 'oe_test_sosreport_02.sh line 39'
Thu Apr 27 03:26:53 2023 - ERROR - oe_test_sosreport_02.sh line 39
+ '[' 0 -eq 1 ']'
+ return 0
+ expect
spawn sosreport --desc test description content
couldn't execute "sosreport": no such file or directory
    while executing
"spawn sosreport --desc "test description content" "
++ date +%Y-%m-%d
+ grep sosreport-localhost-desc-2023-04-27 sos_log10
+ CHECK_RESULT 1
+ actual_result=1
+ expect_result=0
+ mode=0
+ error_log=
+ exit_mode=0
+ '[' -z 1 ']'
+ '[' 0 -eq 0 ']'
+ test 1x '!=' 0x
+ test -n ''
+ (( exec_result++ ))
+ LOG_ERROR 'oe_test_sosreport_02.sh line 49'
+ message='oe_test_sosreport_02.sh line 49'
+ python3 /root/mugen/libs/locallibs/mugen_log.py --level error --message 'oe_test_sosreport_02.sh line 49'
Thu Apr 27 03:26:54 2023 - ERROR - oe_test_sosreport_02.sh line 49
+ '[' 0 -eq 1 ']'
+ return 0
+ expect
spawn sosreport --experimental
couldn't execute "sosreport": no such file or directory
    while executing
"spawn sosreport --experimental"
++ date +%Y-%m-%d
+ grep sosreport-localhost-experimental-2023-04-27 sos_log12
+ CHECK_RESULT 1
+ actual_result=1
+ expect_result=0
+ mode=0
+ error_log=
+ exit_mode=0
+ '[' -z 1 ']'
+ '[' 0 -eq 0 ']'
+ test 1x '!=' 0x
+ test -n ''
+ (( exec_result++ ))
+ LOG_ERROR 'oe_test_sosreport_02.sh line 59'
+ message='oe_test_sosreport_02.sh line 59'
+ python3 /root/mugen/libs/locallibs/mugen_log.py --level error --message 'oe_test_sosreport_02.sh line 59'
Thu Apr 27 03:26:56 2023 - ERROR - oe_test_sosreport_02.sh line 59
+ '[' 0 -eq 1 ']'
+ return 0
+ expect
spawn sosreport -e dnf,rpm,selinux,dovecot
couldn't execute "sosreport": no such file or directory
    while executing
"spawn sosreport -e dnf,rpm,selinux,dovecot"
++ date +%Y-%m-%d
+ grep sosreport-localhost-enable-plugins-2023-04-27 sos_log13
+ CHECK_RESULT 1
+ actual_result=1
+ expect_result=0
+ mode=0
+ error_log=
+ exit_mode=0
+ '[' -z 1 ']'
+ '[' 0 -eq 0 ']'
+ test 1x '!=' 0x
+ test -n ''
+ (( exec_result++ ))
+ LOG_ERROR 'oe_test_sosreport_02.sh line 69'
+ message='oe_test_sosreport_02.sh line 69'
+ python3 /root/mugen/libs/locallibs/mugen_log.py --level error --message 'oe_test_sosreport_02.sh line 69'
Thu Apr 27 03:26:57 2023 - ERROR - oe_test_sosreport_02.sh line 69
+ '[' 0 -eq 1 ']'
+ return 0
+ grep -E 'on|off|inactive'
+ sosreport -l
oe_test_sosreport_02.sh: line 70: sosreport: command not found
+ CHECK_RESULT 1
+ actual_result=1
+ expect_result=0
+ mode=0
+ error_log=
+ exit_mode=0
+ '[' -z 1 ']'
+ '[' 0 -eq 0 ']'
+ test 1x '!=' 0x
+ test -n ''
+ (( exec_result++ ))
+ LOG_ERROR 'oe_test_sosreport_02.sh line 71'
+ message='oe_test_sosreport_02.sh line 71'
+ python3 /root/mugen/libs/locallibs/mugen_log.py --level error --message 'oe_test_sosreport_02.sh line 71'
Thu Apr 27 03:26:58 2023 - ERROR - oe_test_sosreport_02.sh line 71
+ '[' 0 -eq 1 ']'
+ return 0
+ expect
spawn sosreport -k dnf.history
couldn't execute "sosreport": no such file or directory
    while executing
"spawn sosreport -k dnf.history"
++ date +%Y-%m-%d
+ grep sosreport-localhost-plugin-option-2023-04-27 sos_log14
+ CHECK_RESULT 1
+ actual_result=1
+ expect_result=0
+ mode=0
+ error_log=
+ exit_mode=0
+ '[' -z 1 ']'
+ '[' 0 -eq 0 ']'
+ test 1x '!=' 0x
+ test -n ''
+ (( exec_result++ ))
+ LOG_ERROR 'oe_test_sosreport_02.sh line 81'
+ message='oe_test_sosreport_02.sh line 81'
+ python3 /root/mugen/libs/locallibs/mugen_log.py --level error --message 'oe_test_sosreport_02.sh line 81'
Thu Apr 27 03:26:59 2023 - ERROR - oe_test_sosreport_02.sh line 81
+ '[' 0 -eq 1 ']'
+ return 0
+ expect
spawn sosreport --label test-label
couldn't execute "sosreport": no such file or directory
    while executing
"spawn sosreport --label test-label"
++ date +%Y-%m-%d
+ grep sosreport-localhost-test-label-2023-04-27 sos_log15
+ CHECK_RESULT 1
+ actual_result=1
+ expect_result=0
+ mode=0
+ error_log=
+ exit_mode=0
+ '[' -z 1 ']'
+ '[' 0 -eq 0 ']'
+ test 1x '!=' 0x
+ test -n ''
+ (( exec_result++ ))
+ LOG_ERROR 'oe_test_sosreport_02.sh line 91'
+ message='oe_test_sosreport_02.sh line 91'
+ python3 /root/mugen/libs/locallibs/mugen_log.py --level error --message 'oe_test_sosreport_02.sh line 91'
Thu Apr 27 03:27:00 2023 - ERROR - oe_test_sosreport_02.sh line 91
+ '[' 0 -eq 1 ']'
+ return 0
+ sosreport --list-presets
oe_test_sosreport_02.sh: line 92: sosreport: command not found
+ CHECK_RESULT 127
+ actual_result=127
+ expect_result=0
+ mode=0
+ error_log=
+ exit_mode=0
+ '[' -z 127 ']'
+ '[' 0 -eq 0 ']'
+ test 127x '!=' 0x
+ test -n ''
+ (( exec_result++ ))
+ LOG_ERROR 'oe_test_sosreport_02.sh line 93'
+ message='oe_test_sosreport_02.sh line 93'
+ python3 /root/mugen/libs/locallibs/mugen_log.py --level error --message 'oe_test_sosreport_02.sh line 93'
Thu Apr 27 03:27:01 2023 - ERROR - oe_test_sosreport_02.sh line 93
+ '[' 0 -eq 1 ']'
+ return 0
+ LOG_INFO 'End of the test.'
+ message='End of the test.'
+ python3 /root/mugen/libs/locallibs/mugen_log.py --level info --message 'End of the test.'
Thu Apr 27 03:27:02 2023 - INFO  - End of the test.
+ CASE_RESULT 0
+ case_re=0
+ test -z 8
+ test 8 -gt 0
+ LOG_ERROR 'failed to execute the case.'
+ message='failed to execute the case.'
+ python3 /root/mugen/libs/locallibs/mugen_log.py --level error --message 'failed to execute the case.'
Thu Apr 27 03:27:03 2023 - ERROR - failed to execute the case.
+ exit 8
+ post_test
+ LOG_INFO 'Start to restore the test environment.'
+ message='Start to restore the test environment.'
+ python3 /root/mugen/libs/locallibs/mugen_log.py --level info --message 'Start to restore the test environment.'
Thu Apr 27 03:27:04 2023 - INFO  - Start to restore the test environment.
++ ls
++ grep -v .sh
+ rm -rf sos_log10 sos_log12 sos_log13 sos_log14 sos_log15 sos_log9 '/var/tmp/sos*'
+ DNF_REMOVE
+ node=1
+ pkg_list=
+ mode=0
+ [[ -z '' ]]
+ [[ -z '' ]]
+ LOG_WARN 'no thing to do.'
+ message='no thing to do.'
+ python3 /root/mugen/libs/locallibs/mugen_log.py --level warn --message 'no thing to do.'
Thu Apr 27 03:27:05 2023 - WARN  - no thing to do.
+ return 0
+ LOG_INFO 'Finish restoring the test environment.'
+ message='Finish restoring the test environment.'
+ python3 /root/mugen/libs/locallibs/mugen_log.py --level info --message 'Finish restoring the test environment.'
Thu Apr 27 03:27:06 2023 - INFO  - Finish restoring the test environment.
