+ source /root/mugen/libs/locallibs/common_lib.sh
++ python3 --version
++ '[' 0 -eq 0 ']'
++ source /root/mugen/libs/locallibs/common_lib_python.sh
+ main
++ type -t post_test
+ '[' -n function ']'
+ trap post_test EXIT INT HUP TERM
+ rpm -qa
+ grep expect
++ type -t config_params
+ '[' -n '' ']'
++ type -t pre_test
+ '[' -n function ']'
+ pre_test
+ LOG_INFO 'Start to prepare the test environment.'
+ message='Start to prepare the test environment.'
+ python3 /root/mugen/libs/locallibs/mugen_log.py --level info --message 'Start to prepare the test environment.'
Thu Jun 22 23:26:32 2023 - INFO  - Start to prepare the test environment.
+ DNF_INSTALL itstool
+ pkgs=itstool
+ node=1
+ '[' -z '' ']'
+ tmpfile=
++ python3 /root/mugen/libs/locallibs/rpm_manage.py install --pkgs itstool --node 1 --tempfile ''
+ tmpfile2=/tmp/tmpmh15vwhb
+ '[' -z '' ']'
+ tmpfile=/tmp/tmpmh15vwhb
+ mkdir out
+ LOG_INFO 'End to prepare the test environment.'
+ message='End to prepare the test environment.'
+ python3 /root/mugen/libs/locallibs/mugen_log.py --level info --message 'End to prepare the test environment.'
Thu Jun 22 23:27:58 2023 - INFO  - End to prepare the test environment.
++ type -t run_test
+ '[' -n function ']'
+ run_test
+ LOG_INFO 'Start to run test.'
+ message='Start to run test.'
+ python3 /root/mugen/libs/locallibs/mugen_log.py --level info --message 'Start to run test.'
Thu Jun 22 23:28:00 2023 - INFO  - Start to run test.
+ itstool common/translate.xml
+ cat out/out-o.pot
+ grep 'content of value0'
msgid "content of value0"
+ CHECK_RESULT 0 0 0 'itstool > failed'
+ actual_result=0
+ expect_result=0
+ mode=0
+ error_log='itstool > failed'
+ exit_mode=0
+ '[' -z 0 ']'
+ '[' 0 -eq 0 ']'
+ test 0x '!=' 0x
+ return 0
+ itstool -j common/IT-join-1.xml common/IT-join-1-cs.mo common/IT-join-1-de.mo
Traceback (most recent call last):
  File "/usr/bin/itstool", line 1683, in <module>
    out.write(serialized)
TypeError: write() argument must be str, not bytes
+ CHECK_RESULT 1 0 0 'itstool -j failed'
+ actual_result=1
+ expect_result=0
+ mode=0
+ error_log='itstool -j failed'
+ exit_mode=0
+ '[' -z 1 ']'
+ '[' 0 -eq 0 ']'
+ test 1x '!=' 0x
+ test -n 'itstool -j failed'
+ LOG_ERROR 'itstool -j failed'
+ message='itstool -j failed'
+ python3 /root/mugen/libs/locallibs/mugen_log.py --level error --message 'itstool -j failed'
Thu Jun 22 23:28:08 2023 - ERROR - itstool -j failed
+ (( exec_result++ ))
+ LOG_ERROR 'oe_test_itstool_2.0.4.sh line 33'
+ message='oe_test_itstool_2.0.4.sh line 33'
+ python3 /root/mugen/libs/locallibs/mugen_log.py --level error --message 'oe_test_itstool_2.0.4.sh line 33'
Thu Jun 22 23:28:10 2023 - ERROR - oe_test_itstool_2.0.4.sh line 33
+ '[' 0 -eq 1 ']'
+ return 0
+ itstool --join=common/IT-join-1.xml common/IT-join-1-cs.mo common/IT-join-1-de.mo
Traceback (most recent call last):
  File "/usr/bin/itstool", line 1683, in <module>
    out.write(serialized)
TypeError: write() argument must be str, not bytes
+ CHECK_RESULT 1 0 0 'itstool --join failed'
+ actual_result=1
+ expect_result=0
+ mode=0
+ error_log='itstool --join failed'
+ exit_mode=0
+ '[' -z 1 ']'
+ '[' 0 -eq 0 ']'
+ test 1x '!=' 0x
+ test -n 'itstool --join failed'
+ LOG_ERROR 'itstool --join failed'
+ message='itstool --join failed'
+ python3 /root/mugen/libs/locallibs/mugen_log.py --level error --message 'itstool --join failed'
Thu Jun 22 23:28:14 2023 - ERROR - itstool --join failed
+ (( exec_result++ ))
+ LOG_ERROR 'oe_test_itstool_2.0.4.sh line 35'
+ message='oe_test_itstool_2.0.4.sh line 35'
+ python3 /root/mugen/libs/locallibs/mugen_log.py --level error --message 'oe_test_itstool_2.0.4.sh line 35'
Thu Jun 22 23:28:16 2023 - ERROR - oe_test_itstool_2.0.4.sh line 35
+ '[' 0 -eq 1 ']'
+ return 0
+ LOG_INFO 'End to run test.'
+ message='End to run test.'
+ python3 /root/mugen/libs/locallibs/mugen_log.py --level info --message 'End to run test.'
Thu Jun 22 23:28:17 2023 - INFO  - End to run test.
+ CASE_RESULT 0
+ case_re=0
+ test -z 2
+ test 2 -gt 0
+ LOG_ERROR 'failed to execute the case.'
+ message='failed to execute the case.'
+ python3 /root/mugen/libs/locallibs/mugen_log.py --level error --message 'failed to execute the case.'
Thu Jun 22 23:28:19 2023 - ERROR - failed to execute the case.
+ exit 2
+ post_test
+ LOG_INFO 'Start to restore the test environment.'
+ message='Start to restore the test environment.'
+ python3 /root/mugen/libs/locallibs/mugen_log.py --level info --message 'Start to restore the test environment.'
Thu Jun 22 23:28:20 2023 - INFO  - Start to restore the test environment.
+ rm -rf out
+ DNF_REMOVE
+ node=1
+ pkg_list=
+ mode=0
+ [[ -z /tmp/tmpmh15vwhb ]]
+ '[' 0 -ne 0 ']'
+ '[' 1 == 0 ']'
+ python3 /root/mugen/libs/locallibs/rpm_manage.py remove --node 1 --pkgs '' --tempfile /tmp/tmpmh15vwhb
+ '[' 0 -ne 0 ']'
+ LOG_INFO 'End to restore the test environment.'
+ message='End to restore the test environment.'
+ python3 /root/mugen/libs/locallibs/mugen_log.py --level info --message 'End to restore the test environment.'
Thu Jun 22 23:28:43 2023 - INFO  - End to restore the test environment.
