+ source /root/mugen-riscv/libs/locallibs/common_lib.sh
++ python3 --version
++ '[' 0 -eq 0 ']'
++ source /root/mugen-riscv/libs/locallibs/common_lib_python.sh
+ main
++ type -t post_test
+ '[' -n function ']'
+ trap post_test EXIT INT HUP TERM
+ rpm -qa
+ grep expect
++ type -t config_params
+ '[' -n '' ']'
++ type -t pre_test
+ '[' -n function ']'
+ pre_test
+ LOG_INFO 'Start to prepare the test environment.'
+ message='Start to prepare the test environment.'
+ python3 /root/mugen-riscv/libs/locallibs/mugen_log.py --level info --message 'Start to prepare the test environment.'
Mon Jun 26 11:34:22 2023 - INFO  - Start to prepare the test environment.
+ DNF_INSTALL 'meson tar gcc'
+ pkgs='meson tar gcc'
+ node=1
+ '[' -z '' ']'
+ tmpfile=
++ python3 /root/mugen-riscv/libs/locallibs/rpm_manage.py install --pkgs 'meson tar gcc' --node 1 --tempfile ''
+ tmpfile2='Last metadata expiration check: 0:38:25 ago on Mon 26 Jun 2023 10:56:41 AM UTC.
Package tar-2:1.34-4.oe2303.x86_64 is already installed.
Dependencies resolved.
================================================================================
 Package             Arch       Version                    Repository      Size
================================================================================
Installing:
 gcc                 x86_64     10.3.1-26.oe2303           OS              29 M
 meson               noarch     0.63.2-1.oe2303            everything     1.5 M
Installing dependencies:
 binutils            x86_64     2.37-14.oe2303             OS             5.4 M
 glibc-devel         x86_64     2.36-13.oe2303             OS             2.0 M
 kernel-headers      x86_64     6.1.19-7.0.0.17.oe2303     OS             1.5 M
 libxcrypt-devel     x86_64     4.4.33-1.oe2303            OS             105 k
 ninja-build         x86_64     1.11.1-1.oe2303            everything     154 k
 vim-filesystem      noarch     2:9.0-30.oe2303            OS              17 k

Transaction Summary
================================================================================
Install  8 Packages

Total download size: 39 M
Installed size: 130 M
Downloading Packages:
[MIRROR] binutils-2.37-14.oe2303.x86_64.rpm: Curl error (7): Couldn'\''t connect to server for http://repo.openeuler.org/openEuler-23.03/OS/x86_64/Packages/binutils-2.37-14.oe2303.x86_64.rpm [Failed to connect to repo.openeuler.org port 80 after 21387 ms: Couldn'\''t connect to server]
[MIRROR] gcc-10.3.1-26.oe2303.x86_64.rpm: Curl error (7): Couldn'\''t connect to server for http://repo.openeuler.org/openEuler-23.03/OS/x86_64/Packages/gcc-10.3.1-26.oe2303.x86_64.rpm [Failed to connect to repo.openeuler.org port 80 after 21381 ms: Couldn'\''t connect to server]
[MIRROR] glibc-devel-2.36-13.oe2303.x86_64.rpm: Curl error (7): Couldn'\''t connect to server for http://repo.openeuler.org/openEuler-23.03/OS/x86_64/Packages/glibc-devel-2.36-13.oe2303.x86_64.rpm [Failed to connect to repo.openeuler.org port 80 after 21379 ms: Couldn'\''t connect to server]
[MIRROR] binutils-2.37-14.oe2303.x86_64.rpm: Curl error (7): Couldn'\''t connect to server for http://repo.openeuler.org/openEuler-23.03/OS/x86_64/Packages/binutils-2.37-14.oe2303.x86_64.rpm [Failed to connect to repo.openeuler.org port 80 after 21303 ms: Couldn'\''t connect to server]
[MIRROR] gcc-10.3.1-26.oe2303.x86_64.rpm: Curl error (7): Couldn'\''t connect to server for http://repo.openeuler.org/openEuler-23.03/OS/x86_64/Packages/gcc-10.3.1-26.oe2303.x86_64.rpm [Failed to connect to repo.openeuler.org port 80 after 21302 ms: Couldn'\''t connect to server]
[MIRROR] glibc-devel-2.36-13.oe2303.x86_64.rpm: Curl error (7): Couldn'\''t connect to server for http://repo.openeuler.org/openEuler-23.03/OS/x86_64/Packages/glibc-devel-2.36-13.oe2303.x86_64.rpm [Failed to connect to repo.openeuler.org port 80 after 21301 ms: Couldn'\''t connect to server]
[FAILED] binutils-2.37-14.oe2303.x86_64.rpm: No more mirrors to try - All mirrors were already tried without success

The downloaded packages were saved in cache until the next successful transaction.
You can remove cached packages by executing '\''dnf clean packages'\''.
Error: Error downloading packages:
  binutils-2.37-14.oe2303.x86_64: Cannot download, all mirrors were already tried without success'
+ '[' -z '' ']'
+ tmpfile='Last metadata expiration check: 0:38:25 ago on Mon 26 Jun 2023 10:56:41 AM UTC.
Package tar-2:1.34-4.oe2303.x86_64 is already installed.
Dependencies resolved.
================================================================================
 Package             Arch       Version                    Repository      Size
================================================================================
Installing:
 gcc                 x86_64     10.3.1-26.oe2303           OS              29 M
 meson               noarch     0.63.2-1.oe2303            everything     1.5 M
Installing dependencies:
 binutils            x86_64     2.37-14.oe2303             OS             5.4 M
 glibc-devel         x86_64     2.36-13.oe2303             OS             2.0 M
 kernel-headers      x86_64     6.1.19-7.0.0.17.oe2303     OS             1.5 M
 libxcrypt-devel     x86_64     4.4.33-1.oe2303            OS             105 k
 ninja-build         x86_64     1.11.1-1.oe2303            everything     154 k
 vim-filesystem      noarch     2:9.0-30.oe2303            OS              17 k

Transaction Summary
================================================================================
Install  8 Packages

Total download size: 39 M
Installed size: 130 M
Downloading Packages:
[MIRROR] binutils-2.37-14.oe2303.x86_64.rpm: Curl error (7): Couldn'\''t connect to server for http://repo.openeuler.org/openEuler-23.03/OS/x86_64/Packages/binutils-2.37-14.oe2303.x86_64.rpm [Failed to connect to repo.openeuler.org port 80 after 21387 ms: Couldn'\''t connect to server]
[MIRROR] gcc-10.3.1-26.oe2303.x86_64.rpm: Curl error (7): Couldn'\''t connect to server for http://repo.openeuler.org/openEuler-23.03/OS/x86_64/Packages/gcc-10.3.1-26.oe2303.x86_64.rpm [Failed to connect to repo.openeuler.org port 80 after 21381 ms: Couldn'\''t connect to server]
[MIRROR] glibc-devel-2.36-13.oe2303.x86_64.rpm: Curl error (7): Couldn'\''t connect to server for http://repo.openeuler.org/openEuler-23.03/OS/x86_64/Packages/glibc-devel-2.36-13.oe2303.x86_64.rpm [Failed to connect to repo.openeuler.org port 80 after 21379 ms: Couldn'\''t connect to server]
[MIRROR] binutils-2.37-14.oe2303.x86_64.rpm: Curl error (7): Couldn'\''t connect to server for http://repo.openeuler.org/openEuler-23.03/OS/x86_64/Packages/binutils-2.37-14.oe2303.x86_64.rpm [Failed to connect to repo.openeuler.org port 80 after 21303 ms: Couldn'\''t connect to server]
[MIRROR] gcc-10.3.1-26.oe2303.x86_64.rpm: Curl error (7): Couldn'\''t connect to server for http://repo.openeuler.org/openEuler-23.03/OS/x86_64/Packages/gcc-10.3.1-26.oe2303.x86_64.rpm [Failed to connect to repo.openeuler.org port 80 after 21302 ms: Couldn'\''t connect to server]
[MIRROR] glibc-devel-2.36-13.oe2303.x86_64.rpm: Curl error (7): Couldn'\''t connect to server for http://repo.openeuler.org/openEuler-23.03/OS/x86_64/Packages/glibc-devel-2.36-13.oe2303.x86_64.rpm [Failed to connect to repo.openeuler.org port 80 after 21301 ms: Couldn'\''t connect to server]
[FAILED] binutils-2.37-14.oe2303.x86_64.rpm: No more mirrors to try - All mirrors were already tried without success

The downloaded packages were saved in cache until the next successful transaction.
You can remove cached packages by executing '\''dnf clean packages'\''.
Error: Error downloading packages:
  binutils-2.37-14.oe2303.x86_64: Cannot download, all mirrors were already tried without success'
+ tar -xvf common/0.59/soname.tgz
1 soname/
1 soname/meson.build
1 soname/builddir/
1 soname/builddir/.gitignore
1 soname/builddir/meson-logs/
1 soname/builddir/meson-logs/install-log.txt
1 soname/builddir/meson-logs/meson-log.txt
1 soname/builddir/libsoverset.so
1 soname/builddir/libbothset.so
1 soname/builddir/.ninja_deps
1 soname/builddir/libsoverset.so.1.2.3.p/
1 soname/builddir/libsoverset.so.1.2.3.p/versioned.c.o
1 soname/builddir/libbothset.so.4.5.6
1 soname/builddir/libverset.so.4
1 soname/builddir/meson-dist/
1 soname/builddir/libverset.so.4.5.6
1 soname/builddir/meson-info/
1 soname/builddir/meson-info/intro-tests.json
1 soname/builddir/meson-info/intro-buildoptions.json
1 soname/builddir/meson-info/intro-projectinfo.json
1 soname/builddir/meson-info/intro-dependencies.json
1 soname/builddir/meson-info/intro-buildsystem_files.json
1 soname/builddir/meson-info/meson-info.json
1 soname/builddir/meson-info/intro-installed.json
1 soname/builddir/meson-info/intro-targets.json
1 soname/builddir/meson-info/intro-benchmarks.json
1 soname/builddir/libverset.so
1 soname/builddir/meson-private/
1 soname/builddir/meson-private/sanitycheckc.exe
1 soname/builddir/meson-private/meson_benchmark_setup.dat
1 soname/builddir/meson-private/sanitycheckc.c
1 soname/builddir/meson-private/install.dat
1 soname/builddir/meson-private/meson.lock
1 soname/builddir/meson-private/coredata.dat
1 soname/builddir/meson-private/build.dat
1 soname/builddir/meson-private/meson_test_setup.dat
1 soname/builddir/meson-private/cmd_line.txt
1 soname/builddir/libverset.so.4.5.6.p/
1 soname/builddir/libverset.so.4.5.6.p/versioned.c.o
1 soname/builddir/libbothset.so.4.5.6.p/
1 soname/builddir/libbothset.so.4.5.6.p/versioned.c.o
1 soname/builddir/libsoverset.so.1.2.3
1 soname/builddir/libnover.so
1 soname/builddir/compile_commands.json
1 soname/builddir/.ninja_log
1 soname/builddir/libbothset.so.1.2.3
1 soname/builddir/.hgignore
1 soname/builddir/libsettosame.so
1 soname/builddir/libnover.so.p/
1 soname/builddir/libnover.so.p/versioned.c.o
1 soname/builddir/libsettosame.so.7.8.9.p/
1 soname/builddir/libsettosame.so.7.8.9.p/versioned.c.o
1 soname/builddir/libsettosame.so.7.8.9
1 soname/builddir/build.ninja
1 soname/versioned.c
1 soname/CMakeLists.txt
1 soname/.git/
1 soname/.git/index
1 soname/.git/refs/
1 soname/.git/refs/tags/
1 soname/.git/refs/heads/
1 soname/.git/refs/heads/master
1 soname/.git/config
1 soname/.git/branches/
1 soname/.git/info/
1 soname/.git/info/exclude
1 soname/.git/COMMIT_EDITMSG
1 soname/.git/objects/
1 soname/.git/objects/52/
1 soname/.git/objects/52/0de13817a7a509716573a5b23c8a67f87d6139
1 soname/.git/objects/f4/
1 soname/.git/objects/f4/8d2b0b8870a8ce578ac8f3ad22880f219a02e6
1 soname/.git/objects/9c/
1 soname/.git/objects/9c/b249e34d08dd035eb5b8b69273e57bff16afb4
1 soname/.git/objects/pack/
1 soname/.git/objects/info/
1 soname/.git/objects/c4/
1 soname/.git/objects/c4/f2e3eb93d8c11bcf90714c99b3fe7970d8d26f
1 soname/.git/objects/95/
1 soname/.git/objects/95/0dadc5dc9d54842d3219d09c4fd04aaa0b9c7f
1 soname/.git/description
1 soname/.git/logs/
1 soname/.git/logs/refs/
1 soname/.git/logs/refs/heads/
1 soname/.git/logs/refs/heads/master
1 soname/.git/logs/HEAD
1 soname/.git/hooks/
1 soname/.git/hooks/pre-receive.sample
1 soname/.git/hooks/fsmonitor-watchman.sample
1 soname/.git/hooks/pre-rebase.sample
1 soname/.git/hooks/push-to-checkout.sample
1 soname/.git/hooks/applypatch-msg.sample
1 soname/.git/hooks/prepare-commit-msg.sample
1 soname/.git/hooks/post-update.sample
1 soname/.git/hooks/pre-commit.sample
1 soname/.git/hooks/pre-applypatch.sample
1 soname/.git/hooks/commit-msg.sample
1 soname/.git/hooks/update.sample
1 soname/.git/hooks/pre-merge-commit.sample
1 soname/.git/hooks/pre-push.sample
1 soname/.git/HEAD
+ cd '1 soname'
+ LOG_INFO 'End to prepare the test environment.'
+ message='End to prepare the test environment.'
+ python3 /root/mugen-riscv/libs/locallibs/mugen_log.py --level info --message 'End to prepare the test environment.'
Mon Jun 26 11:35:54 2023 - INFO  - End to prepare the test environment.
++ type -t run_test
+ '[' -n function ']'
+ run_test
+ LOG_INFO 'Start testing...'
+ message='Start testing...'
+ python3 /root/mugen-riscv/libs/locallibs/mugen_log.py --level info --message 'Start testing...'
Mon Jun 26 11:35:55 2023 - INFO  - Start testing...
+ cd builddir
+ meson install --no-rebuild
+ grep 'Installing '
+ CHECK_RESULT 1 0 0 'meson-install --no-rebuild failed'
+ actual_result=1
+ expect_result=0
+ mode=0
+ error_log='meson-install --no-rebuild failed'
+ '[' -z 1 ']'
+ '[' 0 -eq 0 ']'
+ test 1x '!=' 0x
+ test -n 'meson-install --no-rebuild failed'
+ LOG_ERROR 'meson-install --no-rebuild failed'
+ message='meson-install --no-rebuild failed'
+ python3 /root/mugen-riscv/libs/locallibs/mugen_log.py --level error --message 'meson-install --no-rebuild failed'
Mon Jun 26 11:35:56 2023 - ERROR - meson-install --no-rebuild failed
+ (( exec_result++ ))
+ LOG_ERROR 'oe_test_meson_0.59_meson_10.sh line 34'
+ message='oe_test_meson_0.59_meson_10.sh line 34'
+ python3 /root/mugen-riscv/libs/locallibs/mugen_log.py --level error --message 'oe_test_meson_0.59_meson_10.sh line 34'
Mon Jun 26 11:35:57 2023 - ERROR - oe_test_meson_0.59_meson_10.sh line 34
+ return 0
+ meson install -C ./
+ grep ninja
+ CHECK_RESULT 1 0 0 'meson-install -C WD failed'
+ actual_result=1
+ expect_result=0
+ mode=0
+ error_log='meson-install -C WD failed'
+ '[' -z 1 ']'
+ '[' 0 -eq 0 ']'
+ test 1x '!=' 0x
+ test -n 'meson-install -C WD failed'
+ LOG_ERROR 'meson-install -C WD failed'
+ message='meson-install -C WD failed'
+ python3 /root/mugen-riscv/libs/locallibs/mugen_log.py --level error --message 'meson-install -C WD failed'
Mon Jun 26 11:35:59 2023 - ERROR - meson-install -C WD failed
+ (( exec_result++ ))
+ LOG_ERROR 'oe_test_meson_0.59_meson_10.sh line 36'
+ message='oe_test_meson_0.59_meson_10.sh line 36'
+ python3 /root/mugen-riscv/libs/locallibs/mugen_log.py --level error --message 'oe_test_meson_0.59_meson_10.sh line 36'
Mon Jun 26 11:36:01 2023 - ERROR - oe_test_meson_0.59_meson_10.sh line 36
+ return 0
+ meson install --help
+ grep 'usage: meson'
+ CHECK_RESULT 1 0 0 'meson-install --help failed'
+ actual_result=1
+ expect_result=0
+ mode=0
+ error_log='meson-install --help failed'
+ '[' -z 1 ']'
+ '[' 0 -eq 0 ']'
+ test 1x '!=' 0x
+ test -n 'meson-install --help failed'
+ LOG_ERROR 'meson-install --help failed'
+ message='meson-install --help failed'
+ python3 /root/mugen-riscv/libs/locallibs/mugen_log.py --level error --message 'meson-install --help failed'
Mon Jun 26 11:36:02 2023 - ERROR - meson-install --help failed
+ (( exec_result++ ))
+ LOG_ERROR 'oe_test_meson_0.59_meson_10.sh line 38'
+ message='oe_test_meson_0.59_meson_10.sh line 38'
+ python3 /root/mugen-riscv/libs/locallibs/mugen_log.py --level error --message 'oe_test_meson_0.59_meson_10.sh line 38'
Mon Jun 26 11:36:04 2023 - ERROR - oe_test_meson_0.59_meson_10.sh line 38
+ return 0
+ meson install -h
+ grep 'usage: meson'
+ CHECK_RESULT 1 0 0 'meson-install  -h failed'
+ actual_result=1
+ expect_result=0
+ mode=0
+ error_log='meson-install  -h failed'
+ '[' -z 1 ']'
+ '[' 0 -eq 0 ']'
+ test 1x '!=' 0x
+ test -n 'meson-install  -h failed'
+ LOG_ERROR 'meson-install  -h failed'
+ message='meson-install  -h failed'
+ python3 /root/mugen-riscv/libs/locallibs/mugen_log.py --level error --message 'meson-install  -h failed'
Mon Jun 26 11:36:05 2023 - ERROR - meson-install  -h failed
+ (( exec_result++ ))
+ LOG_ERROR 'oe_test_meson_0.59_meson_10.sh line 40'
+ message='oe_test_meson_0.59_meson_10.sh line 40'
+ python3 /root/mugen-riscv/libs/locallibs/mugen_log.py --level error --message 'oe_test_meson_0.59_meson_10.sh line 40'
Mon Jun 26 11:36:07 2023 - ERROR - oe_test_meson_0.59_meson_10.sh line 40
+ return 0
+ meson install --only-changed
+ grep ninja
+ CHECK_RESULT 1 0 0 'meson-install --only-changed failed'
+ actual_result=1
+ expect_result=0
+ mode=0
+ error_log='meson-install --only-changed failed'
+ '[' -z 1 ']'
+ '[' 0 -eq 0 ']'
+ test 1x '!=' 0x
+ test -n 'meson-install --only-changed failed'
+ LOG_ERROR 'meson-install --only-changed failed'
+ message='meson-install --only-changed failed'
+ python3 /root/mugen-riscv/libs/locallibs/mugen_log.py --level error --message 'meson-install --only-changed failed'
Mon Jun 26 11:36:08 2023 - ERROR - meson-install --only-changed failed
+ (( exec_result++ ))
+ LOG_ERROR 'oe_test_meson_0.59_meson_10.sh line 42'
+ message='oe_test_meson_0.59_meson_10.sh line 42'
+ python3 /root/mugen-riscv/libs/locallibs/mugen_log.py --level error --message 'oe_test_meson_0.59_meson_10.sh line 42'
Mon Jun 26 11:36:09 2023 - ERROR - oe_test_meson_0.59_meson_10.sh line 42
+ return 0
+ meson install --quiet
+ grep ninja
+ CHECK_RESULT 1 0 0 'meson-install --quiet failed'
+ actual_result=1
+ expect_result=0
+ mode=0
+ error_log='meson-install --quiet failed'
+ '[' -z 1 ']'
+ '[' 0 -eq 0 ']'
+ test 1x '!=' 0x
+ test -n 'meson-install --quiet failed'
+ LOG_ERROR 'meson-install --quiet failed'
+ message='meson-install --quiet failed'
+ python3 /root/mugen-riscv/libs/locallibs/mugen_log.py --level error --message 'meson-install --quiet failed'
Mon Jun 26 11:36:10 2023 - ERROR - meson-install --quiet failed
+ (( exec_result++ ))
+ LOG_ERROR 'oe_test_meson_0.59_meson_10.sh line 44'
+ message='oe_test_meson_0.59_meson_10.sh line 44'
+ python3 /root/mugen-riscv/libs/locallibs/mugen_log.py --level error --message 'oe_test_meson_0.59_meson_10.sh line 44'
Mon Jun 26 11:36:11 2023 - ERROR - oe_test_meson_0.59_meson_10.sh line 44
+ return 0
+ meson install --destdir /root
+ grep ninja
+ CHECK_RESULT 1 0 0 'meson-install --destdir DESTDIR failed'
+ actual_result=1
+ expect_result=0
+ mode=0
+ error_log='meson-install --destdir DESTDIR failed'
+ '[' -z 1 ']'
+ '[' 0 -eq 0 ']'
+ test 1x '!=' 0x
+ test -n 'meson-install --destdir DESTDIR failed'
+ LOG_ERROR 'meson-install --destdir DESTDIR failed'
+ message='meson-install --destdir DESTDIR failed'
+ python3 /root/mugen-riscv/libs/locallibs/mugen_log.py --level error --message 'meson-install --destdir DESTDIR failed'
Mon Jun 26 11:36:12 2023 - ERROR - meson-install --destdir DESTDIR failed
+ (( exec_result++ ))
+ LOG_ERROR 'oe_test_meson_0.59_meson_10.sh line 46'
+ message='oe_test_meson_0.59_meson_10.sh line 46'
+ python3 /root/mugen-riscv/libs/locallibs/mugen_log.py --level error --message 'oe_test_meson_0.59_meson_10.sh line 46'
Mon Jun 26 11:36:14 2023 - ERROR - oe_test_meson_0.59_meson_10.sh line 46
+ return 0
+ meson install -n
+ grep ninja
+ CHECK_RESULT 1 0 0 'meson-install -n failed'
+ actual_result=1
+ expect_result=0
+ mode=0
+ error_log='meson-install -n failed'
+ '[' -z 1 ']'
+ '[' 0 -eq 0 ']'
+ test 1x '!=' 0x
+ test -n 'meson-install -n failed'
+ LOG_ERROR 'meson-install -n failed'
+ message='meson-install -n failed'
+ python3 /root/mugen-riscv/libs/locallibs/mugen_log.py --level error --message 'meson-install -n failed'
Mon Jun 26 11:36:15 2023 - ERROR - meson-install -n failed
+ (( exec_result++ ))
+ LOG_ERROR 'oe_test_meson_0.59_meson_10.sh line 48'
+ message='oe_test_meson_0.59_meson_10.sh line 48'
+ python3 /root/mugen-riscv/libs/locallibs/mugen_log.py --level error --message 'oe_test_meson_0.59_meson_10.sh line 48'
Mon Jun 26 11:36:16 2023 - ERROR - oe_test_meson_0.59_meson_10.sh line 48
+ return 0
+ meson install --dry-run
+ grep libverset
+ CHECK_RESULT 1 0 0 'meson-install --dry-run failed'
+ actual_result=1
+ expect_result=0
+ mode=0
+ error_log='meson-install --dry-run failed'
+ '[' -z 1 ']'
+ '[' 0 -eq 0 ']'
+ test 1x '!=' 0x
+ test -n 'meson-install --dry-run failed'
+ LOG_ERROR 'meson-install --dry-run failed'
+ message='meson-install --dry-run failed'
+ python3 /root/mugen-riscv/libs/locallibs/mugen_log.py --level error --message 'meson-install --dry-run failed'
Mon Jun 26 11:36:17 2023 - ERROR - meson-install --dry-run failed
+ (( exec_result++ ))
+ LOG_ERROR 'oe_test_meson_0.59_meson_10.sh line 50'
+ message='oe_test_meson_0.59_meson_10.sh line 50'
+ python3 /root/mugen-riscv/libs/locallibs/mugen_log.py --level error --message 'oe_test_meson_0.59_meson_10.sh line 50'
Mon Jun 26 11:36:18 2023 - ERROR - oe_test_meson_0.59_meson_10.sh line 50
+ return 0
+ meson install --skip-subprojects
+ grep libnover
+ CHECK_RESULT 1 0 0 'meson-install --skip-subprojects failed'
+ actual_result=1
+ expect_result=0
+ mode=0
+ error_log='meson-install --skip-subprojects failed'
+ '[' -z 1 ']'
+ '[' 0 -eq 0 ']'
+ test 1x '!=' 0x
+ test -n 'meson-install --skip-subprojects failed'
+ LOG_ERROR 'meson-install --skip-subprojects failed'
+ message='meson-install --skip-subprojects failed'
+ python3 /root/mugen-riscv/libs/locallibs/mugen_log.py --level error --message 'meson-install --skip-subprojects failed'
Mon Jun 26 11:36:19 2023 - ERROR - meson-install --skip-subprojects failed
+ (( exec_result++ ))
+ LOG_ERROR 'oe_test_meson_0.59_meson_10.sh line 52'
+ message='oe_test_meson_0.59_meson_10.sh line 52'
+ python3 /root/mugen-riscv/libs/locallibs/mugen_log.py --level error --message 'oe_test_meson_0.59_meson_10.sh line 52'
Mon Jun 26 11:36:20 2023 - ERROR - oe_test_meson_0.59_meson_10.sh line 52
+ return 0
+ LOG_INFO 'Finish test!'
+ message='Finish test!'
+ python3 /root/mugen-riscv/libs/locallibs/mugen_log.py --level info --message 'Finish test!'
Mon Jun 26 11:36:21 2023 - INFO  - Finish test!
+ CASE_RESULT 0
+ case_re=0
+ test -z 10
+ test 10 -gt 0
+ LOG_ERROR 'failed to execute the case.'
+ message='failed to execute the case.'
+ python3 /root/mugen-riscv/libs/locallibs/mugen_log.py --level error --message 'failed to execute the case.'
Mon Jun 26 11:36:23 2023 - ERROR - failed to execute the case.
+ exit 10
+ post_test
+ LOG_INFO 'Start to restore the test environment.'
+ message='Start to restore the test environment.'
+ python3 /root/mugen-riscv/libs/locallibs/mugen_log.py --level info --message 'Start to restore the test environment.'
Mon Jun 26 11:36:23 2023 - INFO  - Start to restore the test environment.
+ rm -rf '../../1 soname'
+ DNF_REMOVE
+ node=1
+ pkg_list=
+ mode=0
+ [[ -z Last metadata expiration check: 0:38:25 ago on Mon 26 Jun 2023 10:56:41 AM UTC.
Package tar-2:1.34-4.oe2303.x86_64 is already installed.
Dependencies resolved.
================================================================================
 Package             Arch       Version                    Repository      Size
================================================================================
Installing:
 gcc                 x86_64     10.3.1-26.oe2303           OS              29 M
 meson               noarch     0.63.2-1.oe2303            everything     1.5 M
Installing dependencies:
 binutils            x86_64     2.37-14.oe2303             OS             5.4 M
 glibc-devel         x86_64     2.36-13.oe2303             OS             2.0 M
 kernel-headers      x86_64     6.1.19-7.0.0.17.oe2303     OS             1.5 M
 libxcrypt-devel     x86_64     4.4.33-1.oe2303            OS             105 k
 ninja-build         x86_64     1.11.1-1.oe2303            everything     154 k
 vim-filesystem      noarch     2:9.0-30.oe2303            OS              17 k

Transaction Summary
================================================================================
Install  8 Packages

Total download size: 39 M
Installed size: 130 M
Downloading Packages:
[MIRROR] binutils-2.37-14.oe2303.x86_64.rpm: Curl error (7): Couldn't connect to server for http://repo.openeuler.org/openEuler-23.03/OS/x86_64/Packages/binutils-2.37-14.oe2303.x86_64.rpm [Failed to connect to repo.openeuler.org port 80 after 21387 ms: Couldn't connect to server]
[MIRROR] gcc-10.3.1-26.oe2303.x86_64.rpm: Curl error (7): Couldn't connect to server for http://repo.openeuler.org/openEuler-23.03/OS/x86_64/Packages/gcc-10.3.1-26.oe2303.x86_64.rpm [Failed to connect to repo.openeuler.org port 80 after 21381 ms: Couldn't connect to server]
[MIRROR] glibc-devel-2.36-13.oe2303.x86_64.rpm: Curl error (7): Couldn't connect to server for http://repo.openeuler.org/openEuler-23.03/OS/x86_64/Packages/glibc-devel-2.36-13.oe2303.x86_64.rpm [Failed to connect to repo.openeuler.org port 80 after 21379 ms: Couldn't connect to server]
[MIRROR] binutils-2.37-14.oe2303.x86_64.rpm: Curl error (7): Couldn't connect to server for http://repo.openeuler.org/openEuler-23.03/OS/x86_64/Packages/binutils-2.37-14.oe2303.x86_64.rpm [Failed to connect to repo.openeuler.org port 80 after 21303 ms: Couldn't connect to server]
[MIRROR] gcc-10.3.1-26.oe2303.x86_64.rpm: Curl error (7): Couldn't connect to server for http://repo.openeuler.org/openEuler-23.03/OS/x86_64/Packages/gcc-10.3.1-26.oe2303.x86_64.rpm [Failed to connect to repo.openeuler.org port 80 after 21302 ms: Couldn't connect to server]
[MIRROR] glibc-devel-2.36-13.oe2303.x86_64.rpm: Curl error (7): Couldn't connect to server for http://repo.openeuler.org/openEuler-23.03/OS/x86_64/Packages/glibc-devel-2.36-13.oe2303.x86_64.rpm [Failed to connect to repo.openeuler.org port 80 after 21301 ms: Couldn't connect to server]
[FAILED] binutils-2.37-14.oe2303.x86_64.rpm: No more mirrors to try - All mirrors were already tried without success

The downloaded packages were saved in cache until the next successful transaction.
You can remove cached packages by executing 'dnf clean packages'.
Error: Error downloading packages:
  binutils-2.37-14.oe2303.x86_64: Cannot download, all mirrors were already tried without success ]]
+ '[' 0 -ne 0 ']'
+ '[' 1 == 0 ']'
+ python3 /root/mugen-riscv/libs/locallibs/rpm_manage.py remove --node 1 --pkgs '' --tempfile 'Last metadata expiration check: 0:38:25 ago on Mon 26 Jun 2023 10:56:41 AM UTC.
Package tar-2:1.34-4.oe2303.x86_64 is already installed.
Dependencies resolved.
================================================================================
 Package             Arch       Version                    Repository      Size
================================================================================
Installing:
 gcc                 x86_64     10.3.1-26.oe2303           OS              29 M
 meson               noarch     0.63.2-1.oe2303            everything     1.5 M
Installing dependencies:
 binutils            x86_64     2.37-14.oe2303             OS             5.4 M
 glibc-devel         x86_64     2.36-13.oe2303             OS             2.0 M
 kernel-headers      x86_64     6.1.19-7.0.0.17.oe2303     OS             1.5 M
 libxcrypt-devel     x86_64     4.4.33-1.oe2303            OS             105 k
 ninja-build         x86_64     1.11.1-1.oe2303            everything     154 k
 vim-filesystem      noarch     2:9.0-30.oe2303            OS              17 k

Transaction Summary
================================================================================
Install  8 Packages

Total download size: 39 M
Installed size: 130 M
Downloading Packages:
[MIRROR] binutils-2.37-14.oe2303.x86_64.rpm: Curl error (7): Couldn'\''t connect to server for http://repo.openeuler.org/openEuler-23.03/OS/x86_64/Packages/binutils-2.37-14.oe2303.x86_64.rpm [Failed to connect to repo.openeuler.org port 80 after 21387 ms: Couldn'\''t connect to server]
[MIRROR] gcc-10.3.1-26.oe2303.x86_64.rpm: Curl error (7): Couldn'\''t connect to server for http://repo.openeuler.org/openEuler-23.03/OS/x86_64/Packages/gcc-10.3.1-26.oe2303.x86_64.rpm [Failed to connect to repo.openeuler.org port 80 after 21381 ms: Couldn'\''t connect to server]
[MIRROR] glibc-devel-2.36-13.oe2303.x86_64.rpm: Curl error (7): Couldn'\''t connect to server for http://repo.openeuler.org/openEuler-23.03/OS/x86_64/Packages/glibc-devel-2.36-13.oe2303.x86_64.rpm [Failed to connect to repo.openeuler.org port 80 after 21379 ms: Couldn'\''t connect to server]
[MIRROR] binutils-2.37-14.oe2303.x86_64.rpm: Curl error (7): Couldn'\''t connect to server for http://repo.openeuler.org/openEuler-23.03/OS/x86_64/Packages/binutils-2.37-14.oe2303.x86_64.rpm [Failed to connect to repo.openeuler.org port 80 after 21303 ms: Couldn'\''t connect to server]
[MIRROR] gcc-10.3.1-26.oe2303.x86_64.rpm: Curl error (7): Couldn'\''t connect to server for http://repo.openeuler.org/openEuler-23.03/OS/x86_64/Packages/gcc-10.3.1-26.oe2303.x86_64.rpm [Failed to connect to repo.openeuler.org port 80 after 21302 ms: Couldn'\''t connect to server]
[MIRROR] glibc-devel-2.36-13.oe2303.x86_64.rpm: Curl error (7): Couldn'\''t connect to server for http://repo.openeuler.org/openEuler-23.03/OS/x86_64/Packages/glibc-devel-2.36-13.oe2303.x86_64.rpm [Failed to connect to repo.openeuler.org port 80 after 21301 ms: Couldn'\''t connect to server]
[FAILED] binutils-2.37-14.oe2303.x86_64.rpm: No more mirrors to try - All mirrors were already tried without success

The downloaded packages were saved in cache until the next successful transaction.
You can remove cached packages by executing '\''dnf clean packages'\''.
Error: Error downloading packages:
  binutils-2.37-14.oe2303.x86_64: Cannot download, all mirrors were already tried without success'
Traceback (most recent call last):
  File "/root/mugen-riscv/libs/locallibs/rpm_manage.py", line 181, in <module>
    exitcode = rpm_remove(args.node, args.pkgs, args.tempfile)
  File "/root/mugen-riscv/libs/locallibs/rpm_manage.py", line 152, in rpm_remove
    with open(tmpfile, "r") as f:
FileNotFoundError: [Errno 2] No such file or directory: "Last metadata expiration check: 0:38:25 ago on Mon 26 Jun 2023 10:56:41 AM UTC.\nPackage tar-2:1.34-4.oe2303.x86_64 is already installed.\nDependencies resolved.\n================================================================================\n Package             Arch       Version                    Repository      Size\n================================================================================\nInstalling:\n gcc                 x86_64     10.3.1-26.oe2303           OS              29 M\n meson               noarch     0.63.2-1.oe2303            everything     1.5 M\nInstalling dependencies:\n binutils            x86_64     2.37-14.oe2303             OS             5.4 M\n glibc-devel         x86_64     2.36-13.oe2303             OS             2.0 M\n kernel-headers      x86_64     6.1.19-7.0.0.17.oe2303     OS             1.5 M\n libxcrypt-devel     x86_64     4.4.33-1.oe2303            OS             105 k\n ninja-build         x86_64     1.11.1-1.oe2303            everything     154 k\n vim-filesystem      noarch     2:9.0-30.oe2303            OS              17 k\n\nTransaction Summary\n================================================================================\nInstall  8 Packages\n\nTotal download size: 39 M\nInstalled size: 130 M\nDownloading Packages:\n[MIRROR] binutils-2.37-14.oe2303.x86_64.rpm: Curl error (7): Couldn't connect to server for http://repo.openeuler.org/openEuler-23.03/OS/x86_64/Packages/binutils-2.37-14.oe2303.x86_64.rpm [Failed to connect to repo.openeuler.org port 80 after 21387 ms: Couldn't connect to server]\n[MIRROR] gcc-10.3.1-26.oe2303.x86_64.rpm: Curl error (7): Couldn't connect to server for http://repo.openeuler.org/openEuler-23.03/OS/x86_64/Packages/gcc-10.3.1-26.oe2303.x86_64.rpm [Failed to connect to repo.openeuler.org port 80 after 21381 ms: Couldn't connect to server]\n[MIRROR] glibc-devel-2.36-13.oe2303.x86_64.rpm: Curl error (7): Couldn't connect to server for http://repo.openeuler.org/openEuler-23.03/OS/x86_64/Packages/glibc-devel-2.36-13.oe2303.x86_64.rpm [Failed to connect to repo.openeuler.org port 80 after 21379 ms: Couldn't connect to server]\n[MIRROR] binutils-2.37-14.oe2303.x86_64.rpm: Curl error (7): Couldn't connect to server for http://repo.openeuler.org/openEuler-23.03/OS/x86_64/Packages/binutils-2.37-14.oe2303.x86_64.rpm [Failed to connect to repo.openeuler.org port 80 after 21303 ms: Couldn't connect to server]\n[MIRROR] gcc-10.3.1-26.oe2303.x86_64.rpm: Curl error (7): Couldn't connect to server for http://repo.openeuler.org/openEuler-23.03/OS/x86_64/Packages/gcc-10.3.1-26.oe2303.x86_64.rpm [Failed to connect to repo.openeuler.org port 80 after 21302 ms: Couldn't connect to server]\n[MIRROR] glibc-devel-2.36-13.oe2303.x86_64.rpm: Curl error (7): Couldn't connect to server for http://repo.openeuler.org/openEuler-23.03/OS/x86_64/Packages/glibc-devel-2.36-13.oe2303.x86_64.rpm [Failed to connect to repo.openeuler.org port 80 after 21301 ms: Couldn't connect to server]\n[FAILED] binutils-2.37-14.oe2303.x86_64.rpm: No more mirrors to try - All mirrors were already tried without success\n\nThe downloaded packages were saved in cache until the next successful transaction.\nYou can remove cached packages by executing 'dnf clean packages'.\nError: Error downloading packages:\n  binutils-2.37-14.oe2303.x86_64: Cannot download, all mirrors were already tried without success"
+ '[' 0 -ne 0 ']'
+ LOG_INFO 'End to restore the test environment.'
+ message='End to restore the test environment.'
+ python3 /root/mugen-riscv/libs/locallibs/mugen_log.py --level info --message 'End to restore the test environment.'
Mon Jun 26 11:36:28 2023 - INFO  - End to restore the test environment.
